TN:
SF:src/index.ts
FN:44,(anonymous_4)
FNF:1
FNH:0
FNDA:0,(anonymous_4)
DA:1,0
DA:2,0
DA:3,0
DA:4,0
DA:5,0
DA:6,0
DA:7,0
DA:8,0
DA:9,0
DA:10,0
DA:11,0
DA:12,0
DA:13,0
DA:14,0
DA:15,0
DA:16,0
DA:17,0
DA:18,0
DA:19,0
DA:20,0
DA:21,0
DA:22,0
DA:23,0
DA:24,0
DA:25,0
DA:26,0
DA:27,0
DA:28,0
DA:29,0
DA:30,0
DA:31,0
DA:32,0
DA:33,0
DA:34,0
DA:35,0
DA:36,0
DA:37,0
DA:38,0
DA:39,0
DA:40,0
DA:41,0
DA:42,0
DA:43,0
DA:44,0
LF:44
LH:0
BRF:0
BRH:0
end_of_record
TN:
SF:src/blockchain/blockchain-stats.ts
FN:227,(anonymous_10)
FN:232,(anonymous_11)
FN:240,(anonymous_12)
FN:244,(anonymous_13)
FN:266,(anonymous_14)
FN:295,(anonymous_15)
FN:296,(anonymous_16)
FN:338,(anonymous_17)
FN:348,(anonymous_18)
FN:353,(anonymous_19)
FN:354,(anonymous_20)
FN:357,(anonymous_21)
FN:366,(anonymous_22)
FN:373,(anonymous_23)
FN:399,(anonymous_24)
FN:414,(anonymous_25)
FN:426,(anonymous_26)
FN:427,(anonymous_27)
FN:447,(anonymous_28)
FN:453,(anonymous_29)
FN:455,(anonymous_30)
FN:460,(anonymous_31)
FN:490,(anonymous_32)
FN:496,(anonymous_33)
FN:523,(anonymous_34)
FN:524,(anonymous_35)
FN:534,(anonymous_36)
FN:543,(anonymous_37)
FN:587,(anonymous_38)
FN:591,(anonymous_39)
FN:595,(anonymous_40)
FN:610,(anonymous_41)
FN:616,(anonymous_42)
FN:618,(anonymous_43)
FN:623,(anonymous_44)
FN:642,(anonymous_45)
FN:650,(anonymous_46)
FN:653,(anonymous_47)
FN:668,(anonymous_48)
FN:674,(anonymous_49)
FN:685,(anonymous_50)
FN:745,(anonymous_51)
FN:751,(anonymous_52)
FN:772,(anonymous_53)
FN:814,(anonymous_54)
FN:830,(anonymous_55)
FN:875,(anonymous_56)
FN:876,(anonymous_57)
FN:877,(anonymous_58)
FN:879,(anonymous_59)
FN:896,(anonymous_60)
FN:903,(anonymous_61)
FN:922,(anonymous_62)
FN:935,(anonymous_63)
FN:936,(anonymous_64)
FN:938,(anonymous_65)
FN:944,(anonymous_66)
FN:945,(anonymous_67)
FN:954,(anonymous_68)
FN:961,(anonymous_69)
FN:963,(anonymous_70)
FN:964,(anonymous_71)
FN:991,(anonymous_72)
FN:993,(anonymous_73)
FN:994,(anonymous_74)
FN:1034,(anonymous_75)
FN:1035,(anonymous_76)
FNF:67
FNH:58
FNDA:24,(anonymous_10)
FNDA:0,(anonymous_11)
FNDA:24,(anonymous_12)
FNDA:0,(anonymous_13)
FNDA:33,(anonymous_14)
FNDA:31,(anonymous_15)
FNDA:55,(anonymous_16)
FNDA:55,(anonymous_17)
FNDA:31,(anonymous_18)
FNDA:31,(anonymous_19)
FNDA:0,(anonymous_20)
FNDA:31,(anonymous_21)
FNDA:18,(anonymous_22)
FNDA:38,(anonymous_23)
FNDA:40,(anonymous_24)
FNDA:35,(anonymous_25)
FNDA:2,(anonymous_26)
FNDA:2,(anonymous_27)
FNDA:1,(anonymous_28)
FNDA:1,(anonymous_29)
FNDA:100,(anonymous_30)
FNDA:99,(anonymous_31)
FNDA:2,(anonymous_32)
FNDA:2,(anonymous_33)
FNDA:4,(anonymous_34)
FNDA:4,(anonymous_35)
FNDA:40,(anonymous_36)
FNDA:21,(anonymous_37)
FNDA:2,(anonymous_38)
FNDA:2,(anonymous_39)
FNDA:2,(anonymous_40)
FNDA:2,(anonymous_41)
FNDA:2,(anonymous_42)
FNDA:100,(anonymous_43)
FNDA:100,(anonymous_44)
FNDA:50,(anonymous_45)
FNDA:1,(anonymous_46)
FNDA:49,(anonymous_47)
FNDA:3,(anonymous_48)
FNDA:5,(anonymous_49)
FNDA:3,(anonymous_50)
FNDA:3,(anonymous_51)
FNDA:2,(anonymous_52)
FNDA:2,(anonymous_53)
FNDA:2,(anonymous_54)
FNDA:32,(anonymous_55)
FNDA:24,(anonymous_56)
FNDA:0,(anonymous_57)
FNDA:0,(anonymous_58)
FNDA:0,(anonymous_59)
FNDA:26,(anonymous_60)
FNDA:0,(anonymous_61)
FNDA:0,(anonymous_62)
FNDA:2,(anonymous_63)
FNDA:2,(anonymous_64)
FNDA:22,(anonymous_65)
FNDA:11,(anonymous_66)
FNDA:10,(anonymous_67)
FNDA:259,(anonymous_68)
FNDA:57,(anonymous_69)
FNDA:57,(anonymous_70)
FNDA:57,(anonymous_71)
FNDA:24,(anonymous_72)
FNDA:24,(anonymous_73)
FNDA:24,(anonymous_74)
FNDA:24,(anonymous_75)
FNDA:0,(anonymous_76)
DA:161,5
DA:162,5
DA:163,5
DA:164,5
DA:165,5
DA:167,5
DA:169,5
DA:198,5
DA:200,24
DA:204,24
DA:206,24
DA:214,24
DA:216,24
DA:217,24
DA:218,24
DA:219,24
DA:221,24
DA:228,24
DA:229,24
DA:230,24
DA:231,24
DA:232,24
DA:233,0
DA:241,24
DA:242,24
DA:244,0
DA:246,24
DA:250,24
DA:254,24
DA:270,33
DA:271,33
DA:272,33
DA:273,33
DA:274,33
DA:277,33
DA:278,33
DA:279,11
DA:282,33
DA:283,0
DA:284,0
DA:286,33
DA:288,33
DA:292,1
DA:295,32
DA:296,55
DA:298,19
DA:300,19
DA:304,19
DA:308,19
DA:313,19
DA:314,19
DA:316,13
DA:322,13
DA:324,33
DA:338,5
DA:339,55
DA:353,31
DA:354,31
DA:356,31
DA:357,31
DA:373,18
DA:374,38
DA:375,35
DA:377,5
DA:382,5
DA:385,5
DA:400,40
DA:401,40
DA:402,3
DA:407,37
DA:415,35
DA:416,5
DA:417,0
DA:419,5
DA:427,2
DA:428,2
DA:429,2
DA:430,2
DA:431,1
DA:437,1
DA:438,1
DA:440,1
DA:441,1
DA:444,1
DA:447,1
DA:452,1
DA:454,1
DA:456,100
DA:460,1
DA:461,99
DA:466,0
DA:472,1
DA:474,1
DA:475,1
DA:481,1
DA:496,2
DA:497,2
DA:498,2
DA:499,2
DA:501,2
DA:508,0
DA:509,0
DA:524,4
DA:525,4
DA:526,4
DA:527,4
DA:528,0
DA:534,4
DA:535,40
DA:538,4
DA:539,1
DA:540,1
DA:543,3
DA:544,21
DA:545,1
DA:550,20
DA:553,2
DA:554,2
DA:556,2
DA:557,18
DA:558,18
DA:559,0
DA:560,0
DA:564,2
DA:565,2
DA:566,2
DA:569,0
DA:571,1
DA:572,1
DA:578,1
DA:591,2
DA:592,2
DA:593,2
DA:596,2
DA:601,2
DA:602,2
DA:606,2
DA:609,2
DA:610,2
DA:615,2
DA:617,2
DA:619,100
DA:623,2
DA:624,100
DA:626,50
DA:627,50
DA:631,50
DA:638,2
DA:639,1
DA:642,50
DA:643,1
DA:644,1
DA:646,1
DA:651,1
DA:653,49
DA:654,1
DA:655,1
DA:657,1
DA:660,0
DA:674,3
DA:675,5
DA:676,5
DA:677,5
DA:678,3
DA:684,2
DA:686,3
DA:687,0
DA:692,3
DA:701,2
DA:709,2
DA:713,2
DA:717,2
DA:722,2
DA:724,3
DA:725,3
DA:731,3
DA:746,3
DA:748,3
DA:751,3
DA:752,2
DA:755,3
DA:757,0
DA:758,0
DA:764,0
DA:773,2
DA:774,2
DA:775,2
DA:776,1
DA:779,1
DA:780,1
DA:783,1
DA:784,0
DA:785,0
DA:789,1
DA:793,1
DA:794,1
DA:800,1
DA:819,2
DA:820,0
DA:834,32
DA:840,32
DA:841,2
DA:842,2
DA:843,1
DA:845,1
DA:848,31
DA:849,31
DA:850,19
DA:851,19
DA:852,19
DA:853,19
DA:855,0
DA:857,19
DA:859,12
DA:860,12
DA:861,12
DA:862,12
DA:863,12
DA:864,12
DA:866,0
DA:871,12
DA:876,24
DA:877,0
DA:878,0
DA:879,0
DA:880,0
DA:881,0
DA:882,0
DA:885,0
DA:897,26
DA:898,26
DA:900,26
DA:901,26
DA:903,26
DA:904,0
DA:909,26
DA:910,26
DA:911,26
DA:912,26
DA:913,26
DA:924,0
DA:925,0
DA:929,0
DA:936,2
DA:937,2
DA:938,2
DA:939,22
DA:942,2
DA:944,11
DA:945,10
DA:946,1
DA:948,0
DA:949,0
DA:955,259
DA:956,0
DA:958,259
DA:962,57
DA:963,114
DA:964,114
DA:966,57
DA:971,57
DA:976,57
DA:977,57
DA:979,35
DA:981,22
DA:982,22
DA:992,24
DA:993,48
DA:994,48
DA:996,24
DA:1001,24
DA:1002,23
DA:1005,0
DA:1010,0
DA:1014,0
DA:1016,0
DA:1018,24
DA:1023,24
DA:1024,24
DA:1035,24
DA:1036,0
DA:1037,0
DA:1039,0
LF:283
LH:240
BRDA:278,0,0,11
BRDA:282,1,0,0
BRDA:284,2,0,0
BRDA:288,3,0,1
BRDA:289,4,0,33
BRDA:289,4,1,1
BRDA:350,5,0,31
BRDA:401,6,0,3
BRDA:416,7,0,0
BRDA:430,8,0,1
BRDA:438,9,0,0
BRDA:461,10,0,0
BRDA:462,11,0,99
BRDA:462,11,1,99
BRDA:462,11,2,99
BRDA:479,12,0,1
BRDA:479,12,1,0
BRDA:502,13,0,2
BRDA:502,13,1,1
BRDA:503,14,0,2
BRDA:503,14,1,1
BRDA:504,15,0,2
BRDA:504,15,1,1
BRDA:505,16,0,2
BRDA:505,16,1,1
BRDA:527,17,0,0
BRDA:538,18,0,1
BRDA:544,19,0,1
BRDA:558,20,0,0
BRDA:564,21,0,2
BRDA:576,22,0,1
BRDA:576,22,1,0
BRDA:596,23,0,2
BRDA:596,23,1,2
BRDA:597,24,0,2
BRDA:597,24,1,0
BRDA:624,25,0,50
BRDA:627,26,0,50
BRDA:628,27,0,50
BRDA:628,27,1,50
BRDA:638,28,0,1
BRDA:651,29,0,0
BRDA:655,30,0,1
BRDA:655,30,1,0
BRDA:677,31,0,3
BRDA:677,32,0,5
BRDA:677,32,1,5
BRDA:686,33,0,0
BRDA:729,34,0,3
BRDA:729,34,1,0
BRDA:752,35,0,2
BRDA:752,35,1,0
BRDA:762,36,0,0
BRDA:762,36,1,0
BRDA:775,37,0,1
BRDA:783,38,0,0
BRDA:798,39,0,1
BRDA:798,39,1,0
BRDA:819,40,0,0
BRDA:834,41,0,32
BRDA:834,41,1,22
BRDA:840,42,0,2
BRDA:842,43,0,1
BRDA:880,44,0,0
BRDA:897,45,0,26
BRDA:900,46,0,26
BRDA:924,47,0,0
BRDA:924,47,1,0
BRDA:942,48,0,1
BRDA:945,49,0,10
BRDA:945,49,1,0
BRDA:945,50,0,10
BRDA:945,50,1,0
BRDA:955,51,0,0
BRDA:986,52,0,22
BRDA:986,52,1,0
BRDA:1005,53,0,0
BRDA:1006,54,0,0
BRDA:1006,54,1,0
BRDA:1006,54,2,0
BRDA:1018,55,0,24
BRDA:1019,56,0,24
BRDA:1019,56,1,24
BRDA:1028,57,0,24
BRDA:1028,57,1,0
BRF:85
BRH:53
end_of_record
TN:
SF:src/blockchain/blockchain.ts
FN:342,(anonymous_1)
FN:295,(anonymous_2)
FN:317,(anonymous_3)
FN:396,(anonymous_4)
FN:397,(anonymous_5)
FN:400,(anonymous_6)
FN:403,(anonymous_7)
FN:436,(anonymous_8)
FN:479,(anonymous_9)
FN:483,(anonymous_10)
FN:500,(anonymous_11)
FN:559,(anonymous_12)
FN:589,(anonymous_13)
FN:590,(anonymous_14)
FN:591,(anonymous_15)
FN:592,(anonymous_16)
FN:639,(anonymous_17)
FN:650,(anonymous_18)
FN:652,(anonymous_19)
FN:653,(anonymous_20)
FN:663,(anonymous_21)
FN:674,(anonymous_22)
FN:710,(anonymous_23)
FN:716,(anonymous_24)
FN:723,(anonymous_25)
FN:724,(anonymous_26)
FN:746,(anonymous_27)
FN:780,(anonymous_28)
FN:803,(anonymous_29)
FN:819,(anonymous_30)
FN:842,(anonymous_31)
FN:850,(anonymous_32)
FN:884,(anonymous_33)
FN:913,(anonymous_34)
FN:929,(anonymous_35)
FN:961,(anonymous_36)
FN:1005,(anonymous_37)
FN:1024,(anonymous_38)
FN:1037,(anonymous_39)
FN:1051,(anonymous_40)
FN:1055,(anonymous_41)
FN:1059,(anonymous_42)
FN:1070,(anonymous_43)
FN:1084,(anonymous_44)
FN:1093,(anonymous_45)
FN:1095,(anonymous_46)
FN:1102,(anonymous_47)
FN:1113,(anonymous_48)
FN:1129,(anonymous_49)
FN:1133,(anonymous_50)
FN:1143,(anonymous_51)
FN:1147,(anonymous_52)
FN:1152,(anonymous_53)
FN:1153,(anonymous_54)
FN:1178,(anonymous_55)
FN:1218,(anonymous_56)
FN:1219,(anonymous_57)
FN:1232,(anonymous_58)
FN:1246,(anonymous_59)
FN:1292,(anonymous_60)
FN:1301,(anonymous_61)
FN:1303,(anonymous_62)
FN:1311,(anonymous_63)
FN:1573,(anonymous_64)
FN:1579,(anonymous_65)
FN:1593,(anonymous_66)
FN:1636,(anonymous_67)
FN:1654,(anonymous_68)
FN:1675,(anonymous_69)
FN:1676,(anonymous_70)
FN:1690,(anonymous_71)
FN:1696,(anonymous_72)
FN:1708,(anonymous_73)
FN:1718,(anonymous_74)
FN:1731,(anonymous_75)
FN:1739,(anonymous_76)
FN:1750,(anonymous_77)
FN:1758,(anonymous_78)
FN:1773,(anonymous_79)
FN:1774,(anonymous_80)
FN:1803,(anonymous_81)
FN:1817,(anonymous_82)
FN:1832,(anonymous_83)
FN:1834,(anonymous_84)
FN:1836,(anonymous_85)
FN:1870,(anonymous_86)
FN:1875,(anonymous_87)
FN:1891,(anonymous_88)
FN:1895,(anonymous_89)
FN:1902,(anonymous_90)
FN:1902,(anonymous_91)
FN:1912,(anonymous_92)
FN:1916,(anonymous_93)
FN:1926,(anonymous_94)
FN:1949,(anonymous_95)
FN:1950,(anonymous_96)
FN:1963,(anonymous_97)
FN:1964,(anonymous_98)
FN:1993,(anonymous_99)
FN:1999,(anonymous_100)
FN:2000,(anonymous_101)
FN:2005,(anonymous_102)
FN:2007,(anonymous_103)
FN:2016,(anonymous_104)
FN:2017,(anonymous_105)
FN:2030,(anonymous_106)
FN:2061,(anonymous_107)
FN:2083,(anonymous_108)
FN:2099,(anonymous_109)
FN:2108,(anonymous_110)
FN:2117,(anonymous_111)
FN:2119,(anonymous_112)
FN:2137,(anonymous_113)
FN:2154,(anonymous_114)
FN:2155,(anonymous_115)
FN:2173,(anonymous_116)
FN:2182,(anonymous_117)
FN:2194,(anonymous_118)
FN:2239,(anonymous_119)
FN:2244,(anonymous_120)
FN:2248,(anonymous_121)
FN:2271,(anonymous_122)
FN:2293,(anonymous_123)
FN:2300,(anonymous_124)
FN:2322,(anonymous_125)
FN:2359,(anonymous_126)
FN:2360,(anonymous_127)
FN:2372,(anonymous_128)
FN:2381,(anonymous_129)
FN:2396,(anonymous_130)
FN:2405,(anonymous_131)
FN:2415,(anonymous_132)
FN:2432,(anonymous_133)
FN:2433,(anonymous_134)
FN:2448,(anonymous_135)
FN:2463,(anonymous_136)
FN:2464,(anonymous_137)
FN:2474,(anonymous_138)
FN:2484,(anonymous_139)
FN:2485,(anonymous_140)
FN:2500,(anonymous_141)
FN:2513,(anonymous_142)
FN:2551,(anonymous_143)
FN:2555,(anonymous_144)
FN:2559,(anonymous_145)
FN:2562,(anonymous_146)
FN:2566,(anonymous_147)
FN:2570,(anonymous_148)
FN:2582,(anonymous_149)
FN:2584,(anonymous_150)
FN:2591,(anonymous_151)
FN:2623,(anonymous_152)
FN:2627,(anonymous_153)
FN:2638,(anonymous_154)
FN:2662,(anonymous_155)
FN:2712,(anonymous_156)
FN:2740,(anonymous_157)
FN:2746,(anonymous_158)
FN:2756,(anonymous_159)
FN:2760,(anonymous_160)
FN:2765,(anonymous_161)
FN:2769,(anonymous_162)
FN:2793,(anonymous_163)
FN:2797,(anonymous_164)
FN:2804,(anonymous_165)
FN:2812,(anonymous_166)
FN:2821,(anonymous_167)
FN:2843,(anonymous_168)
FN:2847,(anonymous_169)
FN:2848,(anonymous_170)
FN:2851,(anonymous_171)
FN:2857,(anonymous_172)
FN:2865,(anonymous_173)
FN:2869,(anonymous_174)
FN:2876,(anonymous_175)
FN:2881,(anonymous_176)
FN:2889,(anonymous_177)
FNF:177
FNH:0
FNDA:0,(anonymous_1)
FNDA:0,(anonymous_2)
FNDA:0,(anonymous_3)
FNDA:0,(anonymous_4)
FNDA:0,(anonymous_5)
FNDA:0,(anonymous_6)
FNDA:0,(anonymous_7)
FNDA:0,(anonymous_8)
FNDA:0,(anonymous_9)
FNDA:0,(anonymous_10)
FNDA:0,(anonymous_11)
FNDA:0,(anonymous_12)
FNDA:0,(anonymous_13)
FNDA:0,(anonymous_14)
FNDA:0,(anonymous_15)
FNDA:0,(anonymous_16)
FNDA:0,(anonymous_17)
FNDA:0,(anonymous_18)
FNDA:0,(anonymous_19)
FNDA:0,(anonymous_20)
FNDA:0,(anonymous_21)
FNDA:0,(anonymous_22)
FNDA:0,(anonymous_23)
FNDA:0,(anonymous_24)
FNDA:0,(anonymous_25)
FNDA:0,(anonymous_26)
FNDA:0,(anonymous_27)
FNDA:0,(anonymous_28)
FNDA:0,(anonymous_29)
FNDA:0,(anonymous_30)
FNDA:0,(anonymous_31)
FNDA:0,(anonymous_32)
FNDA:0,(anonymous_33)
FNDA:0,(anonymous_34)
FNDA:0,(anonymous_35)
FNDA:0,(anonymous_36)
FNDA:0,(anonymous_37)
FNDA:0,(anonymous_38)
FNDA:0,(anonymous_39)
FNDA:0,(anonymous_40)
FNDA:0,(anonymous_41)
FNDA:0,(anonymous_42)
FNDA:0,(anonymous_43)
FNDA:0,(anonymous_44)
FNDA:0,(anonymous_45)
FNDA:0,(anonymous_46)
FNDA:0,(anonymous_47)
FNDA:0,(anonymous_48)
FNDA:0,(anonymous_49)
FNDA:0,(anonymous_50)
FNDA:0,(anonymous_51)
FNDA:0,(anonymous_52)
FNDA:0,(anonymous_53)
FNDA:0,(anonymous_54)
FNDA:0,(anonymous_55)
FNDA:0,(anonymous_56)
FNDA:0,(anonymous_57)
FNDA:0,(anonymous_58)
FNDA:0,(anonymous_59)
FNDA:0,(anonymous_60)
FNDA:0,(anonymous_61)
FNDA:0,(anonymous_62)
FNDA:0,(anonymous_63)
FNDA:0,(anonymous_64)
FNDA:0,(anonymous_65)
FNDA:0,(anonymous_66)
FNDA:0,(anonymous_67)
FNDA:0,(anonymous_68)
FNDA:0,(anonymous_69)
FNDA:0,(anonymous_70)
FNDA:0,(anonymous_71)
FNDA:0,(anonymous_72)
FNDA:0,(anonymous_73)
FNDA:0,(anonymous_74)
FNDA:0,(anonymous_75)
FNDA:0,(anonymous_76)
FNDA:0,(anonymous_77)
FNDA:0,(anonymous_78)
FNDA:0,(anonymous_79)
FNDA:0,(anonymous_80)
FNDA:0,(anonymous_81)
FNDA:0,(anonymous_82)
FNDA:0,(anonymous_83)
FNDA:0,(anonymous_84)
FNDA:0,(anonymous_85)
FNDA:0,(anonymous_86)
FNDA:0,(anonymous_87)
FNDA:0,(anonymous_88)
FNDA:0,(anonymous_89)
FNDA:0,(anonymous_90)
FNDA:0,(anonymous_91)
FNDA:0,(anonymous_92)
FNDA:0,(anonymous_93)
FNDA:0,(anonymous_94)
FNDA:0,(anonymous_95)
FNDA:0,(anonymous_96)
FNDA:0,(anonymous_97)
FNDA:0,(anonymous_98)
FNDA:0,(anonymous_99)
FNDA:0,(anonymous_100)
FNDA:0,(anonymous_101)
FNDA:0,(anonymous_102)
FNDA:0,(anonymous_103)
FNDA:0,(anonymous_104)
FNDA:0,(anonymous_105)
FNDA:0,(anonymous_106)
FNDA:0,(anonymous_107)
FNDA:0,(anonymous_108)
FNDA:0,(anonymous_109)
FNDA:0,(anonymous_110)
FNDA:0,(anonymous_111)
FNDA:0,(anonymous_112)
FNDA:0,(anonymous_113)
FNDA:0,(anonymous_114)
FNDA:0,(anonymous_115)
FNDA:0,(anonymous_116)
FNDA:0,(anonymous_117)
FNDA:0,(anonymous_118)
FNDA:0,(anonymous_119)
FNDA:0,(anonymous_120)
FNDA:0,(anonymous_121)
FNDA:0,(anonymous_122)
FNDA:0,(anonymous_123)
FNDA:0,(anonymous_124)
FNDA:0,(anonymous_125)
FNDA:0,(anonymous_126)
FNDA:0,(anonymous_127)
FNDA:0,(anonymous_128)
FNDA:0,(anonymous_129)
FNDA:0,(anonymous_130)
FNDA:0,(anonymous_131)
FNDA:0,(anonymous_132)
FNDA:0,(anonymous_133)
FNDA:0,(anonymous_134)
FNDA:0,(anonymous_135)
FNDA:0,(anonymous_136)
FNDA:0,(anonymous_137)
FNDA:0,(anonymous_138)
FNDA:0,(anonymous_139)
FNDA:0,(anonymous_140)
FNDA:0,(anonymous_141)
FNDA:0,(anonymous_142)
FNDA:0,(anonymous_143)
FNDA:0,(anonymous_144)
FNDA:0,(anonymous_145)
FNDA:0,(anonymous_146)
FNDA:0,(anonymous_147)
FNDA:0,(anonymous_148)
FNDA:0,(anonymous_149)
FNDA:0,(anonymous_150)
FNDA:0,(anonymous_151)
FNDA:0,(anonymous_152)
FNDA:0,(anonymous_153)
FNDA:0,(anonymous_154)
FNDA:0,(anonymous_155)
FNDA:0,(anonymous_156)
FNDA:0,(anonymous_157)
FNDA:0,(anonymous_158)
FNDA:0,(anonymous_159)
FNDA:0,(anonymous_160)
FNDA:0,(anonymous_161)
FNDA:0,(anonymous_162)
FNDA:0,(anonymous_163)
FNDA:0,(anonymous_164)
FNDA:0,(anonymous_165)
FNDA:0,(anonymous_166)
FNDA:0,(anonymous_167)
FNDA:0,(anonymous_168)
FNDA:0,(anonymous_169)
FNDA:0,(anonymous_170)
FNDA:0,(anonymous_171)
FNDA:0,(anonymous_172)
FNDA:0,(anonymous_173)
FNDA:0,(anonymous_174)
FNDA:0,(anonymous_175)
FNDA:0,(anonymous_176)
FNDA:0,(anonymous_177)
DA:165,0
DA:166,0
DA:168,0
DA:169,0
DA:170,0
DA:171,0
DA:172,0
DA:178,0
DA:179,0
DA:180,0
DA:181,0
DA:182,0
DA:184,0
DA:185,0
DA:186,0
DA:187,0
DA:188,0
DA:189,0
DA:190,0
DA:191,0
DA:192,0
DA:193,0
DA:194,0
DA:195,0
DA:196,0
DA:197,0
DA:198,0
DA:199,0
DA:240,0
DA:242,0
DA:243,0
DA:246,0
DA:247,0
DA:248,0
DA:250,0
DA:251,0
DA:266,0
DA:268,0
DA:269,0
DA:270,0
DA:275,0
DA:282,0
DA:283,0
DA:285,0
DA:286,0
DA:287,0
DA:288,0
DA:289,0
DA:291,0
DA:292,0
DA:294,0
DA:296,0
DA:303,0
DA:312,0
DA:313,0
DA:317,0
DA:318,0
DA:319,0
DA:320,0
DA:321,0
DA:322,0
DA:323,0
DA:325,0
DA:327,0
DA:329,0
DA:330,0
DA:332,0
DA:334,0
DA:336,0
DA:343,0
DA:344,0
DA:345,0
DA:346,0
DA:347,0
DA:349,0
DA:360,0
DA:370,0
DA:376,0
DA:383,0
DA:396,0
DA:397,0
DA:400,0
DA:401,0
DA:402,0
DA:403,0
DA:404,0
DA:405,0
DA:411,0
DA:424,0
DA:428,0
DA:434,0
DA:435,0
DA:436,0
DA:437,0
DA:442,0
DA:450,0
DA:460,0
DA:463,0
DA:478,0
DA:479,0
DA:480,0
DA:483,0
DA:484,0
DA:485,0
DA:486,0
DA:487,0
DA:488,0
DA:489,0
DA:492,0
DA:497,0
DA:500,0
DA:501,0
DA:504,0
DA:518,0
DA:520,0
DA:521,0
DA:529,0
DA:538,0
DA:539,0
DA:542,0
DA:545,0
DA:548,0
DA:551,0
DA:560,0
DA:561,0
DA:562,0
DA:563,0
DA:564,0
DA:565,0
DA:568,0
DA:569,0
DA:571,0
DA:577,0
DA:578,0
DA:579,0
DA:580,0
DA:584,0
DA:585,0
DA:588,0
DA:589,0
DA:590,0
DA:591,0
DA:592,0
DA:596,0
DA:610,0
DA:613,0
DA:622,0
DA:625,0
DA:628,0
DA:630,0
DA:631,0
DA:640,0
DA:641,0
DA:652,0
DA:653,0
DA:654,0
DA:655,0
DA:664,0
DA:665,0
DA:666,0
DA:668,0
DA:675,0
DA:676,0
DA:711,0
DA:714,0
DA:717,0
DA:723,0
DA:725,0
DA:736,0
DA:737,0
DA:747,0
DA:748,0
DA:750,0
DA:753,0
DA:754,0
DA:757,0
DA:758,0
DA:759,0
DA:760,0
DA:765,0
DA:766,0
DA:769,0
DA:770,0
DA:772,0
DA:773,0
DA:776,0
DA:781,0
DA:782,0
DA:785,0
DA:795,0
DA:796,0
DA:804,0
DA:806,0
DA:813,0
DA:820,0
DA:821,0
DA:822,0
DA:824,0
DA:825,0
DA:826,0
DA:828,0
DA:830,0
DA:835,0
DA:843,0
DA:851,0
DA:853,0
DA:858,0
DA:862,0
DA:865,0
DA:871,0
DA:873,0
DA:875,0
DA:877,0
DA:885,0
DA:887,0
DA:888,0
DA:889,0
DA:893,0
DA:894,0
DA:895,0
DA:898,0
DA:902,0
DA:903,0
DA:905,0
DA:906,0
DA:914,0
DA:915,0
DA:918,0
DA:919,0
DA:921,0
DA:922,0
DA:923,0
DA:924,0
DA:929,0
DA:930,0
DA:950,0
DA:951,0
DA:953,0
DA:954,0
DA:962,0
DA:964,0
DA:965,0
DA:967,0
DA:970,0
DA:974,0
DA:977,0
DA:980,0
DA:981,0
DA:984,0
DA:985,0
DA:986,0
DA:989,0
DA:990,0
DA:991,0
DA:993,0
DA:994,0
DA:996,0
DA:997,0
DA:1006,0
DA:1007,0
DA:1010,0
DA:1011,0
DA:1012,0
DA:1013,0
DA:1014,0
DA:1016,0
DA:1020,0
DA:1024,0
DA:1025,0
DA:1027,0
DA:1031,0
DA:1043,0
DA:1052,0
DA:1056,0
DA:1063,0
DA:1064,0
DA:1070,0
DA:1079,0
DA:1080,0
DA:1085,0
DA:1095,0
DA:1096,0
DA:1099,0
DA:1104,0
DA:1106,0
DA:1107,0
DA:1114,0
DA:1130,0
DA:1134,0
DA:1135,0
DA:1146,0
DA:1147,0
DA:1148,0
DA:1149,0
DA:1152,0
DA:1154,0
DA:1155,0
DA:1156,0
DA:1160,0
DA:1161,0
DA:1163,0
DA:1166,0
DA:1168,0
DA:1169,0
DA:1179,0
DA:1180,0
DA:1183,0
DA:1186,0
DA:1187,0
DA:1193,0
DA:1194,0
DA:1195,0
DA:1197,0
DA:1204,0
DA:1207,0
DA:1209,0
DA:1210,0
DA:1219,0
DA:1221,0
DA:1222,0
DA:1225,0
DA:1233,0
DA:1247,0
DA:1249,0
DA:1250,0
DA:1251,0
DA:1255,0
DA:1263,0
DA:1264,0
DA:1265,0
DA:1269,0
DA:1270,0
DA:1271,0
DA:1277,0
DA:1278,0
DA:1281,0
DA:1282,0
DA:1284,0
DA:1285,0
DA:1293,0
DA:1302,0
DA:1303,0
DA:1312,0
DA:1574,0
DA:1575,0
DA:1580,0
DA:1581,0
DA:1594,0
DA:1595,0
DA:1596,0
DA:1599,0
DA:1600,0
DA:1604,0
DA:1605,0
DA:1607,0
DA:1608,0
DA:1609,0
DA:1612,0
DA:1618,0
DA:1625,0
DA:1627,0
DA:1629,0
DA:1637,0
DA:1639,0
DA:1641,0
DA:1642,0
DA:1644,0
DA:1645,0
DA:1648,0
DA:1655,0
DA:1659,0
DA:1662,0
DA:1663,0
DA:1664,0
DA:1665,0
DA:1666,0
DA:1667,0
DA:1668,0
DA:1670,0
DA:1671,0
DA:1676,0
DA:1677,0
DA:1678,0
DA:1679,0
DA:1684,0
DA:1685,0
DA:1691,0
DA:1694,0
DA:1697,0
DA:1701,0
DA:1706,0
DA:1709,0
DA:1713,0
DA:1719,0
DA:1720,0
DA:1721,0
DA:1723,0
DA:1732,0
DA:1733,0
DA:1735,0
DA:1740,0
DA:1741,0
DA:1742,0
DA:1744,0
DA:1745,0
DA:1751,0
DA:1753,0
DA:1754,0
DA:1758,0
DA:1760,0
DA:1761,0
DA:1762,0
DA:1766,0
DA:1767,0
DA:1771,0
DA:1774,0
DA:1777,0
DA:1778,0
DA:1782,0
DA:1783,0
DA:1784,0
DA:1788,0
DA:1789,0
DA:1790,0
DA:1793,0
DA:1794,0
DA:1806,0
DA:1808,0
DA:1809,0
DA:1810,0
DA:1813,0
DA:1815,0
DA:1817,0
DA:1821,0
DA:1822,0
DA:1825,0
DA:1826,0
DA:1827,0
DA:1832,0
DA:1833,0
DA:1835,0
DA:1836,0
DA:1840,0
DA:1841,0
DA:1844,0
DA:1845,0
DA:1848,0
DA:1852,0
DA:1853,0
DA:1854,0
DA:1855,0
DA:1858,0
DA:1860,0
DA:1861,0
DA:1871,0
DA:1873,0
DA:1874,0
DA:1875,0
DA:1878,0
DA:1880,0
DA:1882,0
DA:1894,0
DA:1896,0
DA:1897,0
DA:1898,0
DA:1900,0
DA:1902,0
DA:1904,0
DA:1913,0
DA:1914,0
DA:1916,0
DA:1917,0
DA:1918,0
DA:1921,0
DA:1922,0
DA:1926,0
DA:1927,0
DA:1928,0
DA:1929,0
DA:1931,0
DA:1933,0
DA:1949,0
DA:1950,0
DA:1951,0
DA:1954,0
DA:1955,0
DA:1959,0
DA:1960,0
DA:1963,0
DA:1964,0
DA:1965,0
DA:1966,0
DA:1971,0
DA:1972,0
DA:1976,0
DA:1977,0
DA:1978,0
DA:1980,0
DA:1982,0
DA:1983,0
DA:1984,0
DA:1985,0
DA:1994,0
DA:1995,0
DA:1998,0
DA:1999,0
DA:2000,0
DA:2003,0
DA:2004,0
DA:2005,0
DA:2007,0
DA:2017,0
DA:2018,0
DA:2019,0
DA:2021,0
DA:2022,0
DA:2023,0
DA:2026,0
DA:2027,0
DA:2030,0
DA:2031,0
DA:2032,0
DA:2037,0
DA:2038,0
DA:2039,0
DA:2044,0
DA:2045,0
DA:2047,0
DA:2048,0
DA:2049,0
DA:2051,0
DA:2064,0
DA:2065,0
DA:2067,0
DA:2068,0
DA:2069,0
DA:2070,0
DA:2072,0
DA:2075,0
DA:2085,0
DA:2086,0
DA:2089,0
DA:2091,0
DA:2100,0
DA:2110,0
DA:2111,0
DA:2117,0
DA:2118,0
DA:2119,0
DA:2124,0
DA:2126,0
DA:2127,0
DA:2138,0
DA:2139,0
DA:2152,0
DA:2155,0
DA:2159,0
DA:2160,0
DA:2161,0
DA:2162,0
DA:2164,0
DA:2165,0
DA:2174,0
DA:2175,0
DA:2187,0
DA:2188,0
DA:2195,0
DA:2197,0
DA:2198,0
DA:2199,0
DA:2202,0
DA:2204,0
DA:2205,0
DA:2206,0
DA:2209,0
DA:2212,0
DA:2213,0
DA:2217,0
DA:2218,0
DA:2222,0
DA:2223,0
DA:2227,0
DA:2230,0
DA:2240,0
DA:2241,0
DA:2242,0
DA:2244,0
DA:2247,0
DA:2249,0
DA:2250,0
DA:2251,0
DA:2252,0
DA:2253,0
DA:2258,0
DA:2260,0
DA:2261,0
DA:2275,0
DA:2276,0
DA:2278,0
DA:2279,0
DA:2280,0
DA:2281,0
DA:2282,0
DA:2285,0
DA:2294,0
DA:2296,0
DA:2301,0
DA:2302,0
DA:2307,0
DA:2308,0
DA:2310,0
DA:2311,0
DA:2326,0
DA:2332,0
DA:2333,0
DA:2334,0
DA:2335,0
DA:2337,0
DA:2340,0
DA:2341,0
DA:2342,0
DA:2343,0
DA:2344,0
DA:2346,0
DA:2347,0
DA:2348,0
DA:2349,0
DA:2350,0
DA:2360,0
DA:2362,0
DA:2363,0
DA:2373,0
DA:2375,0
DA:2378,0
DA:2381,0
DA:2382,0
DA:2383,0
DA:2384,0
DA:2388,0
DA:2389,0
DA:2398,0
DA:2407,0
DA:2408,0
DA:2416,0
DA:2417,0
DA:2418,0
DA:2419,0
DA:2420,0
DA:2422,0
DA:2424,0
DA:2433,0
DA:2434,0
DA:2435,0
DA:2436,0
DA:2437,0
DA:2452,0
DA:2453,0
DA:2455,0
DA:2456,0
DA:2464,0
DA:2465,0
DA:2466,0
DA:2468,0
DA:2469,0
DA:2475,0
DA:2476,0
DA:2477,0
DA:2479,0
DA:2480,0
DA:2485,0
DA:2487,0
DA:2488,0
DA:2489,0
DA:2493,0
DA:2494,0
DA:2495,0
DA:2499,0
DA:2500,0
DA:2501,0
DA:2505,0
DA:2506,0
DA:2509,0
DA:2517,0
DA:2518,0
DA:2520,0
DA:2521,0
DA:2522,0
DA:2525,0
DA:2526,0
DA:2529,0
DA:2532,0
DA:2538,0
DA:2540,0
DA:2545,0
DA:2547,0
DA:2552,0
DA:2556,0
DA:2560,0
DA:2562,0
DA:2567,0
DA:2571,0
DA:2573,0
DA:2574,0
DA:2577,0
DA:2578,0
DA:2581,0
DA:2582,0
DA:2584,0
DA:2586,0
DA:2587,0
DA:2592,0
DA:2594,0
DA:2600,0
DA:2601,0
DA:2605,0
DA:2610,0
DA:2614,0
DA:2615,0
DA:2624,0
DA:2628,0
DA:2629,0
DA:2631,0
DA:2639,0
DA:2640,0
DA:2641,0
DA:2642,0
DA:2645,0
DA:2646,0
DA:2647,0
DA:2654,0
DA:2658,0
DA:2659,0
DA:2662,0
DA:2669,0
DA:2670,0
DA:2671,0
DA:2673,0
DA:2674,0
DA:2675,0
DA:2679,0
DA:2680,0
DA:2681,0
DA:2689,0
DA:2690,0
DA:2691,0
DA:2698,0
DA:2699,0
DA:2702,0
DA:2703,0
DA:2704,0
DA:2706,0
DA:2711,0
DA:2713,0
DA:2715,0
DA:2719,0
DA:2720,0
DA:2721,0
DA:2722,0
DA:2724,0
DA:2727,0
DA:2735,0
DA:2740,0
DA:2743,0
DA:2744,0
DA:2746,0
DA:2749,0
DA:2751,0
DA:2752,0
DA:2757,0
DA:2761,0
DA:2762,0
DA:2766,0
DA:2770,0
DA:2771,0
DA:2774,0
DA:2777,0
DA:2778,0
DA:2782,0
DA:2786,0
DA:2788,0
DA:2789,0
DA:2794,0
DA:2799,0
DA:2808,0
DA:2809,0
DA:2813,0
DA:2814,0
DA:2822,0
DA:2826,0
DA:2827,0
DA:2832,0
DA:2833,0
DA:2843,0
DA:2844,0
DA:2848,0
DA:2852,0
DA:2853,0
DA:2858,0
DA:2859,0
DA:2860,0
DA:2861,0
DA:2862,0
DA:2866,0
DA:2870,0
DA:2872,0
DA:2874,0
DA:2876,0
DA:2877,0
DA:2878,0
DA:2881,0
DA:2882,0
DA:2883,0
DA:2890,0
DA:2891,0
DA:2892,0
DA:2893,0
DA:2895,0
DA:2896,0
DA:2897,0
DA:2899,0
LF:820
LH:0
BRDA:404,0,0,0
BRDA:486,1,0,0
BRDA:569,2,0,0
BRDA:569,2,1,0
BRDA:664,3,0,0
BRDA:718,4,0,0
BRDA:718,4,1,0
BRDA:719,5,0,0
BRDA:719,5,1,0
BRDA:720,6,0,0
BRDA:720,6,1,0
BRDA:726,7,0,0
BRDA:726,7,1,0
BRDA:726,7,2,0
BRDA:726,7,3,0
BRDA:726,7,4,0
BRDA:726,7,5,0
BRDA:781,8,0,0
BRDA:781,9,0,0
BRDA:781,9,1,0
BRDA:781,9,2,0
BRDA:795,10,0,0
BRDA:795,11,0,0
BRDA:795,11,1,0
BRDA:795,11,2,0
BRDA:822,12,0,0
BRDA:825,13,0,0
BRDA:853,14,0,0
BRDA:854,15,0,0
BRDA:854,15,1,0
BRDA:855,16,0,0
BRDA:855,16,1,0
BRDA:888,17,0,0
BRDA:893,18,0,0
BRDA:894,19,0,0
BRDA:894,19,1,0
BRDA:923,20,0,0
BRDA:935,21,0,0
BRDA:935,21,1,0
BRDA:964,22,0,0
BRDA:970,23,0,0
BRDA:980,24,0,0
BRDA:1020,25,0,0
BRDA:1021,26,0,0
BRDA:1021,26,1,0
BRDA:1024,27,0,0
BRDA:1134,28,0,0
BRDA:1155,29,0,0
BRDA:1160,30,0,0
BRDA:1180,31,0,0
BRDA:1180,31,1,0
BRDA:1188,32,0,0
BRDA:1188,32,1,0
BRDA:1222,33,0,0
BRDA:1249,34,0,0
BRDA:1264,35,0,0
BRDA:1282,36,0,0
BRDA:1282,36,1,0
BRDA:1313,37,0,0
BRDA:1313,37,1,0
BRDA:1326,38,0,0
BRDA:1326,38,1,0
BRDA:1343,39,0,0
BRDA:1343,39,1,0
BRDA:1346,40,0,0
BRDA:1346,40,1,0
BRDA:1349,41,0,0
BRDA:1349,41,1,0
BRDA:1354,42,0,0
BRDA:1354,42,1,0
BRDA:1414,43,0,0
BRDA:1414,43,1,0
BRDA:1438,44,0,0
BRDA:1438,44,1,0
BRDA:1472,45,0,0
BRDA:1472,45,1,0
BRDA:1500,46,0,0
BRDA:1500,46,1,0
BRDA:1547,47,0,0
BRDA:1547,47,1,0
BRDA:1571,48,0,0
BRDA:1571,48,1,0
BRDA:1575,49,0,0
BRDA:1575,49,1,0
BRDA:1581,50,0,0
BRDA:1581,50,1,0
BRDA:1599,51,0,0
BRDA:1605,52,0,0
BRDA:1641,53,0,0
BRDA:1644,54,0,0
BRDA:1680,55,0,0
BRDA:1680,55,1,0
BRDA:1684,56,0,0
BRDA:1697,57,0,0
BRDA:1698,58,0,0
BRDA:1698,58,1,0
BRDA:1698,59,0,0
BRDA:1698,59,1,0
BRDA:1709,60,0,0
BRDA:1710,61,0,0
BRDA:1710,61,1,0
BRDA:1710,62,0,0
BRDA:1710,62,1,0
BRDA:1720,63,0,0
BRDA:1720,63,1,0
BRDA:1721,64,0,0
BRDA:1721,64,1,0
BRDA:1732,65,0,0
BRDA:1753,66,0,0
BRDA:1761,67,0,0
BRDA:1766,68,0,0
BRDA:1777,69,0,0
BRDA:1782,70,0,0
BRDA:1810,71,0,0
BRDA:1819,72,0,0
BRDA:1821,73,0,0
BRDA:1835,74,0,0
BRDA:1835,74,1,0
BRDA:1840,75,0,0
BRDA:1844,76,0,0
BRDA:1853,77,0,0
BRDA:1897,78,0,0
BRDA:1897,79,0,0
BRDA:1897,79,1,0
BRDA:1917,80,0,0
BRDA:1917,80,1,0
BRDA:1921,81,0,0
BRDA:1927,82,0,0
BRDA:1927,82,1,0
BRDA:1954,83,0,0
BRDA:1959,84,0,0
BRDA:2003,85,0,0
BRDA:2023,86,0,0
BRDA:2027,87,0,0
BRDA:2038,88,0,0
BRDA:2067,89,0,0
BRDA:2067,89,1,0
BRDA:2069,90,0,0
BRDA:2126,91,0,0
BRDA:2197,92,0,0
BRDA:2212,93,0,0
BRDA:2217,94,0,0
BRDA:2222,95,0,0
BRDA:2250,96,0,0
BRDA:2252,97,0,0
BRDA:2281,98,0,0
BRDA:2326,99,0,0
BRDA:2326,99,1,0
BRDA:2332,100,0,0
BRDA:2334,101,0,0
BRDA:2383,102,0,0
BRDA:2418,103,0,0
BRDA:2437,104,0,0
BRDA:2437,104,1,0
BRDA:2437,104,2,0
BRDA:2488,105,0,0
BRDA:2494,106,0,0
BRDA:2522,107,0,0
BRDA:2526,108,0,0
BRDA:2543,109,0,0
BRDA:2543,109,1,0
BRDA:2561,110,0,0
BRDA:2561,110,1,0
BRDA:2574,111,0,0
BRDA:2578,112,0,0
BRDA:2600,113,0,0
BRDA:2628,114,0,0
BRDA:2646,115,0,0
BRDA:2674,116,0,0
BRDA:2680,117,0,0
BRDA:2680,118,0,0
BRDA:2680,118,1,0
BRDA:2690,119,0,0
BRDA:2703,120,0,0
BRDA:2713,121,0,0
BRDA:2719,122,0,0
BRDA:2719,122,1,0
BRDA:2721,123,0,0
BRDA:2721,123,1,0
BRDA:2757,124,0,0
BRDA:2757,124,1,0
BRDA:2762,125,0,0
BRDA:2762,125,1,0
BRDA:2766,126,0,0
BRDA:2766,126,1,0
BRDA:2777,127,0,0
BRDA:2777,128,0,0
BRDA:2777,128,1,0
BRDA:2800,129,0,0
BRDA:2800,129,1,0
BRDA:2809,130,0,0
BRDA:2809,130,1,0
BRDA:2852,131,0,0
BRDA:2870,132,0,0
BRDA:2891,133,0,0
BRF:195
BRH:0
end_of_record
TN:
SF:src/blockchain/mempool.ts
FN:423,(anonymous_0)
FN:292,(anonymous_1)
FN:321,(anonymous_2)
FN:338,(anonymous_3)
FN:483,(anonymous_4)
FN:493,(anonymous_5)
FN:496,(anonymous_6)
FN:501,(anonymous_7)
FN:506,(anonymous_8)
FN:536,(anonymous_9)
FN:542,(anonymous_10)
FN:555,(anonymous_11)
FN:557,(anonymous_12)
FN:584,(anonymous_13)
FN:650,(anonymous_14)
FN:657,(anonymous_15)
FN:730,(anonymous_16)
FN:761,(anonymous_17)
FN:778,(anonymous_18)
FN:793,(anonymous_19)
FN:814,(anonymous_20)
FN:828,(anonymous_21)
FN:834,(anonymous_22)
FN:855,(anonymous_23)
FN:860,(anonymous_24)
FN:879,(anonymous_25)
FN:883,(anonymous_26)
FN:893,(anonymous_27)
FN:894,(anonymous_28)
FN:896,(anonymous_29)
FN:897,(anonymous_30)
FN:916,(anonymous_31)
FN:919,(anonymous_32)
FN:922,(anonymous_33)
FN:928,(anonymous_34)
FN:949,(anonymous_35)
FN:987,(anonymous_36)
FN:996,(anonymous_37)
FN:998,(anonymous_38)
FN:1003,(anonymous_39)
FN:1009,(anonymous_40)
FN:1016,(anonymous_41)
FN:1045,(anonymous_42)
FN:1056,(anonymous_43)
FN:1060,(anonymous_44)
FN:1066,(anonymous_45)
FN:1076,(anonymous_46)
FN:1097,(anonymous_47)
FN:1126,(anonymous_48)
FN:1129,(anonymous_49)
FN:1143,(anonymous_50)
FN:1265,(anonymous_51)
FN:1279,(anonymous_52)
FN:1285,(anonymous_53)
FN:1286,(anonymous_54)
FN:1288,(anonymous_55)
FN:1302,(anonymous_56)
FN:1325,(anonymous_57)
FN:1363,(anonymous_58)
FN:1365,(anonymous_59)
FN:1367,(anonymous_60)
FN:1408,(anonymous_61)
FN:1445,(anonymous_62)
FN:1495,(anonymous_63)
FN:1500,(anonymous_64)
FN:1522,(anonymous_65)
FN:1529,(anonymous_66)
FN:1542,(anonymous_67)
FN:1562,(anonymous_68)
FN:1591,(anonymous_69)
FN:1602,(anonymous_70)
FN:1633,(anonymous_71)
FN:1679,(anonymous_72)
FN:1733,(anonymous_73)
FN:1777,(anonymous_74)
FN:1784,(anonymous_75)
FN:1796,(anonymous_76)
FN:1851,(anonymous_77)
FN:1855,(anonymous_78)
FN:1880,(anonymous_79)
FN:1885,(anonymous_80)
FN:1906,(anonymous_81)
FN:1916,(anonymous_82)
FN:1920,(anonymous_83)
FN:1933,(anonymous_84)
FN:1958,(anonymous_85)
FN:1973,(anonymous_86)
FN:2010,(anonymous_87)
FN:2015,(anonymous_88)
FN:2020,(anonymous_89)
FN:2030,(anonymous_90)
FN:2033,(anonymous_91)
FN:2060,(anonymous_92)
FN:2095,(anonymous_93)
FN:2107,(anonymous_94)
FN:2157,(anonymous_95)
FN:2200,(anonymous_96)
FN:2212,(anonymous_97)
FN:2264,(anonymous_98)
FN:2266,(anonymous_99)
FN:2273,(anonymous_100)
FN:2274,(anonymous_101)
FN:2286,(anonymous_102)
FN:2308,(anonymous_103)
FN:2343,(anonymous_104)
FN:2360,(anonymous_105)
FN:2378,(anonymous_106)
FN:2389,(anonymous_107)
FN:2400,(anonymous_108)
FN:2413,(anonymous_109)
FN:2422,(anonymous_110)
FN:2451,(anonymous_111)
FN:2468,(anonymous_112)
FN:2474,(anonymous_113)
FN:2483,(anonymous_114)
FN:2486,(anonymous_115)
FN:2493,(anonymous_116)
FN:2502,(anonymous_117)
FN:2511,(anonymous_118)
FN:2525,(anonymous_119)
FN:2536,(anonymous_120)
FN:2543,(anonymous_121)
FN:2544,(anonymous_122)
FN:2551,(anonymous_123)
FN:2586,(anonymous_124)
FN:2590,(anonymous_125)
FN:2592,(anonymous_126)
FN:2597,(anonymous_127)
FN:2627,(anonymous_128)
FN:2634,(anonymous_129)
FN:2636,(anonymous_130)
FN:2645,(anonymous_131)
FN:2649,(anonymous_132)
FN:2706,(anonymous_133)
FN:2707,(anonymous_134)
FN:2720,(anonymous_135)
FN:2723,(anonymous_136)
FN:2730,(anonymous_137)
FN:2740,(anonymous_138)
FN:2747,(anonymous_139)
FN:2749,(anonymous_140)
FN:2753,(anonymous_141)
FN:2755,(anonymous_142)
FN:2760,(anonymous_143)
FN:2762,(anonymous_144)
FN:2767,(anonymous_145)
FN:2780,(anonymous_146)
FN:2795,(anonymous_147)
FN:2805,(anonymous_148)
FN:2820,(anonymous_149)
FN:2834,(anonymous_150)
FN:2844,(anonymous_151)
FN:2845,(anonymous_152)
FN:2854,(anonymous_153)
FN:2855,(anonymous_154)
FN:2867,(anonymous_155)
FN:2896,(anonymous_156)
FN:2907,(anonymous_157)
FN:2933,(anonymous_158)
FN:2948,(anonymous_159)
FN:2959,(anonymous_160)
FN:2968,(anonymous_161)
FN:2988,(anonymous_162)
FN:2999,(anonymous_163)
FN:3014,(anonymous_164)
FN:3019,(anonymous_165)
FNF:166
FNH:0
FNDA:0,(anonymous_0)
FNDA:0,(anonymous_1)
FNDA:0,(anonymous_2)
FNDA:0,(anonymous_3)
FNDA:0,(anonymous_4)
FNDA:0,(anonymous_5)
FNDA:0,(anonymous_6)
FNDA:0,(anonymous_7)
FNDA:0,(anonymous_8)
FNDA:0,(anonymous_9)
FNDA:0,(anonymous_10)
FNDA:0,(anonymous_11)
FNDA:0,(anonymous_12)
FNDA:0,(anonymous_13)
FNDA:0,(anonymous_14)
FNDA:0,(anonymous_15)
FNDA:0,(anonymous_16)
FNDA:0,(anonymous_17)
FNDA:0,(anonymous_18)
FNDA:0,(anonymous_19)
FNDA:0,(anonymous_20)
FNDA:0,(anonymous_21)
FNDA:0,(anonymous_22)
FNDA:0,(anonymous_23)
FNDA:0,(anonymous_24)
FNDA:0,(anonymous_25)
FNDA:0,(anonymous_26)
FNDA:0,(anonymous_27)
FNDA:0,(anonymous_28)
FNDA:0,(anonymous_29)
FNDA:0,(anonymous_30)
FNDA:0,(anonymous_31)
FNDA:0,(anonymous_32)
FNDA:0,(anonymous_33)
FNDA:0,(anonymous_34)
FNDA:0,(anonymous_35)
FNDA:0,(anonymous_36)
FNDA:0,(anonymous_37)
FNDA:0,(anonymous_38)
FNDA:0,(anonymous_39)
FNDA:0,(anonymous_40)
FNDA:0,(anonymous_41)
FNDA:0,(anonymous_42)
FNDA:0,(anonymous_43)
FNDA:0,(anonymous_44)
FNDA:0,(anonymous_45)
FNDA:0,(anonymous_46)
FNDA:0,(anonymous_47)
FNDA:0,(anonymous_48)
FNDA:0,(anonymous_49)
FNDA:0,(anonymous_50)
FNDA:0,(anonymous_51)
FNDA:0,(anonymous_52)
FNDA:0,(anonymous_53)
FNDA:0,(anonymous_54)
FNDA:0,(anonymous_55)
FNDA:0,(anonymous_56)
FNDA:0,(anonymous_57)
FNDA:0,(anonymous_58)
FNDA:0,(anonymous_59)
FNDA:0,(anonymous_60)
FNDA:0,(anonymous_61)
FNDA:0,(anonymous_62)
FNDA:0,(anonymous_63)
FNDA:0,(anonymous_64)
FNDA:0,(anonymous_65)
FNDA:0,(anonymous_66)
FNDA:0,(anonymous_67)
FNDA:0,(anonymous_68)
FNDA:0,(anonymous_69)
FNDA:0,(anonymous_70)
FNDA:0,(anonymous_71)
FNDA:0,(anonymous_72)
FNDA:0,(anonymous_73)
FNDA:0,(anonymous_74)
FNDA:0,(anonymous_75)
FNDA:0,(anonymous_76)
FNDA:0,(anonymous_77)
FNDA:0,(anonymous_78)
FNDA:0,(anonymous_79)
FNDA:0,(anonymous_80)
FNDA:0,(anonymous_81)
FNDA:0,(anonymous_82)
FNDA:0,(anonymous_83)
FNDA:0,(anonymous_84)
FNDA:0,(anonymous_85)
FNDA:0,(anonymous_86)
FNDA:0,(anonymous_87)
FNDA:0,(anonymous_88)
FNDA:0,(anonymous_89)
FNDA:0,(anonymous_90)
FNDA:0,(anonymous_91)
FNDA:0,(anonymous_92)
FNDA:0,(anonymous_93)
FNDA:0,(anonymous_94)
FNDA:0,(anonymous_95)
FNDA:0,(anonymous_96)
FNDA:0,(anonymous_97)
FNDA:0,(anonymous_98)
FNDA:0,(anonymous_99)
FNDA:0,(anonymous_100)
FNDA:0,(anonymous_101)
FNDA:0,(anonymous_102)
FNDA:0,(anonymous_103)
FNDA:0,(anonymous_104)
FNDA:0,(anonymous_105)
FNDA:0,(anonymous_106)
FNDA:0,(anonymous_107)
FNDA:0,(anonymous_108)
FNDA:0,(anonymous_109)
FNDA:0,(anonymous_110)
FNDA:0,(anonymous_111)
FNDA:0,(anonymous_112)
FNDA:0,(anonymous_113)
FNDA:0,(anonymous_114)
FNDA:0,(anonymous_115)
FNDA:0,(anonymous_116)
FNDA:0,(anonymous_117)
FNDA:0,(anonymous_118)
FNDA:0,(anonymous_119)
FNDA:0,(anonymous_120)
FNDA:0,(anonymous_121)
FNDA:0,(anonymous_122)
FNDA:0,(anonymous_123)
FNDA:0,(anonymous_124)
FNDA:0,(anonymous_125)
FNDA:0,(anonymous_126)
FNDA:0,(anonymous_127)
FNDA:0,(anonymous_128)
FNDA:0,(anonymous_129)
FNDA:0,(anonymous_130)
FNDA:0,(anonymous_131)
FNDA:0,(anonymous_132)
FNDA:0,(anonymous_133)
FNDA:0,(anonymous_134)
FNDA:0,(anonymous_135)
FNDA:0,(anonymous_136)
FNDA:0,(anonymous_137)
FNDA:0,(anonymous_138)
FNDA:0,(anonymous_139)
FNDA:0,(anonymous_140)
FNDA:0,(anonymous_141)
FNDA:0,(anonymous_142)
FNDA:0,(anonymous_143)
FNDA:0,(anonymous_144)
FNDA:0,(anonymous_145)
FNDA:0,(anonymous_146)
FNDA:0,(anonymous_147)
FNDA:0,(anonymous_148)
FNDA:0,(anonymous_149)
FNDA:0,(anonymous_150)
FNDA:0,(anonymous_151)
FNDA:0,(anonymous_152)
FNDA:0,(anonymous_153)
FNDA:0,(anonymous_154)
FNDA:0,(anonymous_155)
FNDA:0,(anonymous_156)
FNDA:0,(anonymous_157)
FNDA:0,(anonymous_158)
FNDA:0,(anonymous_159)
FNDA:0,(anonymous_160)
FNDA:0,(anonymous_161)
FNDA:0,(anonymous_162)
FNDA:0,(anonymous_163)
FNDA:0,(anonymous_164)
FNDA:0,(anonymous_165)
DA:1,1
DA:3,1
DA:6,1
DA:7,1
DA:8,1
DA:9,1
DA:10,1
DA:11,1
DA:13,1
DA:14,1
DA:15,1
DA:17,1
DA:269,1
DA:279,0
DA:280,0
DA:281,0
DA:282,0
DA:283,0
DA:289,0
DA:293,0
DA:294,0
DA:296,0
DA:299,0
DA:306,0
DA:308,0
DA:311,0
DA:318,0
DA:319,0
DA:320,0
DA:322,0
DA:323,0
DA:325,0
DA:331,0
DA:339,0
DA:340,0
DA:342,0
DA:343,0
DA:345,0
DA:353,0
DA:359,0
DA:367,0
DA:370,0
DA:379,0
DA:384,0
DA:387,0
DA:389,0
DA:395,0
DA:396,0
DA:397,0
DA:399,0
DA:421,0
DA:424,0
DA:425,0
DA:426,0
DA:427,0
DA:428,0
DA:429,0
DA:430,0
DA:431,0
DA:434,0
DA:436,0
DA:446,0
DA:457,0
DA:460,0
DA:463,0
DA:484,0
DA:485,0
DA:486,0
DA:488,0
DA:489,0
DA:495,0
DA:496,0
DA:497,0
DA:501,0
DA:502,0
DA:507,0
DA:508,0
DA:509,0
DA:510,0
DA:511,0
DA:512,0
DA:515,0
DA:516,0
DA:519,0
DA:531,0
DA:532,0
DA:537,0
DA:538,0
DA:539,0
DA:544,0
DA:545,0
DA:551,0
DA:552,0
DA:554,0
DA:555,0
DA:556,0
DA:557,0
DA:562,0
DA:568,0
DA:569,0
DA:572,0
DA:574,0
DA:578,0
DA:580,0
DA:586,0
DA:587,0
DA:588,0
DA:592,0
DA:596,0
DA:597,0
DA:598,0
DA:602,0
DA:603,0
DA:604,0
DA:605,0
DA:609,0
DA:611,0
DA:614,0
DA:615,0
DA:616,0
DA:617,0
DA:621,0
DA:625,0
DA:626,0
DA:630,0
DA:635,0
DA:636,0
DA:641,0
DA:642,0
DA:644,0
DA:646,0
DA:647,0
DA:651,0
DA:652,0
DA:653,0
DA:654,0
DA:658,0
DA:660,0
DA:661,0
DA:662,0
DA:664,0
DA:666,0
DA:669,0
DA:670,0
DA:671,0
DA:672,0
DA:676,0
DA:677,0
DA:678,0
DA:682,0
DA:683,0
DA:684,0
DA:685,0
DA:686,0
DA:690,0
DA:691,0
DA:692,0
DA:693,0
DA:697,0
DA:700,0
DA:706,0
DA:708,0
DA:709,0
DA:716,0
DA:717,0
DA:732,0
DA:735,0
DA:736,0
DA:739,0
DA:740,0
DA:741,0
DA:742,0
DA:745,0
DA:746,0
DA:749,0
DA:751,0
DA:752,0
DA:762,0
DA:763,0
DA:764,0
DA:765,0
DA:767,0
DA:769,0
DA:770,0
DA:779,0
DA:780,0
DA:781,0
DA:782,0
DA:784,0
DA:785,0
DA:794,0
DA:795,0
DA:796,0
DA:797,0
DA:798,0
DA:799,0
DA:800,0
DA:802,0
DA:803,0
DA:820,0
DA:821,0
DA:823,0
DA:826,0
DA:827,0
DA:828,0
DA:833,0
DA:834,0
DA:838,0
DA:839,0
DA:842,0
DA:843,0
DA:845,0
DA:846,0
DA:856,0
DA:857,0
DA:860,0
DA:861,0
DA:862,0
DA:863,0
DA:868,0
DA:869,0
DA:872,0
DA:880,0
DA:881,0
DA:883,0
DA:884,0
DA:894,0
DA:895,0
DA:896,0
DA:897,0
DA:918,0
DA:919,0
DA:924,0
DA:925,0
DA:928,0
DA:929,0
DA:930,0
DA:934,0
DA:937,0
DA:939,0
DA:946,0
DA:950,0
DA:953,0
DA:954,0
DA:955,0
DA:956,0
DA:960,0
DA:961,0
DA:962,0
DA:963,0
DA:964,0
DA:966,0
DA:970,0
DA:972,0
DA:974,0
DA:975,0
DA:976,0
DA:977,0
DA:979,0
DA:984,0
DA:988,0
DA:989,0
DA:990,0
DA:997,0
DA:998,0
DA:999,0
DA:1000,0
DA:1001,0
DA:1002,0
DA:1003,0
DA:1006,0
DA:1010,0
DA:1017,0
DA:1018,0
DA:1019,0
DA:1022,0
DA:1023,0
DA:1026,0
DA:1029,0
DA:1034,0
DA:1038,0
DA:1047,0
DA:1048,0
DA:1049,0
DA:1050,0
DA:1057,0
DA:1062,0
DA:1063,0
DA:1066,0
DA:1067,0
DA:1068,0
DA:1069,0
DA:1070,0
DA:1071,0
DA:1077,0
DA:1078,0
DA:1079,0
DA:1080,0
DA:1083,0
DA:1084,0
DA:1085,0
DA:1088,0
DA:1089,0
DA:1098,0
DA:1099,0
DA:1100,0
DA:1101,0
DA:1102,0
DA:1106,0
DA:1109,0
DA:1110,0
DA:1114,0
DA:1115,0
DA:1116,0
DA:1121,0
DA:1122,0
DA:1126,0
DA:1127,0
DA:1129,0
DA:1130,0
DA:1134,0
DA:1135,0
DA:1137,0
DA:1139,0
DA:1148,0
DA:1150,0
DA:1151,0
DA:1152,0
DA:1155,0
DA:1156,0
DA:1157,0
DA:1158,0
DA:1163,0
DA:1166,0
DA:1169,0
DA:1174,0
DA:1177,0
DA:1178,0
DA:1180,0
DA:1185,0
DA:1188,0
DA:1189,0
DA:1192,0
DA:1195,0
DA:1196,0
DA:1199,0
DA:1200,0
DA:1204,0
DA:1205,0
DA:1210,0
DA:1211,0
DA:1216,0
DA:1219,0
DA:1220,0
DA:1221,0
DA:1225,0
DA:1226,0
DA:1229,0
DA:1230,0
DA:1231,0
DA:1235,0
DA:1242,0
DA:1244,0
DA:1249,0
DA:1257,0
DA:1259,0
DA:1260,0
DA:1266,0
DA:1283,0
DA:1285,0
DA:1286,0
DA:1287,0
DA:1288,0
DA:1293,0
DA:1294,0
DA:1297,0
DA:1301,0
DA:1303,0
DA:1304,0
DA:1305,0
DA:1310,0
DA:1312,0
DA:1316,0
DA:1318,0
DA:1320,0
DA:1321,0
DA:1329,0
DA:1331,0
DA:1332,0
DA:1333,0
DA:1335,0
DA:1336,0
DA:1342,0
DA:1346,0
DA:1350,0
DA:1351,0
DA:1352,0
DA:1357,0
DA:1362,0
DA:1364,0
DA:1366,0
DA:1368,0
DA:1372,0
DA:1373,0
DA:1376,0
DA:1378,0
DA:1382,0
DA:1384,0
DA:1385,0
DA:1386,0
DA:1388,0
DA:1389,0
DA:1394,0
DA:1399,0
DA:1400,0
DA:1403,0
DA:1407,0
DA:1409,0
DA:1410,0
DA:1411,0
DA:1415,0
DA:1417,0
DA:1421,0
DA:1424,0
DA:1425,0
DA:1426,0
DA:1430,0
DA:1431,0
DA:1432,0
DA:1433,0
DA:1434,0
DA:1438,0
DA:1440,0
DA:1441,0
DA:1446,0
DA:1448,0
DA:1449,0
DA:1450,0
DA:1453,0
DA:1457,0
DA:1458,0
DA:1459,0
DA:1460,0
DA:1461,0
DA:1462,0
DA:1464,0
DA:1468,0
DA:1469,0
DA:1471,0
DA:1478,0
DA:1480,0
DA:1482,0
DA:1487,0
DA:1496,0
DA:1497,0
DA:1498,0
DA:1500,0
DA:1501,0
DA:1502,0
DA:1503,0
DA:1507,0
DA:1508,0
DA:1511,0
DA:1518,0
DA:1523,0
DA:1524,0
DA:1525,0
DA:1530,0
DA:1532,0
DA:1533,0
DA:1534,0
DA:1535,0
DA:1537,0
DA:1538,0
DA:1543,0
DA:1544,0
DA:1545,0
DA:1546,0
DA:1549,0
DA:1550,0
DA:1551,0
DA:1553,0
DA:1554,0
DA:1555,0
DA:1556,0
DA:1557,0
DA:1558,0
DA:1560,0
DA:1561,0
DA:1562,0
DA:1563,0
DA:1569,0
DA:1572,0
DA:1579,0
DA:1581,0
DA:1582,0
DA:1587,0
DA:1592,0
DA:1593,0
DA:1594,0
DA:1595,0
DA:1596,0
DA:1598,0
DA:1599,0
DA:1601,0
DA:1603,0
DA:1604,0
DA:1609,0
DA:1612,0
DA:1618,0
DA:1620,0
DA:1621,0
DA:1625,0
DA:1627,0
DA:1628,0
DA:1636,0
DA:1638,0
DA:1641,0
DA:1644,0
DA:1647,0
DA:1652,0
DA:1655,0
DA:1658,0
DA:1661,0
DA:1664,0
DA:1665,0
DA:1668,0
DA:1670,0
DA:1674,0
DA:1684,0
DA:1685,0
DA:1688,0
DA:1689,0
DA:1695,0
DA:1698,0
DA:1706,0
DA:1709,0
DA:1718,0
DA:1720,0
DA:1721,0
DA:1726,0
DA:1728,0
DA:1734,0
DA:1736,0
DA:1737,0
DA:1741,0
DA:1748,0
DA:1755,0
DA:1756,0
DA:1764,0
DA:1765,0
DA:1778,0
DA:1788,0
DA:1790,0
DA:1792,0
DA:1795,0
DA:1797,0
DA:1804,0
DA:1807,0
DA:1809,0
DA:1811,0
DA:1817,0
DA:1818,0
DA:1821,0
DA:1829,0
DA:1832,0
DA:1834,0
DA:1835,0
DA:1840,0
DA:1842,0
DA:1843,0
DA:1852,0
DA:1853,0
DA:1855,0
DA:1856,0
DA:1858,0
DA:1865,0
DA:1868,0
DA:1869,0
DA:1871,0
DA:1873,0
DA:1883,0
DA:1884,0
DA:1886,0
DA:1887,0
DA:1890,0
DA:1896,0
DA:1901,0
DA:1906,0
DA:1908,0
DA:1909,0
DA:1917,0
DA:1920,0
DA:1921,0
DA:1922,0
DA:1927,0
DA:1934,0
DA:1935,0
DA:1936,0
DA:1941,0
DA:1946,0
DA:1947,0
DA:1949,0
DA:1951,0
DA:1959,0
DA:1960,0
DA:1961,0
DA:1963,0
DA:1964,0
DA:1966,0
DA:1968,0
DA:1977,0
DA:1979,0
DA:1982,0
DA:1987,0
DA:1988,0
DA:1994,0
DA:1998,0
DA:2003,0
DA:2005,0
DA:2006,0
DA:2011,0
DA:2012,0
DA:2013,0
DA:2015,0
DA:2016,0
DA:2019,0
DA:2020,0
DA:2023,0
DA:2025,0
DA:2026,0
DA:2031,0
DA:2032,0
DA:2033,0
DA:2035,0
DA:2036,0
DA:2038,0
DA:2039,0
DA:2043,0
DA:2044,0
DA:2047,0
DA:2049,0
DA:2050,0
DA:2070,0
DA:2071,0
DA:2073,0
DA:2075,0
DA:2076,0
DA:2077,0
DA:2078,0
DA:2082,0
DA:2083,0
DA:2086,0
DA:2094,0
DA:2096,0
DA:2106,0
DA:2108,0
DA:2117,0
DA:2120,0
DA:2126,0
DA:2127,0
DA:2128,0
DA:2132,0
DA:2133,0
DA:2135,0
DA:2142,0
DA:2144,0
DA:2145,0
DA:2147,0
DA:2166,0
DA:2167,0
DA:2168,0
DA:2172,0
DA:2178,0
DA:2179,0
DA:2183,0
DA:2184,0
DA:2186,0
DA:2188,0
DA:2189,0
DA:2190,0
DA:2191,0
DA:2195,0
DA:2196,0
DA:2199,0
DA:2201,0
DA:2211,0
DA:2213,0
DA:2221,0
DA:2228,0
DA:2231,0
DA:2237,0
DA:2238,0
DA:2239,0
DA:2243,0
DA:2244,0
DA:2247,0
DA:2254,0
DA:2256,0
DA:2257,0
DA:2259,0
DA:2265,0
DA:2266,0
DA:2267,0
DA:2268,0
DA:2274,0
DA:2275,0
DA:2276,0
DA:2277,0
DA:2278,0
DA:2279,0
DA:2281,0
DA:2287,0
DA:2289,0
DA:2290,0
DA:2293,0
DA:2294,0
DA:2304,0
DA:2307,0
DA:2308,0
DA:2309,0
DA:2312,0
DA:2313,0
DA:2314,0
DA:2315,0
DA:2317,0
DA:2321,0
DA:2322,0
DA:2323,0
DA:2324,0
DA:2326,0
DA:2330,0
DA:2331,0
DA:2332,0
DA:2333,0
DA:2335,0
DA:2338,0
DA:2342,0
DA:2343,0
DA:2344,0
DA:2346,0
DA:2347,0
DA:2348,0
DA:2349,0
DA:2351,0
DA:2356,0
DA:2357,0
DA:2358,0
DA:2360,0
DA:2361,0
DA:2362,0
DA:2366,0
DA:2368,0
DA:2369,0
DA:2374,0
DA:2379,0
DA:2380,0
DA:2381,0
DA:2382,0
DA:2390,0
DA:2391,0
DA:2393,0
DA:2397,0
DA:2400,0
DA:2402,0
DA:2403,0
DA:2404,0
DA:2405,0
DA:2410,0
DA:2414,0
DA:2417,0
DA:2420,0
DA:2421,0
DA:2422,0
DA:2425,0
DA:2426,0
DA:2431,0
DA:2435,0
DA:2436,0
DA:2440,0
DA:2441,0
DA:2444,0
DA:2446,0
DA:2447,0
DA:2452,0
DA:2453,0
DA:2454,0
DA:2456,0
DA:2457,0
DA:2458,0
DA:2461,0
DA:2463,0
DA:2464,0
DA:2469,0
DA:2470,0
DA:2471,0
DA:2474,0
DA:2475,0
DA:2476,0
DA:2481,0
DA:2482,0
DA:2483,0
DA:2486,0
DA:2487,0
DA:2488,0
DA:2490,0
DA:2491,0
DA:2493,0
DA:2494,0
DA:2499,0
DA:2502,0
DA:2507,0
DA:2512,0
DA:2513,0
DA:2514,0
DA:2516,0
DA:2521,0
DA:2526,0
DA:2527,0
DA:2528,0
DA:2529,0
DA:2531,0
DA:2532,0
DA:2537,0
DA:2540,0
DA:2542,0
DA:2543,0
DA:2544,0
DA:2547,0
DA:2550,0
DA:2551,0
DA:2552,0
DA:2554,0
DA:2555,0
DA:2560,0
DA:2565,0
DA:2566,0
DA:2569,0
DA:2570,0
DA:2573,0
DA:2574,0
DA:2576,0
DA:2580,0
DA:2582,0
DA:2590,0
DA:2591,0
DA:2592,0
DA:2600,0
DA:2602,0
DA:2603,0
DA:2608,0
DA:2611,0
DA:2613,0
DA:2615,0
DA:2616,0
DA:2621,0
DA:2624,0
DA:2628,0
DA:2630,0
DA:2631,0
DA:2635,0
DA:2636,0
DA:2646,0
DA:2648,0
DA:2649,0
DA:2654,0
DA:2658,0
DA:2659,0
DA:2660,0
DA:2663,0
DA:2665,0
DA:2701,0
DA:2702,0
DA:2707,0
DA:2708,0
DA:2711,0
DA:2712,0
DA:2720,0
DA:2722,0
DA:2723,0
DA:2731,0
DA:2740,0
DA:2741,0
DA:2744,0
DA:2748,0
DA:2749,0
DA:2754,0
DA:2755,0
DA:2757,0
DA:2761,0
DA:2762,0
DA:2764,0
DA:2768,0
DA:2769,0
DA:2770,0
DA:2772,0
DA:2773,0
DA:2774,0
DA:2775,0
DA:2777,0
DA:2781,0
DA:2783,0
DA:2785,0
DA:2787,0
DA:2798,0
DA:2799,0
DA:2800,0
DA:2803,0
DA:2805,0
DA:2806,0
DA:2807,0
DA:2809,0
DA:2820,0
DA:2824,0
DA:2826,0
DA:2827,0
DA:2836,0
DA:2837,0
DA:2838,0
DA:2845,0
DA:2846,0
DA:2847,0
DA:2855,0
DA:2856,0
DA:2857,0
DA:2868,0
DA:2870,0
DA:2871,0
DA:2875,0
DA:2876,0
DA:2877,0
DA:2881,0
DA:2882,0
DA:2885,0
DA:2896,0
DA:2899,0
DA:2900,0
DA:2902,0
DA:2903,0
DA:2908,0
DA:2909,0
DA:2912,0
DA:2914,0
DA:2915,0
DA:2917,0
DA:2918,0
DA:2920,0
DA:2925,0
DA:2926,0
DA:2928,0
DA:2929,0
DA:2934,0
DA:2935,0
DA:2938,0
DA:2939,0
DA:2941,0
DA:2943,0
DA:2944,0
DA:2949,0
DA:2950,0
DA:2951,0
DA:2952,0
DA:2954,0
DA:2955,0
DA:2960,0
DA:2961,0
DA:2963,0
DA:2964,0
DA:2969,0
DA:2970,0
DA:2971,0
DA:2974,0
DA:2979,0
DA:2980,0
DA:2982,0
DA:2984,0
DA:2989,0
DA:2990,0
DA:2992,0
DA:2994,0
DA:2995,0
DA:3000,0
DA:3002,0
DA:3003,0
DA:3006,0
DA:3008,0
DA:3009,0
DA:3015,0
DA:3020,0
DA:3021,0
DA:3022,0
LF:991
LH:13
BRDA:293,0,0,0
BRDA:306,1,0,0
BRDA:313,2,0,0
BRDA:313,2,1,0
BRDA:510,3,0,0
BRDA:510,3,1,0
BRDA:511,4,0,0
BRDA:511,4,1,0
BRDA:512,5,0,0
BRDA:512,5,1,0
BRDA:515,6,0,0
BRDA:515,6,1,0
BRDA:520,7,0,0
BRDA:520,7,1,0
BRDA:520,7,2,0
BRDA:520,7,3,0
BRDA:520,7,4,0
BRDA:520,7,5,0
BRDA:539,8,0,0
BRDA:539,8,1,0
BRDA:544,9,0,0
BRDA:568,10,0,0
BRDA:576,11,0,0
BRDA:576,11,1,0
BRDA:587,12,0,0
BRDA:596,13,0,0
BRDA:603,14,0,0
BRDA:609,15,0,0
BRDA:609,15,1,0
BRDA:609,15,2,0
BRDA:614,16,0,0
BRDA:625,17,0,0
BRDA:635,18,0,0
BRDA:642,19,0,0
BRDA:644,20,0,0
BRDA:660,21,0,0
BRDA:669,22,0,0
BRDA:669,22,1,0
BRDA:670,23,0,0
BRDA:676,24,0,0
BRDA:684,25,0,0
BRDA:684,26,0,0
BRDA:684,26,1,0
BRDA:691,27,0,0
BRDA:718,28,0,0
BRDA:718,28,1,0
BRDA:732,29,0,0
BRDA:733,30,0,0
BRDA:733,30,1,0
BRDA:740,31,0,0
BRDA:747,32,0,0
BRDA:747,32,1,0
BRDA:763,33,0,0
BRDA:815,34,0,0
BRDA:826,35,0,0
BRDA:838,36,0,0
BRDA:861,37,0,0
BRDA:868,38,0,0
BRDA:868,38,1,0
BRDA:880,39,0,0
BRDA:880,40,0,0
BRDA:880,40,1,0
BRDA:901,41,0,0
BRDA:901,41,1,0
BRDA:925,42,0,0
BRDA:930,43,0,0
BRDA:930,43,1,0
BRDA:962,44,0,0
BRDA:972,45,0,0
BRDA:976,46,0,0
BRDA:991,47,0,0
BRDA:991,47,1,0
BRDA:1000,48,0,0
BRDA:1002,49,0,0
BRDA:1002,49,1,0
BRDA:1010,50,0,0
BRDA:1010,50,1,0
BRDA:1019,51,0,0
BRDA:1036,52,0,0
BRDA:1036,52,1,0
BRDA:1068,53,0,0
BRDA:1069,54,0,0
BRDA:1069,54,1,0
BRDA:1079,55,0,0
BRDA:1100,56,0,0
BRDA:1115,57,0,0
BRDA:1121,58,0,0
BRDA:1151,59,0,0
BRDA:1157,60,0,0
BRDA:1166,61,0,0
BRDA:1178,62,0,0
BRDA:1188,63,0,0
BRDA:1195,64,0,0
BRDA:1199,65,0,0
BRDA:1204,66,0,0
BRDA:1210,67,0,0
BRDA:1219,68,0,0
BRDA:1225,69,0,0
BRDA:1229,70,0,0
BRDA:1259,71,0,0
BRDA:1267,72,0,0
BRDA:1267,72,1,0
BRDA:1267,72,2,0
BRDA:1267,72,3,0
BRDA:1267,72,4,0
BRDA:1267,72,5,0
BRDA:1267,72,6,0
BRDA:1267,72,7,0
BRDA:1267,72,8,0
BRDA:1288,73,0,0
BRDA:1288,73,1,0
BRDA:1293,74,0,0
BRDA:1304,75,0,0
BRDA:1304,76,0,0
BRDA:1304,76,1,0
BRDA:1316,77,0,0
BRDA:1335,78,0,0
BRDA:1346,79,0,0
BRDA:1351,80,0,0
BRDA:1368,81,0,0
BRDA:1368,81,1,0
BRDA:1372,82,0,0
BRDA:1382,83,0,0
BRDA:1384,84,0,0
BRDA:1388,85,0,0
BRDA:1399,86,0,0
BRDA:1410,87,0,0
BRDA:1410,88,0,0
BRDA:1410,88,1,0
BRDA:1421,89,0,0
BRDA:1424,90,0,0
BRDA:1432,91,0,0
BRDA:1457,92,0,0
BRDA:1457,92,1,0
BRDA:1459,93,0,0
BRDA:1459,93,1,0
BRDA:1461,94,0,0
BRDA:1461,94,1,0
BRDA:1489,95,0,0
BRDA:1489,95,1,0
BRDA:1501,96,0,0
BRDA:1507,97,0,0
BRDA:1523,98,0,0
BRDA:1533,99,0,0
BRDA:1546,100,0,0
BRDA:1555,101,0,0
BRDA:1555,101,1,0
BRDA:1557,102,0,0
BRDA:1557,102,1,0
BRDA:1561,103,0,0
BRDA:1596,104,0,0
BRDA:1627,105,0,0
BRDA:1688,106,0,0
BRDA:1688,106,1,0
BRDA:1736,107,0,0
BRDA:1736,107,1,0
BRDA:1755,108,0,0
BRDA:1797,109,0,0
BRDA:1797,109,1,0
BRDA:1809,110,0,0
BRDA:1811,111,0,0
BRDA:1811,111,1,0
BRDA:1842,112,0,0
BRDA:1856,113,0,0
BRDA:1856,113,1,0
BRDA:1858,114,0,0
BRDA:1858,114,1,0
BRDA:1858,114,2,0
BRDA:1868,115,0,0
BRDA:1868,115,1,0
BRDA:1886,116,0,0
BRDA:1886,116,1,0
BRDA:1921,117,0,0
BRDA:1921,118,0,0
BRDA:1921,118,1,0
BRDA:1946,119,0,0
BRDA:1946,119,1,0
BRDA:1963,120,0,0
BRDA:1963,120,1,0
BRDA:1987,121,0,0
BRDA:2020,122,0,0
BRDA:2020,122,1,0
BRDA:2038,123,0,0
BRDA:2076,124,0,0
BRDA:2126,125,0,0
BRDA:2166,126,0,0
BRDA:2172,127,0,0
BRDA:2173,128,0,0
BRDA:2173,128,1,0
BRDA:2173,128,2,0
BRDA:2173,128,3,0
BRDA:2189,129,0,0
BRDA:2237,130,0,0
BRDA:2267,131,0,0
BRDA:2289,132,0,0
BRDA:2289,133,0,0
BRDA:2289,133,1,0
BRDA:2312,134,0,0
BRDA:2314,135,0,0
BRDA:2321,136,0,0
BRDA:2323,137,0,0
BRDA:2330,138,0,0
BRDA:2332,139,0,0
BRDA:2346,140,0,0
BRDA:2348,141,0,0
BRDA:2356,142,0,0
BRDA:2356,143,0,0
BRDA:2356,143,1,0
BRDA:2368,144,0,0
BRDA:2379,145,0,0
BRDA:2380,146,0,0
BRDA:2381,147,0,0
BRDA:2391,148,0,0
BRDA:2402,149,0,0
BRDA:2403,150,0,0
BRDA:2425,151,0,0
BRDA:2435,152,0,0
BRDA:2456,153,0,0
BRDA:2475,154,0,0
BRDA:2481,155,0,0
BRDA:2490,156,0,0
BRDA:2554,157,0,0
BRDA:2565,158,0,0
BRDA:2565,159,0,0
BRDA:2565,159,1,0
BRDA:2565,159,2,0
BRDA:2578,160,0,0
BRDA:2578,160,1,0
BRDA:2582,161,0,0
BRDA:2592,162,0,0
BRDA:2592,162,1,0
BRDA:2602,163,0,0
BRDA:2615,164,0,0
BRDA:2711,165,0,0
BRDA:2741,166,0,0
BRDA:2741,166,1,0
BRDA:2757,167,0,0
BRDA:2757,167,1,0
BRDA:2764,168,0,0
BRDA:2764,168,1,0
BRDA:2772,169,0,0
BRDA:2772,169,1,0
BRDA:2772,170,0,0
BRDA:2772,170,1,0
BRDA:2774,171,0,0
BRDA:2774,172,0,0
BRDA:2774,172,1,0
BRDA:2787,173,0,0
BRDA:2787,173,1,0
BRDA:2787,173,2,0
BRDA:2796,174,0,0
BRDA:2799,175,0,0
BRDA:2847,176,0,0
BRDA:2847,176,1,0
BRDA:2857,177,0,0
BRDA:2857,177,1,0
BRDA:2870,178,0,0
BRDA:2870,179,0,0
BRDA:2870,179,1,0
BRDA:2876,180,0,0
BRDA:2909,181,0,0
BRDA:2909,182,0,0
BRDA:2909,182,1,0
BRDA:2912,183,0,0
BRDA:2912,183,1,0
BRDA:2915,184,0,0
BRDA:2915,184,1,0
BRDA:2918,185,0,0
BRDA:2935,186,0,0
BRDA:2935,187,0,0
BRDA:2935,187,1,0
BRDA:2939,188,0,0
BRF:272
BRH:0
end_of_record
TN:
SF:src/blockchain/consensus/hybrid-direct.ts
FN:207,(anonymous_0)
FN:243,(anonymous_1)
FN:259,(anonymous_2)
FN:270,(anonymous_3)
FN:312,(anonymous_4)
FN:337,(anonymous_5)
FN:350,(anonymous_6)
FN:357,(anonymous_7)
FN:358,(anonymous_8)
FN:371,(anonymous_9)
FN:392,(anonymous_10)
FN:397,(anonymous_11)
FN:414,(anonymous_12)
FN:415,(anonymous_13)
FN:505,(anonymous_14)
FN:517,(anonymous_15)
FN:518,(anonymous_16)
FN:544,(anonymous_17)
FN:545,(anonymous_18)
FN:563,(anonymous_19)
FN:572,(anonymous_20)
FN:599,(anonymous_21)
FN:601,(anonymous_22)
FN:622,(anonymous_23)
FN:637,(anonymous_24)
FN:642,(anonymous_25)
FN:643,(anonymous_26)
FN:656,(anonymous_27)
FN:659,(anonymous_28)
FN:688,(anonymous_29)
FN:706,(anonymous_30)
FN:708,(anonymous_31)
FN:737,(anonymous_32)
FN:753,(anonymous_33)
FN:767,(anonymous_34)
FN:780,(anonymous_35)
FN:800,(anonymous_36)
FN:831,(anonymous_37)
FN:844,(anonymous_38)
FN:870,(anonymous_39)
FN:874,(anonymous_40)
FN:883,(anonymous_41)
FN:895,(anonymous_42)
FN:911,(anonymous_43)
FN:926,(anonymous_44)
FN:935,(anonymous_45)
FN:942,(anonymous_46)
FN:943,(anonymous_47)
FN:957,(anonymous_48)
FN:962,(anonymous_49)
FN:972,(anonymous_50)
FN:997,(anonymous_51)
FN:1008,(anonymous_52)
FN:1036,(anonymous_53)
FN:1047,(anonymous_54)
FN:1058,(anonymous_55)
FN:1101,(anonymous_56)
FN:1102,(anonymous_57)
FN:1115,(anonymous_58)
FN:1125,(anonymous_59)
FN:1130,(anonymous_60)
FN:1142,(anonymous_61)
FN:1152,(anonymous_62)
FN:1153,(anonymous_63)
FN:1165,(anonymous_64)
FN:1178,(anonymous_65)
FN:1181,(anonymous_66)
FNF:67
FNH:48
FNDA:23,(anonymous_0)
FNDA:23,(anonymous_1)
FNDA:23,(anonymous_2)
FNDA:0,(anonymous_3)
FNDA:24,(anonymous_4)
FNDA:0,(anonymous_5)
FNDA:5,(anonymous_6)
FNDA:5,(anonymous_7)
FNDA:0,(anonymous_8)
FNDA:0,(anonymous_9)
FNDA:0,(anonymous_10)
FNDA:0,(anonymous_11)
FNDA:5,(anonymous_12)
FNDA:5,(anonymous_13)
FNDA:1,(anonymous_14)
FNDA:2,(anonymous_15)
FNDA:2,(anonymous_16)
FNDA:1,(anonymous_17)
FNDA:0,(anonymous_18)
FNDA:1,(anonymous_19)
FNDA:1,(anonymous_20)
FNDA:1,(anonymous_21)
FNDA:0,(anonymous_22)
FNDA:0,(anonymous_23)
FNDA:2,(anonymous_24)
FNDA:2,(anonymous_25)
FNDA:1,(anonymous_26)
FNDA:2,(anonymous_27)
FNDA:0,(anonymous_28)
FNDA:0,(anonymous_29)
FNDA:2,(anonymous_30)
FNDA:0,(anonymous_31)
FNDA:1,(anonymous_32)
FNDA:1,(anonymous_33)
FNDA:0,(anonymous_34)
FNDA:1,(anonymous_35)
FNDA:1,(anonymous_36)
FNDA:1,(anonymous_37)
FNDA:3,(anonymous_38)
FNDA:1,(anonymous_39)
FNDA:1,(anonymous_40)
FNDA:11,(anonymous_41)
FNDA:0,(anonymous_42)
FNDA:2,(anonymous_43)
FNDA:0,(anonymous_44)
FNDA:24,(anonymous_45)
FNDA:24,(anonymous_46)
FNDA:24,(anonymous_47)
FNDA:0,(anonymous_48)
FNDA:0,(anonymous_49)
FNDA:0,(anonymous_50)
FNDA:0,(anonymous_51)
FNDA:2,(anonymous_52)
FNDA:1,(anonymous_53)
FNDA:1,(anonymous_54)
FNDA:1,(anonymous_55)
FNDA:1,(anonymous_56)
FNDA:1,(anonymous_57)
FNDA:1,(anonymous_58)
FNDA:1,(anonymous_59)
FNDA:1,(anonymous_60)
FNDA:2,(anonymous_61)
FNDA:23,(anonymous_62)
FNDA:2,(anonymous_63)
FNDA:1,(anonymous_64)
FNDA:2,(anonymous_65)
FNDA:2,(anonymous_66)
DA:1,6
DA:3,6
DA:4,6
DA:5,6
DA:6,6
DA:7,6
DA:8,6
DA:9,6
DA:10,6
DA:11,6
DA:18,6
DA:20,6
DA:21,6
DA:22,6
DA:23,6
DA:24,6
DA:25,6
DA:26,6
DA:29,6
DA:206,6
DA:210,23
DA:211,23
DA:212,23
DA:224,23
DA:228,23
DA:229,23
DA:234,23
DA:236,23
DA:237,23
DA:244,23
DA:245,23
DA:246,23
DA:247,23
DA:248,23
DA:249,23
DA:250,23
DA:256,23
DA:261,23
DA:270,0
DA:273,23
DA:286,23
DA:294,23
DA:303,23
DA:313,24
DA:316,23
DA:326,23
DA:328,23
DA:329,23
DA:341,0
DA:342,0
DA:345,0
DA:346,0
DA:351,5
DA:354,5
DA:355,5
DA:358,5
DA:359,0
DA:368,5
DA:369,1
DA:371,0
DA:374,5
DA:377,0
DA:378,0
DA:380,0
DA:384,0
DA:392,0
DA:395,0
DA:397,0
DA:399,0
DA:401,5
DA:402,5
DA:404,5
DA:405,5
DA:415,5
DA:416,5
DA:418,5
DA:419,5
DA:420,5
DA:422,0
DA:423,0
DA:433,2
DA:436,2
DA:437,0
DA:441,2
DA:442,1
DA:446,1
DA:447,1
DA:448,0
DA:449,0
DA:453,1
DA:455,0
DA:457,0
DA:459,0
DA:460,0
DA:461,0
DA:465,0
DA:469,0
DA:470,0
DA:473,0
DA:477,0
DA:483,1
DA:484,1
DA:486,1
DA:487,1
DA:489,0
DA:492,1
DA:494,0
DA:495,0
DA:507,1
DA:508,1
DA:518,2
DA:520,2
DA:521,1
DA:524,1
DA:526,0
DA:530,1
DA:536,0
DA:539,1
DA:541,1
DA:542,1
DA:545,1
DA:546,0
DA:551,1
DA:552,1
DA:564,1
DA:570,1
DA:571,1
DA:572,1
DA:574,1
DA:575,1
DA:577,1
DA:578,0
DA:581,1
DA:584,1
DA:587,1
DA:588,0
DA:592,1
DA:600,1
DA:601,0
DA:607,1
DA:608,1
DA:611,1
DA:612,1
DA:613,1
DA:623,0
DA:624,0
DA:625,0
DA:626,0
DA:628,0
DA:638,2
DA:640,2
DA:641,2
DA:642,2
DA:643,2
DA:644,1
DA:647,2
DA:648,1
DA:650,2
DA:651,2
DA:652,2
DA:657,2
DA:659,2
DA:660,2
DA:663,2
DA:664,2
DA:666,2
DA:667,2
DA:668,2
DA:671,1
DA:682,1
DA:684,0
DA:685,0
DA:688,0
DA:689,0
DA:694,0
DA:696,0
DA:697,0
DA:707,2
DA:708,2
DA:709,2
DA:711,2
DA:712,0
DA:715,2
DA:716,2
DA:717,1
DA:719,2
DA:721,0
DA:722,0
DA:728,0
DA:741,1
DA:754,1
DA:768,0
DA:781,1
DA:801,1
DA:803,1
DA:805,1
DA:813,1
DA:815,1
DA:821,1
DA:826,0
DA:827,0
DA:832,1
DA:846,3
DA:847,2
DA:849,2
DA:851,2
DA:852,2
DA:853,2
DA:854,2
DA:857,2
DA:858,2
DA:860,2
DA:861,2
DA:871,1
DA:875,1
DA:884,11
DA:896,0
DA:898,0
DA:899,0
DA:901,0
DA:903,0
DA:912,2
DA:913,2
DA:917,2
DA:918,2
DA:920,0
DA:927,0
DA:928,0
DA:936,24
DA:942,24
DA:943,24
DA:944,24
DA:945,24
DA:946,24
DA:949,24
DA:950,24
DA:951,24
DA:955,0
DA:956,0
DA:958,0
DA:962,0
DA:963,0
DA:964,0
DA:972,0
DA:975,24
DA:979,0
DA:980,0
DA:985,24
DA:986,24
DA:987,24
DA:988,24
DA:989,24
DA:991,0
DA:992,0
DA:993,0
DA:997,0
DA:1002,0
DA:1012,2
DA:1014,2
DA:1018,2
DA:1021,1
DA:1024,1
DA:1028,1
DA:1029,1
DA:1031,0
DA:1032,0
DA:1037,1
DA:1039,1
DA:1042,1
DA:1043,1
DA:1044,1
DA:1047,1
DA:1048,1
DA:1049,1
DA:1053,0
DA:1055,1
DA:1058,1
DA:1059,1
DA:1060,1
DA:1063,1
DA:1064,1
DA:1066,1
DA:1067,1
DA:1070,1
DA:1071,1
DA:1072,1
DA:1074,0
DA:1076,1
DA:1079,1
DA:1080,1
DA:1084,1
DA:1085,0
DA:1089,1
DA:1093,0
DA:1094,0
DA:1102,1
DA:1103,1
DA:1104,1
DA:1105,1
DA:1106,1
DA:1108,0
DA:1116,1
DA:1117,1
DA:1118,1
DA:1126,1
DA:1127,1
DA:1134,1
DA:1135,1
DA:1137,0
DA:1138,0
DA:1143,2
DA:1144,2
DA:1148,2
DA:1153,23
DA:1154,2
DA:1155,0
DA:1160,23
DA:1161,23
DA:1162,23
DA:1166,1
DA:1179,2
DA:1181,2
DA:1183,2
DA:1192,2
DA:1195,1
DA:1197,1
DA:1199,1
DA:1200,1
LF:328
LH:237
BRDA:313,0,0,1
BRDA:345,1,0,0
BRDA:368,2,0,1
BRDA:377,3,0,0
BRDA:401,4,0,5
BRDA:420,5,0,3
BRDA:436,6,0,0
BRDA:441,7,0,1
BRDA:447,8,0,0
BRDA:453,9,0,0
BRDA:457,10,0,0
BRDA:457,10,1,0
BRDA:460,11,0,0
BRDA:470,12,0,0
BRDA:508,13,0,0
BRDA:508,13,1,1
BRDA:520,14,0,1
BRDA:524,15,0,0
BRDA:530,16,0,0
BRDA:577,17,0,0
BRDA:584,18,0,0
BRDA:587,19,0,0
BRDA:593,20,0,1
BRDA:593,20,1,0
BRDA:612,21,0,1
BRDA:612,21,1,0
BRDA:625,22,0,0
BRDA:650,23,0,2
BRDA:685,24,0,0
BRDA:711,25,0,0
BRDA:716,26,0,1
BRDA:788,27,0,1
BRDA:788,27,1,0
BRDA:789,28,0,1
BRDA:789,28,1,1
BRDA:790,29,0,1
BRDA:790,29,1,1
BRDA:801,30,0,0
BRDA:807,31,0,1
BRDA:807,31,1,0
BRDA:813,32,0,1
BRDA:813,32,1,1
BRDA:815,33,0,1
BRDA:815,33,1,1
BRDA:815,33,2,1
BRDA:818,34,0,1
BRDA:818,34,1,1
BRDA:821,35,0,1
BRDA:821,35,1,1
BRDA:821,35,2,1
BRDA:821,35,3,1
BRDA:833,36,0,1
BRDA:833,36,1,0
BRDA:834,37,0,1
BRDA:834,37,1,0
BRDA:836,38,0,1
BRDA:836,38,1,1
BRDA:846,39,0,1
BRDA:851,40,0,2
BRDA:857,41,0,2
BRDA:860,42,0,2
BRDA:898,43,0,0
BRDA:913,44,0,2
BRDA:935,45,0,24
BRDA:963,46,0,0
BRDA:992,47,0,0
BRDA:1018,48,0,1
BRDA:1024,49,0,0
BRDA:1044,50,0,1
BRDA:1044,50,1,0
BRDA:1044,51,0,1
BRDA:1044,51,1,0
BRDA:1049,52,0,0
BRDA:1050,53,0,1
BRDA:1050,53,1,1
BRDA:1059,54,0,0
BRDA:1072,55,0,0
BRDA:1084,56,0,0
BRDA:1089,57,0,1
BRDA:1089,57,1,0
BRDA:1104,58,0,1
BRDA:1116,59,0,1
BRDA:1144,60,0,2
BRDA:1154,61,0,0
BRDA:1167,62,0,1
BRDA:1167,62,1,0
BRDA:1168,63,0,1
BRDA:1168,63,1,1
BRDA:1169,64,0,1
BRDA:1169,64,1,1
BRF:90
BRH:52
end_of_record
TN:
SF:src/blockchain/consensus/pow.ts
FN:381,(anonymous_1)
FN:327,(anonymous_2)
FN:345,(anonymous_3)
FN:351,(anonymous_4)
FN:397,(anonymous_5)
FN:461,(anonymous_6)
FN:469,(anonymous_7)
FN:472,(anonymous_8)
FN:473,(anonymous_9)
FN:474,(anonymous_10)
FN:489,(anonymous_11)
FN:569,(anonymous_12)
FN:570,(anonymous_13)
FN:599,(anonymous_14)
FN:606,(anonymous_15)
FN:609,(anonymous_16)
FN:701,(anonymous_17)
FN:714,(anonymous_18)
FN:756,(anonymous_19)
FN:760,(anonymous_20)
FN:848,(anonymous_21)
FN:859,(anonymous_22)
FN:882,(anonymous_23)
FN:901,(anonymous_24)
FN:916,(anonymous_25)
FN:920,(anonymous_26)
FN:924,(anonymous_27)
FN:933,(anonymous_28)
FN:967,(anonymous_29)
FN:973,(anonymous_30)
FN:1009,(anonymous_31)
FN:1013,(anonymous_32)
FN:1020,(anonymous_33)
FN:1021,(anonymous_34)
FN:1047,(anonymous_35)
FN:1066,(anonymous_36)
FN:1106,(anonymous_37)
FN:1110,(anonymous_38)
FN:1117,(anonymous_39)
FN:1118,(anonymous_40)
FN:1135,(anonymous_41)
FN:1137,(anonymous_42)
FN:1160,(anonymous_43)
FN:1174,(anonymous_44)
FN:1192,(anonymous_45)
FN:1209,(anonymous_46)
FN:1214,(anonymous_47)
FN:1224,(anonymous_48)
FN:1227,(anonymous_49)
FN:1241,(anonymous_50)
FN:1244,(anonymous_51)
FN:1257,(anonymous_52)
FN:1266,(anonymous_53)
FN:1270,(anonymous_54)
FN:1280,(anonymous_55)
FN:1332,(anonymous_56)
FN:1360,(anonymous_57)
FN:1368,(anonymous_58)
FN:1376,(anonymous_59)
FN:1384,(anonymous_60)
FN:1415,(anonymous_61)
FN:1444,(anonymous_62)
FN:1451,(anonymous_63)
FN:1457,(anonymous_64)
FN:1465,(anonymous_65)
FN:1487,(anonymous_66)
FN:1511,(anonymous_67)
FN:1543,(anonymous_68)
FN:1556,(anonymous_69)
FN:1570,(anonymous_70)
FN:1582,(anonymous_71)
FN:1592,(anonymous_72)
FN:1612,(anonymous_73)
FN:1645,(anonymous_74)
FN:1654,(anonymous_75)
FN:1688,(anonymous_76)
FN:1690,(anonymous_77)
FN:1695,(anonymous_78)
FN:1710,(anonymous_79)
FN:1714,(anonymous_80)
FN:1762,(anonymous_81)
FN:1763,(anonymous_82)
FN:1795,(anonymous_83)
FN:1855,(anonymous_84)
FN:1896,(anonymous_85)
FN:1899,(anonymous_86)
FN:1900,(anonymous_87)
FN:1904,(anonymous_88)
FN:1920,(anonymous_89)
FN:1938,(anonymous_90)
FN:1947,(anonymous_91)
FN:1980,(anonymous_92)
FN:1993,(anonymous_93)
FN:2002,(anonymous_94)
FN:2020,(anonymous_95)
FN:2077,(anonymous_96)
FN:2093,(anonymous_97)
FN:2151,(anonymous_98)
FN:2166,(anonymous_99)
FN:2167,(anonymous_100)
FN:2206,(anonymous_101)
FN:2214,(anonymous_102)
FN:2242,(anonymous_103)
FN:2243,(anonymous_104)
FN:2256,(anonymous_105)
FN:2261,(anonymous_106)
FN:2266,(anonymous_107)
FN:2269,(anonymous_108)
FN:2310,(anonymous_109)
FN:2351,(anonymous_110)
FN:2352,(anonymous_111)
FN:2387,(anonymous_112)
FN:2427,(anonymous_113)
FN:2466,(anonymous_114)
FN:2473,(anonymous_115)
FN:2488,(anonymous_116)
FN:2506,(anonymous_117)
FN:2516,(anonymous_118)
FN:2537,(anonymous_119)
FN:2548,(anonymous_120)
FN:2552,(anonymous_121)
FN:2560,(anonymous_122)
FN:2566,(anonymous_123)
FN:2570,(anonymous_124)
FN:2573,(anonymous_125)
FN:2586,(anonymous_126)
FN:2592,(anonymous_127)
FN:2596,(anonymous_128)
FN:2604,(anonymous_129)
FN:2605,(anonymous_130)
FN:2628,(anonymous_131)
FN:2639,(anonymous_132)
FN:2642,(anonymous_133)
FNF:133
FNH:80
FNDA:41,(anonymous_1)
FNDA:0,(anonymous_2)
FNDA:0,(anonymous_3)
FNDA:0,(anonymous_4)
FNDA:0,(anonymous_5)
FNDA:0,(anonymous_6)
FNDA:0,(anonymous_7)
FNDA:0,(anonymous_8)
FNDA:0,(anonymous_9)
FNDA:0,(anonymous_10)
FNDA:0,(anonymous_11)
FNDA:1,(anonymous_12)
FNDA:1,(anonymous_13)
FNDA:0,(anonymous_14)
FNDA:1,(anonymous_15)
FNDA:0,(anonymous_16)
FNDA:4,(anonymous_17)
FNDA:0,(anonymous_18)
FNDA:4,(anonymous_19)
FNDA:3,(anonymous_20)
FNDA:1,(anonymous_21)
FNDA:1,(anonymous_22)
FNDA:0,(anonymous_23)
FNDA:1,(anonymous_24)
FNDA:0,(anonymous_25)
FNDA:1,(anonymous_26)
FNDA:1,(anonymous_27)
FNDA:0,(anonymous_28)
FNDA:0,(anonymous_29)
FNDA:0,(anonymous_30)
FNDA:0,(anonymous_31)
FNDA:0,(anonymous_32)
FNDA:0,(anonymous_33)
FNDA:0,(anonymous_34)
FNDA:6,(anonymous_35)
FNDA:1,(anonymous_36)
FNDA:0,(anonymous_37)
FNDA:0,(anonymous_38)
FNDA:0,(anonymous_39)
FNDA:0,(anonymous_40)
FNDA:1,(anonymous_41)
FNDA:1,(anonymous_42)
FNDA:42,(anonymous_43)
FNDA:1,(anonymous_44)
FNDA:3,(anonymous_45)
FNDA:3,(anonymous_46)
FNDA:3,(anonymous_47)
FNDA:1,(anonymous_48)
FNDA:1,(anonymous_49)
FNDA:42,(anonymous_50)
FNDA:1,(anonymous_51)
FNDA:42,(anonymous_52)
FNDA:2,(anonymous_53)
FNDA:2,(anonymous_54)
FNDA:3,(anonymous_55)
FNDA:1,(anonymous_56)
FNDA:0,(anonymous_57)
FNDA:9,(anonymous_58)
FNDA:1,(anonymous_59)
FNDA:5,(anonymous_60)
FNDA:8,(anonymous_61)
FNDA:1,(anonymous_62)
FNDA:0,(anonymous_63)
FNDA:0,(anonymous_64)
FNDA:0,(anonymous_65)
FNDA:0,(anonymous_66)
FNDA:0,(anonymous_67)
FNDA:1,(anonymous_68)
FNDA:2,(anonymous_69)
FNDA:0,(anonymous_70)
FNDA:0,(anonymous_71)
FNDA:0,(anonymous_72)
FNDA:3,(anonymous_73)
FNDA:1,(anonymous_74)
FNDA:0,(anonymous_75)
FNDA:0,(anonymous_76)
FNDA:0,(anonymous_77)
FNDA:0,(anonymous_78)
FNDA:1,(anonymous_79)
FNDA:0,(anonymous_80)
FNDA:0,(anonymous_81)
FNDA:0,(anonymous_82)
FNDA:1,(anonymous_83)
FNDA:1,(anonymous_84)
FNDA:0,(anonymous_85)
FNDA:0,(anonymous_86)
FNDA:0,(anonymous_87)
FNDA:36,(anonymous_88)
FNDA:2,(anonymous_89)
FNDA:1,(anonymous_90)
FNDA:0,(anonymous_91)
FNDA:1,(anonymous_92)
FNDA:44,(anonymous_93)
FNDA:1,(anonymous_94)
FNDA:0,(anonymous_95)
FNDA:4,(anonymous_96)
FNDA:1,(anonymous_97)
FNDA:0,(anonymous_98)
FNDA:1,(anonymous_99)
FNDA:1,(anonymous_100)
FNDA:1,(anonymous_101)
FNDA:1,(anonymous_102)
FNDA:44,(anonymous_103)
FNDA:44,(anonymous_104)
FNDA:1,(anonymous_105)
FNDA:1,(anonymous_106)
FNDA:2,(anonymous_107)
FNDA:1,(anonymous_108)
FNDA:3,(anonymous_109)
FNDA:2,(anonymous_110)
FNDA:2,(anonymous_111)
FNDA:1,(anonymous_112)
FNDA:3,(anonymous_113)
FNDA:0,(anonymous_114)
FNDA:3,(anonymous_115)
FNDA:1,(anonymous_116)
FNDA:4,(anonymous_117)
FNDA:3,(anonymous_118)
FNDA:2,(anonymous_119)
FNDA:3,(anonymous_120)
FNDA:0,(anonymous_121)
FNDA:1,(anonymous_122)
FNDA:0,(anonymous_123)
FNDA:0,(anonymous_124)
FNDA:0,(anonymous_125)
FNDA:2,(anonymous_126)
FNDA:24,(anonymous_127)
FNDA:24,(anonymous_128)
FNDA:24,(anonymous_129)
FNDA:24,(anonymous_130)
FNDA:24,(anonymous_131)
FNDA:2,(anonymous_132)
FNDA:2,(anonymous_133)
DA:1,4
DA:2,4
DA:3,4
DA:4,4
DA:5,4
DA:6,4
DA:7,4
DA:9,4
DA:12,4
DA:13,4
DA:14,4
DA:15,4
DA:16,4
DA:17,4
DA:18,4
DA:19,4
DA:20,4
DA:21,4
DA:22,4
DA:23,4
DA:24,4
DA:26,4
DA:27,4
DA:28,4
DA:29,4
DA:30,4
DA:31,4
DA:32,4
DA:33,4
DA:35,4
DA:36,4
DA:303,4
DA:304,41
DA:305,41
DA:306,41
DA:307,41
DA:310,41
DA:311,41
DA:324,41
DA:328,0
DA:329,0
DA:330,0
DA:333,0
DA:340,41
DA:346,0
DA:352,0
DA:353,0
DA:361,41
DA:362,41
DA:363,41
DA:364,41
DA:365,41
DA:366,41
DA:367,41
DA:368,41
DA:370,41
DA:371,41
DA:372,41
DA:373,41
DA:374,41
DA:375,41
DA:382,41
DA:383,41
DA:384,41
DA:385,41
DA:389,41
DA:392,41
DA:398,0
DA:399,0
DA:400,0
DA:401,0
DA:406,41
DA:419,41
DA:421,41
DA:431,41
DA:433,41
DA:446,41
DA:451,41
DA:462,0
DA:463,0
DA:466,0
DA:470,0
DA:471,0
DA:472,0
DA:473,0
DA:474,0
DA:479,0
DA:480,0
DA:483,0
DA:484,0
DA:489,0
DA:491,0
DA:494,0
DA:496,0
DA:497,0
DA:502,0
DA:506,0
DA:507,0
DA:508,0
DA:512,0
DA:513,0
DA:514,0
DA:515,0
DA:518,0
DA:519,0
DA:520,0
DA:521,0
DA:525,0
DA:526,0
DA:527,0
DA:528,0
DA:532,0
DA:539,0
DA:541,0
DA:542,0
DA:543,0
DA:545,0
DA:548,0
DA:552,0
DA:553,0
DA:556,0
DA:558,0
DA:559,0
DA:570,1
DA:571,1
DA:574,1
DA:575,1
DA:576,0
DA:577,0
DA:586,0
DA:590,1
DA:593,1
DA:597,1
DA:599,1
DA:600,0
DA:602,1
DA:604,1
DA:606,1
DA:607,1
DA:608,0
DA:609,0
DA:615,1
DA:616,1
DA:617,1
DA:620,1
DA:621,1
DA:627,1
DA:638,1
DA:648,1
DA:649,1
DA:657,1
DA:659,1
DA:660,1
DA:664,0
DA:665,0
DA:668,0
DA:671,0
DA:672,0
DA:676,0
DA:680,0
DA:682,0
DA:683,0
DA:684,0
DA:686,1
DA:688,1
DA:689,1
DA:705,4
DA:706,4
DA:708,1
DA:709,1
DA:710,1
DA:715,0
DA:717,0
DA:719,0
DA:722,0
DA:723,0
DA:724,0
DA:729,0
DA:730,0
DA:731,0
DA:732,0
DA:735,0
DA:736,0
DA:737,0
DA:738,0
DA:740,0
DA:744,0
DA:745,0
DA:748,0
DA:750,0
DA:751,0
DA:752,0
DA:757,4
DA:761,3
DA:763,3
DA:764,0
DA:765,0
DA:773,3
DA:781,3
DA:782,15
DA:786,0
DA:787,0
DA:792,3
DA:796,3
DA:797,3
DA:801,0
DA:805,0
DA:806,0
DA:810,0
DA:811,0
DA:812,0
DA:816,0
DA:820,0
DA:821,0
DA:824,0
DA:825,0
DA:826,0
DA:829,0
DA:831,0
DA:832,0
DA:835,0
DA:837,0
DA:838,0
DA:849,1
DA:850,1
DA:864,1
DA:865,0
DA:866,0
DA:867,0
DA:868,0
DA:869,0
DA:887,0
DA:907,1
DA:917,0
DA:921,1
DA:925,1
DA:934,0
DA:935,0
DA:938,0
DA:943,0
DA:945,0
DA:947,0
DA:948,0
DA:951,0
DA:952,0
DA:954,0
DA:956,0
DA:968,0
DA:969,0
DA:970,0
DA:973,0
DA:974,0
DA:976,0
DA:977,0
DA:980,0
DA:1010,0
DA:1011,0
DA:1014,0
DA:1020,0
DA:1022,0
DA:1033,0
DA:1034,0
DA:1035,0
DA:1037,0
DA:1038,0
DA:1048,6
DA:1050,6
DA:1058,6
DA:1067,1
DA:1069,1
DA:1071,1
DA:1072,1
DA:1075,0
DA:1077,0
DA:1107,0
DA:1108,0
DA:1111,0
DA:1117,0
DA:1119,0
DA:1130,1
DA:1131,1
DA:1136,1
DA:1137,1
DA:1140,1
DA:1141,1
DA:1143,1
DA:1144,0
DA:1146,1
DA:1147,1
DA:1150,0
DA:1151,0
DA:1161,42
DA:1162,0
DA:1164,42
DA:1175,1
DA:1176,1
DA:1178,1
DA:1179,0
DA:1180,0
DA:1181,0
DA:1184,1
DA:1193,3
DA:1195,3
DA:1197,3
DA:1203,3
DA:1205,3
DA:1210,3
DA:1211,3
DA:1215,3
DA:1216,3
DA:1225,1
DA:1226,1
DA:1227,1
DA:1230,1
DA:1232,0
DA:1233,0
DA:1242,42
DA:1243,42
DA:1245,1
DA:1248,42
DA:1250,0
DA:1258,42
DA:1259,42
DA:1260,42
DA:1261,42
DA:1262,42
DA:1263,42
DA:1267,2
DA:1271,2
DA:1285,3
DA:1286,1
DA:1287,1
DA:1290,2
DA:1292,2
DA:1293,2
DA:1294,0
DA:1297,2
DA:1301,2
DA:1305,0
DA:1308,0
DA:1310,0
DA:1311,0
DA:1312,0
DA:1314,0
DA:1316,2
DA:1317,2
DA:1319,0
DA:1321,2
DA:1323,2
DA:1333,1
DA:1334,0
DA:1337,1
DA:1338,1
DA:1342,1
DA:1343,0
DA:1346,1
DA:1348,0
DA:1349,0
DA:1351,0
DA:1361,0
DA:1369,9
DA:1377,1
DA:1385,5
DA:1387,5
DA:1391,5
DA:1392,5
DA:1393,5
DA:1397,0
DA:1400,0
DA:1401,0
DA:1403,0
DA:1405,0
DA:1406,0
DA:1419,8
DA:1420,8
DA:1421,8
DA:1423,8
DA:1424,8
DA:1428,0
DA:1429,0
DA:1432,8
DA:1434,0
DA:1435,0
DA:1445,1
DA:1446,1
DA:1448,0
DA:1452,0
DA:1456,0
DA:1457,0
DA:1466,0
DA:1467,0
DA:1468,0
DA:1474,0
DA:1475,0
DA:1477,0
DA:1479,0
DA:1488,0
DA:1489,0
DA:1498,0
DA:1499,0
DA:1501,0
DA:1502,0
DA:1504,0
DA:1505,0
DA:1508,0
DA:1515,0
DA:1518,0
DA:1519,0
DA:1521,0
DA:1522,0
DA:1527,0
DA:1531,0
DA:1536,0
DA:1538,0
DA:1539,0
DA:1544,1
DA:1545,1
DA:1546,1
DA:1547,1
DA:1551,0
DA:1552,0
DA:1557,2
DA:1558,2
DA:1559,2
DA:1562,2
DA:1563,2
DA:1565,2
DA:1566,2
DA:1568,2
DA:1570,0
DA:1571,0
DA:1572,0
DA:1576,0
DA:1579,0
DA:1582,0
DA:1585,2
DA:1587,0
DA:1588,0
DA:1593,0
DA:1595,0
DA:1596,0
DA:1600,0
DA:1601,0
DA:1602,0
DA:1605,0
DA:1607,0
DA:1608,0
DA:1613,3
DA:1615,3
DA:1616,0
DA:1620,3
DA:1621,0
DA:1625,3
DA:1626,3
DA:1627,0
DA:1631,3
DA:1632,3
DA:1634,3
DA:1635,3
DA:1638,0
DA:1640,0
DA:1641,0
DA:1646,1
DA:1656,0
DA:1659,0
DA:1660,0
DA:1662,0
DA:1664,0
DA:1665,0
DA:1666,0
DA:1668,0
DA:1672,0
DA:1680,0
DA:1689,0
DA:1690,0
DA:1694,0
DA:1695,0
DA:1699,0
DA:1707,0
DA:1711,1
DA:1715,0
DA:1716,0
DA:1719,0
DA:1724,0
DA:1725,0
DA:1727,0
DA:1728,0
DA:1729,0
DA:1730,0
DA:1731,0
DA:1733,0
DA:1738,0
DA:1744,0
DA:1753,0
DA:1755,0
DA:1763,0
DA:1765,0
DA:1768,0
DA:1772,0
DA:1775,0
DA:1781,0
DA:1784,0
DA:1786,0
DA:1796,1
DA:1798,1
DA:1799,1
DA:1800,1
DA:1804,0
DA:1805,0
DA:1806,0
DA:1810,0
DA:1811,0
DA:1812,0
DA:1813,0
DA:1817,0
DA:1820,0
DA:1821,0
DA:1825,0
DA:1829,0
DA:1830,0
DA:1831,0
DA:1835,0
DA:1839,0
DA:1840,0
DA:1843,0
DA:1845,0
DA:1846,0
DA:1858,1
DA:1897,0
DA:1899,0
DA:1900,0
DA:1904,36
DA:1905,1
DA:1908,1
DA:1913,1
DA:1921,2
DA:1922,2
DA:1923,2
DA:1926,2
DA:1932,2
DA:1939,1
DA:1940,1
DA:1941,1
DA:1942,1
DA:1945,0
DA:1947,0
DA:1948,0
DA:1951,0
DA:1953,0
DA:1956,0
DA:1959,0
DA:1960,0
DA:1963,1
DA:1964,1
DA:1965,1
DA:1967,0
DA:1968,0
DA:1972,1
DA:1973,1
DA:1974,0
DA:1975,0
DA:1976,0
DA:1980,1
DA:1981,1
DA:1994,44
DA:1995,44
DA:2003,1
DA:2005,1
DA:2006,1
DA:2009,1
DA:2010,1
DA:2011,1
DA:2015,1
DA:2019,1
DA:2020,0
DA:2024,1
DA:2025,1
DA:2027,1
DA:2066,1
DA:2068,0
DA:2069,0
DA:2078,4
DA:2079,2
DA:2081,2
DA:2082,1
DA:2084,1
DA:2097,1
DA:2099,1
DA:2100,1
DA:2104,1
DA:2105,0
DA:2109,1
DA:2110,1
DA:2112,1
DA:2113,1
DA:2120,0
DA:2121,0
DA:2122,0
DA:2125,0
DA:2126,0
DA:2130,0
DA:2131,0
DA:2132,0
DA:2137,0
DA:2139,0
DA:2141,0
DA:2142,0
DA:2152,0
DA:2154,0
DA:2156,0
DA:2157,0
DA:2167,1
DA:2169,1
DA:2170,0
DA:2174,1
DA:2175,1
DA:2176,1
DA:2179,1
DA:2185,1
DA:2186,1
DA:2189,1
DA:2192,1
DA:2197,1
DA:2203,1
DA:2204,1
DA:2206,1
DA:2213,1
DA:2214,1
DA:2218,1
DA:2221,1
DA:2222,1
DA:2223,1
DA:2225,1
DA:2242,44
DA:2243,44
DA:2245,1
DA:2261,1
DA:2262,1
DA:2263,1
DA:2266,2
DA:2269,1
DA:2270,1
DA:2271,1
DA:2272,1
DA:2273,1
DA:2274,1
DA:2278,1
DA:2280,1
DA:2281,2
DA:2282,2
DA:2283,2
DA:2284,1
DA:2286,1
DA:2287,1
DA:2289,1
DA:2290,1
DA:2291,1
DA:2292,1
DA:2296,0
DA:2297,0
DA:2301,1
DA:2311,3
DA:2313,3
DA:2314,0
DA:2317,1
DA:2321,0
DA:2324,1
DA:2325,1
DA:2328,1
DA:2331,1
DA:2332,0
DA:2333,0
DA:2338,1
DA:2340,2
DA:2341,2
DA:2352,2
DA:2353,2
DA:2355,2
DA:2356,0
DA:2360,2
DA:2361,2
DA:2362,1
DA:2366,1
DA:2367,0
DA:2371,1
DA:2372,1
DA:2373,0
DA:2377,1
DA:2378,0
DA:2381,0
DA:2386,1
DA:2387,1
DA:2389,1
DA:2390,0
DA:2394,1
DA:2395,1
DA:2396,0
DA:2400,1
DA:2403,1
DA:2406,1
DA:2409,1
DA:2411,1
DA:2414,1
DA:2416,1
DA:2417,1
DA:2428,3
DA:2429,3
DA:2433,2
DA:2437,1
DA:2438,1
DA:2439,1
DA:2440,0
DA:2444,1
DA:2445,1
DA:2446,0
DA:2448,1
DA:2449,1
DA:2450,0
DA:2453,1
DA:2455,0
DA:2456,0
DA:2468,0
DA:2469,0
DA:2470,0
DA:2474,3
DA:2477,3
DA:2478,0
DA:2482,3
DA:2483,0
DA:2484,0
DA:2488,3
DA:2489,1
DA:2493,3
DA:2502,3
DA:2503,3
DA:2507,4
DA:2508,4
DA:2509,3
DA:2510,3
DA:2511,3
DA:2512,3
DA:2517,3
DA:2518,3
DA:2520,3
DA:2524,3
DA:2525,1
DA:2526,1
DA:2527,1
DA:2531,1
DA:2535,2
DA:2536,2
DA:2537,2
DA:2538,2
DA:2541,2
DA:2549,3
DA:2553,0
DA:2554,0
DA:2561,1
DA:2562,1
DA:2567,0
DA:2568,0
DA:2570,0
DA:2572,0
DA:2573,0
DA:2576,0
DA:2589,2
DA:2593,24
DA:2594,24
DA:2596,24
DA:2601,2
DA:2602,2
DA:2605,24
DA:2606,24
DA:2607,24
DA:2621,2
DA:2622,1
DA:2623,1
DA:2624,1
DA:2626,1
DA:2628,24
DA:2640,2
DA:2641,2
DA:2642,2
DA:2643,2
DA:2644,2
DA:2645,2
DA:2657,2
DA:2658,1
DA:2659,1
DA:2660,1
DA:2662,1
DA:2664,2
LF:792
LH:417
BRDA:329,0,0,0
BRDA:347,1,0,0
BRDA:347,1,1,0
BRDA:399,2,0,0
BRDA:399,3,0,0
BRDA:399,3,1,0
BRDA:443,4,0,41
BRDA:443,4,1,41
BRDA:479,5,0,0
BRDA:494,6,0,0
BRDA:494,6,1,0
BRDA:496,7,0,0
BRDA:506,8,0,0
BRDA:513,9,0,0
BRDA:519,10,0,0
BRDA:526,11,0,0
BRDA:546,12,0,0
BRDA:546,12,1,0
BRDA:552,13,0,0
BRDA:575,14,0,0
BRDA:604,15,0,1
BRDA:604,15,1,1
BRDA:607,16,0,0
BRDA:616,17,0,1
BRDA:643,18,0,1
BRDA:643,18,1,1
BRDA:650,19,0,1
BRDA:650,19,1,1
BRDA:652,20,0,1
BRDA:652,20,1,1
BRDA:653,21,0,1
BRDA:653,21,1,1
BRDA:654,22,0,1
BRDA:654,22,1,1
BRDA:664,23,0,0
BRDA:671,24,0,0
BRDA:688,25,0,1
BRDA:722,26,0,0
BRDA:722,27,0,0
BRDA:722,27,1,0
BRDA:729,28,0,0
BRDA:736,29,0,0
BRDA:745,30,0,0
BRDA:763,31,0,0
BRDA:763,32,0,3
BRDA:763,32,1,3
BRDA:782,33,0,0
BRDA:783,34,0,15
BRDA:783,34,1,15
BRDA:783,34,2,15
BRDA:792,35,0,3
BRDA:793,36,0,3
BRDA:793,36,1,0
BRDA:801,37,0,0
BRDA:802,38,0,0
BRDA:802,38,1,0
BRDA:810,39,0,0
BRDA:816,40,0,0
BRDA:824,41,0,0
BRDA:829,42,0,0
BRDA:849,43,0,1
BRDA:849,43,1,0
BRDA:864,44,0,0
BRDA:867,45,0,0
BRDA:934,46,0,0
BRDA:947,47,0,0
BRDA:976,48,0,0
BRDA:982,49,0,0
BRDA:982,49,1,0
BRDA:987,50,0,0
BRDA:987,50,1,0
BRDA:988,51,0,0
BRDA:988,51,1,0
BRDA:990,52,0,0
BRDA:990,52,1,0
BRDA:991,53,0,0
BRDA:991,53,1,0
BRDA:993,54,0,0
BRDA:993,54,1,0
BRDA:994,55,0,0
BRDA:994,55,1,0
BRDA:995,56,0,0
BRDA:995,56,1,0
BRDA:996,57,0,0
BRDA:996,57,1,0
BRDA:997,58,0,0
BRDA:997,58,1,0
BRDA:998,59,0,0
BRDA:998,59,1,0
BRDA:999,60,0,0
BRDA:999,60,1,0
BRDA:1000,61,0,0
BRDA:1000,61,1,0
BRDA:1001,62,0,0
BRDA:1001,62,1,0
BRDA:1002,63,0,0
BRDA:1002,63,1,0
BRDA:1006,64,0,0
BRDA:1006,64,1,0
BRDA:1007,65,0,0
BRDA:1007,65,1,0
BRDA:1016,66,0,0
BRDA:1016,66,1,0
BRDA:1017,67,0,0
BRDA:1017,67,1,0
BRDA:1023,68,0,0
BRDA:1023,68,1,0
BRDA:1023,68,2,0
BRDA:1023,68,3,0
BRDA:1023,68,4,0
BRDA:1023,68,5,0
BRDA:1033,69,0,0
BRDA:1071,70,0,1
BRDA:1079,71,0,0
BRDA:1079,71,1,0
BRDA:1084,72,0,0
BRDA:1084,72,1,0
BRDA:1085,73,0,0
BRDA:1085,73,1,0
BRDA:1087,74,0,0
BRDA:1087,74,1,0
BRDA:1088,75,0,0
BRDA:1088,75,1,0
BRDA:1090,76,0,0
BRDA:1090,76,1,0
BRDA:1091,77,0,0
BRDA:1091,77,1,0
BRDA:1092,78,0,0
BRDA:1092,78,1,0
BRDA:1093,79,0,0
BRDA:1093,79,1,0
BRDA:1094,80,0,0
BRDA:1094,80,1,0
BRDA:1095,81,0,0
BRDA:1095,81,1,0
BRDA:1096,82,0,0
BRDA:1096,82,1,0
BRDA:1097,83,0,0
BRDA:1097,83,1,0
BRDA:1098,84,0,0
BRDA:1098,84,1,0
BRDA:1099,85,0,0
BRDA:1099,85,1,0
BRDA:1103,86,0,0
BRDA:1103,86,1,0
BRDA:1104,87,0,0
BRDA:1104,87,1,0
BRDA:1113,88,0,0
BRDA:1113,88,1,0
BRDA:1114,89,0,0
BRDA:1114,89,1,0
BRDA:1120,90,0,0
BRDA:1120,90,1,0
BRDA:1120,90,2,0
BRDA:1120,90,3,0
BRDA:1120,90,4,0
BRDA:1120,90,5,0
BRDA:1143,91,0,0
BRDA:1143,91,1,1
BRDA:1161,92,0,0
BRDA:1178,93,0,0
BRDA:1178,94,0,1
BRDA:1178,94,1,0
BRDA:1203,95,0,3
BRDA:1203,95,1,0
BRDA:1203,95,2,0
BRDA:1285,96,0,1
BRDA:1293,97,0,0
BRDA:1293,98,0,2
BRDA:1293,98,1,2
BRDA:1297,99,0,2
BRDA:1298,100,0,2
BRDA:1298,100,1,1
BRDA:1316,101,0,2
BRDA:1316,101,1,0
BRDA:1333,102,0,0
BRDA:1342,103,0,0
BRDA:1342,104,0,1
BRDA:1342,104,1,1
BRDA:1348,105,0,0
BRDA:1348,105,1,0
BRDA:1391,106,0,5
BRDA:1391,107,0,5
BRDA:1391,107,1,0
BRDA:1417,108,0,6
BRDA:1425,109,0,8
BRDA:1425,109,1,8
BRDA:1429,110,0,0
BRDA:1445,111,0,1
BRDA:1469,112,0,0
BRDA:1469,112,1,0
BRDA:1471,113,0,0
BRDA:1471,113,1,0
BRDA:1474,114,0,0
BRDA:1474,114,1,0
BRDA:1491,115,0,0
BRDA:1491,115,1,0
BRDA:1494,116,0,0
BRDA:1494,116,1,0
BRDA:1498,117,0,0
BRDA:1501,118,0,0
BRDA:1504,119,0,0
BRDA:1519,120,0,0
BRDA:1519,120,1,0
BRDA:1521,121,0,0
BRDA:1547,122,0,1
BRDA:1547,122,1,0
BRDA:1556,123,0,2
BRDA:1565,124,0,2
BRDA:1565,124,1,2
BRDA:1568,125,0,2
BRDA:1571,126,0,0
BRDA:1595,127,0,0
BRDA:1601,128,0,0
BRDA:1615,129,0,0
BRDA:1615,130,0,3
BRDA:1615,130,1,3
BRDA:1620,131,0,0
BRDA:1626,132,0,0
BRDA:1631,133,0,3
BRDA:1631,133,1,0
BRDA:1632,134,0,3
BRDA:1647,135,0,1
BRDA:1647,135,1,1
BRDA:1647,135,2,0
BRDA:1647,135,3,0
BRDA:1664,136,0,0
BRDA:1668,137,0,0
BRDA:1668,137,1,0
BRDA:1729,138,0,0
BRDA:1729,138,1,0
BRDA:1739,139,0,0
BRDA:1739,139,1,0
BRDA:1747,140,0,0
BRDA:1747,140,1,0
BRDA:1777,141,0,0
BRDA:1777,141,1,0
BRDA:1798,142,0,1
BRDA:1804,143,0,0
BRDA:1811,144,0,0
BRDA:1811,145,0,0
BRDA:1811,145,1,0
BRDA:1820,146,0,0
BRDA:1829,147,0,0
BRDA:1829,148,0,0
BRDA:1829,148,1,0
BRDA:1835,149,0,0
BRDA:1836,150,0,0
BRDA:1836,150,1,0
BRDA:1871,151,0,1
BRDA:1871,151,1,0
BRDA:1895,152,0,1
BRDA:1895,152,1,0
BRDA:1904,153,0,3
BRDA:1904,153,1,33
BRDA:1945,154,0,0
BRDA:1945,154,1,0
BRDA:1963,155,0,1
BRDA:1963,155,1,0
BRDA:1973,156,0,0
BRDA:2030,157,0,1
BRDA:2030,157,1,1
BRDA:2034,158,0,1
BRDA:2034,158,1,1
BRDA:2043,159,0,1
BRDA:2043,159,1,0
BRDA:2049,160,0,1
BRDA:2049,160,1,0
BRDA:2050,161,0,1
BRDA:2050,161,1,0
BRDA:2055,162,0,1
BRDA:2055,162,1,1
BRDA:2055,163,0,1
BRDA:2055,163,1,1
BRDA:2078,164,0,2
BRDA:2081,165,0,1
BRDA:2094,166,0,0
BRDA:2095,167,0,0
BRDA:2099,168,0,1
BRDA:2104,169,0,0
BRDA:2104,170,0,1
BRDA:2104,170,1,1
BRDA:2110,171,0,1
BRDA:2125,172,0,0
BRDA:2169,173,0,0
BRDA:2169,174,0,1
BRDA:2169,174,1,1
BRDA:2198,175,0,1
BRDA:2198,175,1,0
BRDA:2203,176,0,1
BRDA:2203,177,0,1
BRDA:2203,177,1,1
BRDA:2242,178,0,2
BRDA:2242,178,1,42
BRDA:2243,179,0,2
BRDA:2243,179,1,42
BRDA:2281,180,0,0
BRDA:2283,181,0,1
BRDA:2287,182,0,1
BRDA:2289,183,0,1
BRDA:2313,184,0,0
BRDA:2317,185,0,0
BRDA:2325,186,0,0
BRDA:2328,187,0,0
BRDA:2332,188,0,0
BRDA:2355,189,0,0
BRDA:2355,190,0,2
BRDA:2355,190,1,2
BRDA:2355,190,2,2
BRDA:2361,191,0,1
BRDA:2366,192,0,0
BRDA:2372,193,0,0
BRDA:2378,194,0,0
BRDA:2389,195,0,0
BRDA:2395,196,0,0
BRDA:2429,197,0,2
BRDA:2430,198,0,3
BRDA:2430,198,1,1
BRDA:2437,199,0,1
BRDA:2439,200,0,0
BRDA:2439,201,0,1
BRDA:2439,201,1,1
BRDA:2445,202,0,0
BRDA:2445,203,0,1
BRDA:2445,203,1,1
BRDA:2449,204,0,0
BRDA:2477,205,0,0
BRDA:2482,206,0,0
BRDA:2508,207,0,3
BRDA:2518,208,0,0
BRDA:2524,209,0,1
BRDA:2553,210,0,0
BRDA:2621,211,0,1
BRDA:2657,212,0,1
BRF:334
BRH:106
end_of_record
TN:
SF:src/blockchain/consensus/voting.ts
FN:274,(anonymous_1)
FN:287,(anonymous_2)
FN:297,(anonymous_3)
FN:300,(anonymous_4)
FN:306,(anonymous_5)
FN:332,(anonymous_6)
FN:348,(anonymous_7)
FN:360,(anonymous_8)
FN:404,(anonymous_9)
FN:419,(anonymous_10)
FN:443,(anonymous_11)
FN:445,(anonymous_12)
FN:454,(anonymous_13)
FN:462,(anonymous_14)
FN:525,(anonymous_15)
FN:527,(anonymous_16)
FN:534,(anonymous_17)
FN:545,(anonymous_18)
FN:547,(anonymous_19)
FN:549,(anonymous_20)
FN:550,(anonymous_21)
FN:553,(anonymous_22)
FN:565,(anonymous_23)
FN:606,(anonymous_24)
FN:645,(anonymous_25)
FN:688,(anonymous_26)
FN:699,(anonymous_27)
FN:699,(anonymous_28)
FN:711,(anonymous_29)
FN:730,(anonymous_30)
FN:738,(anonymous_31)
FN:760,(anonymous_32)
FN:768,(anonymous_33)
FN:784,(anonymous_34)
FN:809,(anonymous_35)
FN:829,(anonymous_36)
FN:830,(anonymous_37)
FN:845,(anonymous_38)
FN:867,(anonymous_39)
FN:870,(anonymous_40)
FN:875,(anonymous_41)
FN:880,(anonymous_42)
FN:944,(anonymous_43)
FN:950,(anonymous_44)
FN:965,(anonymous_45)
FN:976,(anonymous_46)
FN:1006,(anonymous_47)
FN:1012,(anonymous_48)
FN:1032,(anonymous_49)
FN:1040,(anonymous_50)
FN:1061,(anonymous_51)
FN:1095,(anonymous_52)
FN:1099,(anonymous_53)
FN:1107,(anonymous_54)
FN:1150,(anonymous_55)
FN:1157,(anonymous_56)
FN:1181,(anonymous_57)
FN:1182,(anonymous_58)
FN:1199,(anonymous_59)
FN:1203,(anonymous_60)
FN:1226,(anonymous_61)
FN:1259,(anonymous_62)
FN:1291,(anonymous_63)
FN:1295,(anonymous_64)
FN:1327,(anonymous_65)
FN:1331,(anonymous_66)
FN:1366,(anonymous_67)
FN:1398,(anonymous_68)
FNF:68
FNH:41
FNDA:17,(anonymous_1)
FNDA:0,(anonymous_2)
FNDA:0,(anonymous_3)
FNDA:0,(anonymous_4)
FNDA:0,(anonymous_5)
FNDA:0,(anonymous_6)
FNDA:2,(anonymous_7)
FNDA:17,(anonymous_8)
FNDA:17,(anonymous_9)
FNDA:17,(anonymous_10)
FNDA:0,(anonymous_11)
FNDA:0,(anonymous_12)
FNDA:0,(anonymous_13)
FNDA:0,(anonymous_14)
FNDA:3,(anonymous_15)
FNDA:3,(anonymous_16)
FNDA:2,(anonymous_17)
FNDA:2,(anonymous_18)
FNDA:2,(anonymous_19)
FNDA:2,(anonymous_20)
FNDA:0,(anonymous_21)
FNDA:2,(anonymous_22)
FNDA:2,(anonymous_23)
FNDA:2,(anonymous_24)
FNDA:2,(anonymous_25)
FNDA:2,(anonymous_26)
FNDA:0,(anonymous_27)
FNDA:0,(anonymous_28)
FNDA:21,(anonymous_29)
FNDA:0,(anonymous_30)
FNDA:0,(anonymous_31)
FNDA:0,(anonymous_32)
FNDA:1,(anonymous_33)
FNDA:1,(anonymous_34)
FNDA:2,(anonymous_35)
FNDA:0,(anonymous_36)
FNDA:0,(anonymous_37)
FNDA:2,(anonymous_38)
FNDA:1,(anonymous_39)
FNDA:1,(anonymous_40)
FNDA:1,(anonymous_41)
FNDA:0,(anonymous_42)
FNDA:1,(anonymous_43)
FNDA:1,(anonymous_44)
FNDA:1,(anonymous_45)
FNDA:0,(anonymous_46)
FNDA:17,(anonymous_47)
FNDA:34,(anonymous_48)
FNDA:1,(anonymous_49)
FNDA:1,(anonymous_50)
FNDA:0,(anonymous_51)
FNDA:0,(anonymous_52)
FNDA:0,(anonymous_53)
FNDA:4,(anonymous_54)
FNDA:2,(anonymous_55)
FNDA:2,(anonymous_56)
FNDA:1,(anonymous_57)
FNDA:1,(anonymous_58)
FNDA:17,(anonymous_59)
FNDA:0,(anonymous_60)
FNDA:0,(anonymous_61)
FNDA:18,(anonymous_62)
FNDA:17,(anonymous_63)
FNDA:0,(anonymous_64)
FNDA:0,(anonymous_65)
FNDA:0,(anonymous_66)
FNDA:2,(anonymous_67)
FNDA:1,(anonymous_68)
DA:1,4
DA:2,4
DA:3,4
DA:4,4
DA:7,4
DA:8,4
DA:10,4
DA:13,4
DA:18,4
DA:19,4
DA:20,4
DA:21,4
DA:23,4
DA:25,4
DA:231,4
DA:232,17
DA:233,17
DA:234,17
DA:236,17
DA:237,17
DA:239,17
DA:240,17
DA:241,17
DA:242,17
DA:246,17
DA:248,17
DA:249,17
DA:250,17
DA:251,17
DA:252,17
DA:253,17
DA:254,17
DA:255,17
DA:256,17
DA:257,17
DA:258,17
DA:260,17
DA:275,17
DA:276,17
DA:277,17
DA:278,17
DA:279,17
DA:281,17
DA:283,17
DA:284,17
DA:285,17
DA:286,17
DA:288,0
DA:289,0
DA:294,17
DA:297,17
DA:300,17
DA:301,0
DA:302,0
DA:306,17
DA:307,0
DA:308,0
DA:309,0
DA:314,17
DA:328,17
DA:331,17
DA:332,17
DA:333,0
DA:336,17
DA:342,17
DA:349,2
DA:350,2
DA:351,1
DA:352,1
DA:353,1
DA:361,17
DA:362,17
DA:364,17
DA:365,17
DA:367,0
DA:373,17
DA:374,17
DA:380,17
DA:384,17
DA:385,17
DA:390,0
DA:391,0
DA:396,17
DA:405,17
DA:406,17
DA:407,0
DA:408,0
DA:409,0
DA:421,17
DA:422,0
DA:425,17
DA:426,17
DA:427,17
DA:428,17
DA:430,17
DA:431,0
DA:434,0
[...]
FN:462,(anonymous_29)
FN:471,(anonymous_30)
FN:477,(anonymous_31)
FN:480,(anonymous_32)
FN:487,(anonymous_33)
FN:493,(anonymous_34)
FN:561,(anonymous_35)
FN:594,(anonymous_36)
FN:599,(anonymous_37)
FN:603,(anonymous_38)
FN:619,(anonymous_39)
FN:631,(anonymous_40)
FN:656,(anonymous_41)
FN:668,(anonymous_42)
FN:690,(anonymous_43)
FN:699,(anonymous_44)
FN:703,(anonymous_45)
FN:707,(anonymous_46)
FN:711,(anonymous_47)
FNF:47
FNH:2
FNDA:0,(anonymous_1)
FNDA:0,(anonymous_2)
FNDA:0,(anonymous_3)
FNDA:0,(anonymous_4)
FNDA:0,(anonymous_5)
FNDA:0,(anonymous_6)
FNDA:0,(anonymous_7)
FNDA:0,(anonymous_8)
FNDA:0,(anonymous_9)
FNDA:0,(anonymous_10)
FNDA:0,(anonymous_11)
FNDA:0,(anonymous_12)
FNDA:0,(anonymous_13)
FNDA:0,(anonymous_14)
FNDA:0,(anonymous_15)
FNDA:0,(anonymous_16)
FNDA:0,(anonymous_17)
FNDA:0,(anonymous_18)
FNDA:0,(anonymous_19)
FNDA:0,(anonymous_20)
FNDA:0,(anonymous_21)
FNDA:0,(anonymous_22)
FNDA:0,(anonymous_23)
FNDA:0,(anonymous_24)
FNDA:0,(anonymous_25)
FNDA:0,(anonymous_26)
FNDA:0,(anonymous_27)
FNDA:0,(anonymous_28)
FNDA:0,(anonymous_29)
FNDA:0,(anonymous_30)
FNDA:0,(anonymous_31)
FNDA:0,(anonymous_32)
FNDA:0,(anonymous_33)
FNDA:1,(anonymous_34)
FNDA:0,(anonymous_35)
FNDA:1,(anonymous_36)
FNDA:0,(anonymous_37)
FNDA:0,(anonymous_38)
FNDA:0,(anonymous_39)
FNDA:0,(anonymous_40)
FNDA:0,(anonymous_41)
FNDA:0,(anonymous_42)
FNDA:0,(anonymous_43)
FNDA:0,(anonymous_44)
FNDA:0,(anonymous_45)
FNDA:0,(anonymous_46)
FNDA:0,(anonymous_47)
DA:2,4
DA:4,4
DA:5,4
DA:7,4
DA:8,4
DA:11,4
DA:12,4
DA:13,4
DA:14,4
DA:16,4
DA:19,0
DA:21,0
DA:22,0
DA:26,4
DA:27,0
DA:28,4
DA:39,4
DA:46,4
DA:47,4
DA:50,4
DA:53,4
DA:61,4
DA:74,0
DA:82,4
DA:88,0
DA:89,0
DA:90,0
DA:92,0
DA:93,0
DA:99,0
DA:100,0
DA:102,0
DA:103,0
DA:107,0
DA:109,0
DA:114,0
DA:115,0
DA:116,0
DA:131,0
DA:132,0
DA:133,0
DA:134,0
DA:135,0
DA:136,0
DA:138,0
DA:139,0
DA:142,0
DA:143,0
DA:147,0
DA:148,0
DA:154,0
DA:162,0
DA:163,0
DA:164,0
DA:174,0
DA:175,0
DA:182,0
DA:185,0
DA:186,0
DA:187,0
DA:195,0
DA:196,0
DA:198,0
DA:202,0
DA:210,0
DA:211,0
DA:217,0
DA:218,0
DA:226,0
DA:227,0
DA:228,0
DA:240,0
DA:241,0
DA:247,0
DA:248,0
DA:249,0
DA:257,0
DA:258,0
DA:259,0
DA:261,0
DA:268,0
DA:269,0
DA:275,0
DA:276,0
DA:278,0
DA:279,0
DA:280,0
DA:281,0
DA:283,0
DA:286,0
DA:287,0
DA:288,0
DA:289,0
DA:290,0
DA:291,0
DA:292,0
DA:294,0
DA:297,0
DA:301,0
DA:306,0
DA:310,0
DA:314,0
DA:319,0
DA:324,0
DA:329,0
DA:330,0
DA:331,0
DA:332,0
DA:334,0
DA:335,0
DA:338,0
DA:341,0
DA:342,0
DA:350,0
DA:351,0
DA:352,0
DA:358,0
DA:359,0
DA:360,0
DA:363,0
DA:365,0
DA:366,0
DA:375,0
DA:376,0
DA:379,0
DA:380,0
DA:381,0
DA:383,0
DA:389,0
DA:397,0
DA:398,0
DA:405,0
DA:406,0
DA:415,0
DA:416,0
DA:423,0
DA:424,0
DA:425,0
DA:426,0
DA:429,0
DA:430,0
DA:436,0
DA:437,0
DA:438,0
DA:439,0
DA:440,0
DA:443,0
DA:448,0
DA:449,0
DA:452,0
DA:453,0
DA:457,0
DA:458,0
DA:463,0
DA:464,0
DA:466,0
DA:467,0
DA:472,0
DA:473,0
DA:474,0
DA:478,0
DA:480,0
DA:482,0
DA:484,0
DA:489,0
DA:490,0
DA:494,1
DA:496,1
DA:497,1
DA:499,1
DA:500,1
DA:502,1
DA:503,1
DA:507,0
DA:508,0
DA:510,0
DA:513,0
DA:519,0
DA:528,0
DA:534,0
DA:538,0
DA:541,0
DA:543,0
DA:554,0
DA:556,0
DA:557,0
DA:562,0
DA:564,0
DA:568,0
DA:572,0
DA:573,0
DA:574,0
DA:575,0
DA:579,0
DA:582,0
DA:587,0
DA:589,0
DA:590,0
DA:595,1
DA:597,1
DA:598,1
DA:599,0
DA:602,1
DA:604,0
DA:611,1
DA:613,0
DA:614,0
DA:620,0
DA:622,0
DA:623,0
DA:630,0
DA:632,0
DA:633,0
DA:641,0
DA:648,0
DA:649,0
DA:655,0
DA:656,0
DA:660,0
DA:661,0
DA:671,0
DA:672,0
DA:680,0
DA:682,0
DA:686,0
DA:691,0
DA:692,0
DA:694,0
DA:700,0
DA:704,0
DA:708,0
DA:712,0
DA:713,0
DA:714,0
DA:715,0
DA:716,0
DA:718,0
DA:719,0
LF:238
LH:31
BRDA:88,0,0,0
BRDA:102,1,0,0
BRDA:102,1,1,0
BRDA:138,2,0,0
BRDA:147,3,0,0
BRDA:147,4,0,0
BRDA:147,4,1,0
BRDA:147,4,2,0
BRDA:163,5,0,0
BRDA:174,6,0,0
BRDA:186,7,0,0
BRDA:198,8,0,0
BRDA:199,9,0,0
BRDA:199,9,1,0
BRDA:210,10,0,0
BRDA:217,11,0,0
BRDA:227,12,0,0
BRDA:240,13,0,0
BRDA:248,14,0,0
BRDA:268,15,0,0
BRDA:290,16,0,0
BRDA:290,16,1,0
BRDA:319,17,0,0
BRDA:320,18,0,0
BRDA:320,18,1,0
BRDA:320,18,2,0
BRDA:329,19,0,0
BRDA:329,19,1,0
BRDA:330,20,0,0
BRDA:341,21,0,0
BRDA:358,22,0,0
BRDA:375,23,0,0
BRDA:380,24,0,0
BRDA:380,24,1,0
BRDA:380,25,0,0
BRDA:380,25,1,0
BRDA:390,26,0,0
BRDA:390,26,1,0
BRDA:390,26,2,0
BRDA:397,27,0,0
BRDA:397,28,0,0
BRDA:397,28,1,0
BRDA:405,29,0,0
BRDA:415,30,0,0
BRDA:425,31,0,0
BRDA:429,32,0,0
BRDA:438,33,0,0
BRDA:448,34,0,0
BRDA:453,35,0,0
BRDA:453,35,1,0
BRDA:464,36,0,0
BRDA:464,36,1,0
BRDA:502,37,0,1
BRDA:502,38,0,1
BRDA:502,38,1,0
BRDA:564,39,0,0
BRDA:565,40,0,0
BRDA:565,40,1,0
BRDA:573,41,0,0
BRDA:590,42,0,0
BRDA:590,42,1,0
BRDA:602,43,0,1
BRDA:602,43,1,1
BRDA:605,44,0,0
BRDA:605,44,1,0
BRDA:620,45,0,0
BRDA:620,45,1,0
BRDA:622,46,0,0
BRDA:643,47,0,0
BRDA:643,47,1,0
BRDA:656,48,0,0
BRDA:656,48,1,0
BRDA:660,49,0,0
BRDA:675,50,0,0
BRDA:675,50,1,0
BRDA:676,51,0,0
BRDA:676,51,1,0
BRF:77
BRH:4
end_of_record
TN:
SF:src/validators/transaction-validation-error.ts
FN:4,(anonymous_0)
FNF:1
FNH:0
FNDA:0,(anonymous_0)
DA:1,0
DA:3,0
DA:6,0
DA:8,0
DA:9,0
LF:5
LH:0
BRF:0
BRH:0
end_of_record
TN:
SF:src/validators/transaction.validator.ts
FN:22,(anonymous_0)
FN:43,(anonymous_1)
FN:59,(anonymous_2)
FN:110,(anonymous_3)
FN:150,(anonymous_4)
FN:217,(anonymous_5)
FN:223,(anonymous_6)
FN:231,(anonymous_7)
FN:242,(anonymous_8)
FN:245,(anonymous_9)
FN:247,(anonymous_10)
FN:256,(anonymous_11)
FN:274,(anonymous_12)
FN:289,(anonymous_13)
FN:325,(anonymous_14)
FN:333,(anonymous_15)
FN:369,(anonymous_16)
FN:404,(anonymous_17)
FN:422,(anonymous_18)
FN:436,(anonymous_19)
FN:447,(anonymous_20)
FN:475,(anonymous_21)
FN:514,(anonymous_22)
FN:531,(anonymous_23)
FN:544,(anonymous_24)
FN:560,(anonymous_25)
FN:591,(anonymous_26)
FNF:27
FNH:0
FNDA:0,(anonymous_0)
FNDA:0,(anonymous_1)
FNDA:0,(anonymous_2)
FNDA:0,(anonymous_3)
FNDA:0,(anonymous_4)
FNDA:0,(anonymous_5)
FNDA:0,(anonymous_6)
FNDA:0,(anonymous_7)
FNDA:0,(anonymous_8)
FNDA:0,(anonymous_9)
FNDA:0,(anonymous_10)
FNDA:0,(anonymous_11)
FNDA:0,(anonymous_12)
FNDA:0,(anonymous_13)
FNDA:0,(anonymous_14)
FNDA:0,(anonymous_15)
FNDA:0,(anonymous_16)
FNDA:0,(anonymous_17)
FNDA:0,(anonymous_18)
FNDA:0,(anonymous_19)
FNDA:0,(anonymous_20)
FNDA:0,(anonymous_21)
FNDA:0,(anonymous_22)
FNDA:0,(anonymous_23)
FNDA:0,(anonymous_24)
FNDA:0,(anonymous_25)
FNDA:0,(anonymous_26)
DA:1,0
DA:7,0
DA:8,0
DA:9,0
DA:10,0
DA:11,0
DA:12,0
DA:13,0
DA:14,0
DA:16,0
DA:17,0
DA:18,0
DA:19,0
DA:20,0
DA:27,0
DA:28,0
DA:30,0
DA:31,0
DA:32,0
DA:33,0
DA:36,0
DA:38,0
DA:39,0
DA:48,0
DA:49,0
DA:56,0
DA:59,0
DA:62,0
DA:69,0
DA:70,0
DA:77,0
DA:81,0
DA:88,0
DA:91,0
DA:94,0
DA:95,0
DA:102,0
DA:103,0
DA:112,0
DA:113,0
DA:120,0
DA:121,0
DA:122,0
DA:129,0
DA:130,0
DA:132,0
DA:133,0
DA:140,0
DA:141,0
DA:142,0
DA:143,0
DA:156,0
DA:157,0
DA:164,0
DA:170,0
DA:177,0
DA:179,0
DA:182,0
DA:189,0
DA:196,0
DA:197,0
DA:203,0
DA:207,0
DA:214,0
DA:221,0
DA:222,0
DA:223,0
DA:228,0
DA:232,0
DA:234,0
DA:235,0
DA:242,0
DA:243,0
DA:246,0
DA:247,0
DA:254,0
DA:256,0
DA:257,0
DA:263,0
DA:264,0
DA:265,0
DA:267,0
DA:277,0
DA:279,0
DA:289,0
DA:290,0
DA:294,0
DA:298,0
DA:299,0
DA:306,0
DA:308,0
DA:309,0
DA:315,0
DA:317,0
DA:318,0
DA:326,0
DA:337,0
DA:338,0
DA:339,0
DA:346,0
DA:350,0
DA:357,0
DA:358,0
DA:359,0
DA:367,0
DA:368,0
DA:369,0
DA:373,0
DA:374,0
DA:381,0
DA:382,0
DA:383,0
DA:384,0
DA:385,0
DA:390,0
DA:393,0
DA:394,0
DA:395,0
DA:397,0
DA:408,0
DA:409,0
DA:410,0
DA:411,0
DA:412,0
DA:417,0
DA:419,0
DA:426,0
DA:427,0
DA:428,0
DA:429,0
DA:430,0
DA:433,0
DA:437,0
DA:438,0
DA:439,0
DA:440,0
DA:442,0
DA:443,0
DA:451,0
DA:452,0
DA:454,0
DA:455,0
DA:456,0
DA:457,0
DA:458,0
DA:461,0
DA:462,0
DA:465,0
DA:466,0
DA:471,0
DA:476,0
DA:478,0
DA:479,0
DA:486,0
DA:487,0
DA:488,0
DA:489,0
DA:490,0
DA:493,0
DA:494,0
DA:495,0
DA:496,0
DA:498,0
DA:501,0
DA:504,0
DA:506,0
DA:507,0
DA:518,0
DA:519,0
DA:525,0
DA:532,0
DA:533,0
DA:534,0
DA:536,0
DA:537,0
DA:545,0
DA:546,0
DA:547,0
DA:549,0
DA:550,0
DA:561,0
DA:563,0
DA:578,0
DA:580,0
DA:581,0
DA:592,0
DA:593,0
DA:594,0
DA:600,0
DA:605,0
DA:606,0
LF:191
LH:0
BRDA:30,0,0,0
BRDA:30,0,1,0
BRDA:32,1,0,0
BRDA:48,2,0,0
BRDA:56,3,0,0
BRDA:57,4,0,0
BRDA:57,4,1,0
BRDA:69,5,0,0
BRDA:69,6,0,0
BRDA:69,6,1,0
BRDA:69,6,2,0
BRDA:77,7,0,0
BRDA:94,8,0,0
BRDA:102,9,0,0
BRDA:112,10,0,0
BRDA:112,11,0,0
BRDA:112,11,1,0
BRDA:121,12,0,0
BRDA:132,13,0,0
BRDA:142,14,0,0
BRDA:156,15,0,0
BRDA:164,16,0,0
BRDA:165,17,0,0
BRDA:165,17,1,0
BRDA:165,17,2,0
BRDA:165,17,3,0
BRDA:179,18,0,0
BRDA:190,19,0,0
BRDA:190,19,1,0
BRDA:196,20,0,0
BRDA:203,21,0,0
BRDA:234,22,0,0
BRDA:256,23,0,0
BRDA:264,24,0,0
BRDA:283,25,0,0
BRDA:283,25,1,0
BRDA:284,26,0,0
BRDA:284,26,1,0
BRDA:290,27,0,0
BRDA:290,27,1,0
BRDA:298,28,0,0
BRDA:308,29,0,0
BRDA:327,30,0,0
BRDA:327,30,1,0
BRDA:327,30,2,0
BRDA:338,31,0,0
BRDA:338,32,0,0
BRDA:338,32,1,0
BRDA:346,33,0,0
BRDA:347,34,0,0
BRDA:347,34,1,0
BRDA:358,35,0,0
BRDA:373,36,0,0
BRDA:384,37,0,0
BRDA:394,38,0,0
BRDA:411,39,0,0
BRDA:411,40,0,0
BRDA:411,40,1,0
BRDA:429,41,0,0
BRDA:429,42,0,0
BRDA:429,42,1,0
BRDA:440,43,0,0
BRDA:440,43,1,0
BRDA:461,44,0,0
BRDA:478,45,0,0
BRDA:489,46,0,0
BRDA:489,46,1,0
BRDA:495,47,0,0
BRDA:495,47,1,0
BRDA:518,48,0,0
BRDA:518,49,0,0
BRDA:518,49,1,0
BRDA:593,50,0,0
BRDA:593,51,0,0
BRDA:593,51,1,0
BRDA:601,52,0,0
BRDA:601,52,1,0
BRF:77
BRH:0
end_of_record
TN:
SF:src/wallet/keystore.ts
FN:18,(anonymous_10)
FN:34,(anonymous_11)
FN:87,(anonymous_12)
FN:93,(anonymous_13)
FN:114,(anonymous_14)
FN:139,(anonymous_15)
FN:167,(anonymous_16)
FN:222,(anonymous_17)
FN:262,(anonymous_18)
FN:281,(anonymous_19)
FN:285,(anonymous_20)
FN:316,(anonymous_21)
FN:352,(anonymous_22)
FN:361,(anonymous_23)
FN:386,(anonymous_24)
FN:406,(anonymous_25)
FN:417,(anonymous_26)
FN:433,(anonymous_27)
FN:450,(anonymous_28)
FN:533,(anonymous_29)
FN:578,(anonymous_30)
FN:586,(anonymous_31)
FN:607,(anonymous_32)
FN:627,(anonymous_33)
FN:637,(anonymous_34)
FN:692,(anonymous_35)
FN:714,(anonymous_36)
FN:718,(anonymous_37)
FN:751,(anonymous_38)
FN:779,(anonymous_39)
FNF:30
FNH:0
FNDA:0,(anonymous_10)
FNDA:0,(anonymous_11)
FNDA:0,(anonymous_12)
FNDA:0,(anonymous_13)
FNDA:0,(anonymous_14)
FNDA:0,(anonymous_15)
FNDA:0,(anonymous_16)
FNDA:0,(anonymous_17)
FNDA:0,(anonymous_18)
FNDA:0,(anonymous_19)
FNDA:0,(anonymous_20)
FNDA:0,(anonymous_21)
FNDA:0,(anonymous_22)
FNDA:0,(anonymous_23)
FNDA:0,(anonymous_24)
FNDA:0,(anonymous_25)
FNDA:0,(anonymous_26)
FNDA:0,(anonymous_27)
FNDA:0,(anonymous_28)
FNDA:0,(anonymous_29)
FNDA:0,(anonymous_30)
FNDA:0,(anonymous_31)
FNDA:0,(anonymous_32)
FNDA:0,(anonymous_33)
FNDA:0,(anonymous_34)
FNDA:0,(anonymous_35)
FNDA:0,(anonymous_36)
FNDA:0,(anonymous_37)
FNDA:0,(anonymous_38)
FNDA:0,(anonymous_39)
DA:1,0
DA:7,0
DA:8,0
DA:9,0
DA:10,0
DA:12,0
DA:13,0
DA:14,0
DA:15,0
DA:16,0
DA:18,0
DA:19,0
DA:20,0
DA:21,0
DA:22,0
DA:23,0
DA:24,0
DA:25,0
DA:26,0
DA:27,0
DA:28,0
DA:29,0
DA:30,0
DA:33,0
DA:36,0
DA:38,0
DA:39,0
DA:66,0
DA:67,0
DA:68,0
DA:69,0
DA:70,0
DA:76,0
DA:77,0
DA:79,0
DA:80,0
DA:81,0
DA:83,0
DA:84,0
DA:85,0
DA:88,0
DA:98,0
DA:99,0
DA:100,0
DA:101,0
DA:103,0
DA:107,0
DA:118,0
DA:119,0
DA:120,0
DA:122,0
DA:123,0
DA:124,0
DA:126,0
DA:128,0
DA:132,0
DA:143,0
DA:144,0
DA:145,0
DA:147,0
DA:148,0
DA:152,0
DA:153,0
DA:156,0
DA:159,0
DA:160,0
DA:162,0
DA:163,0
DA:172,0
DA:173,0
DA:175,0
DA:176,0
DA:177,0
DA:183,0
DA:185,0
DA:191,0
DA:193,0
DA:211,0
DA:215,0
DA:226,0
DA:227,0
DA:228,0
DA:230,0
DA:236,0
DA:243,0
DA:249,0
DA:251,0
DA:255,0
DA:263,0
DA:264,0
DA:265,0
DA:266,0
DA:271,0
DA:273,0
DA:277,0
DA:282,0
DA:290,0
DA:291,0
DA:298,0
DA:304,0
DA:305,0
DA:307,0
DA:312,0
DA:321,0
DA:323,0
DA:337,0
DA:339,0
DA:340,0
DA:345,0
DA:357,0
DA:358,0
DA:367,0
DA:373,0
DA:379,0
DA:391,0
DA:392,0
DA:393,0
DA:398,0
DA:399,0
DA:407,0
DA:408,0
DA:411,0
DA:412,0
DA:413,0
DA:420,0
DA:421,0
DA:423,0
DA:424,0
DA:426,0
DA:434,0
DA:435,0
DA:437,0
DA:438,0
DA:443,0
DA:452,0
DA:453,0
DA:460,0
DA:464,0
DA:471,0
DA:476,0
DA:480,0
DA:481,0
DA:488,0
DA:489,0
DA:496,0
DA:500,0
DA:504,0
DA:509,0
DA:513,0
DA:514,0
DA:521,0
DA:524,0
DA:529,0
DA:543,0
DA:544,0
DA:547,0
DA:554,0
DA:555,0
DA:559,0
DA:566,0
DA:571,0
DA:579,0
DA:580,0
DA:582,0
DA:592,0
DA:593,0
DA:594,0
DA:595,0
DA:596,0
DA:597,0
DA:598,0
DA:599,0
DA:601,0
DA:602,0
DA:608,0
DA:609,0
DA:610,0
DA:611,0
DA:613,0
DA:614,0
DA:615,0
DA:616,0
DA:623,0
DA:628,0
DA:632,0
DA:633,0
DA:634,0
DA:641,0
DA:642,0
DA:643,0
DA:646,0
DA:647,0
DA:648,0
DA:652,0
DA:656,0
DA:657,0
DA:658,0
DA:660,0
DA:661,0
DA:665,0
DA:672,0
DA:675,0
DA:676,0
DA:677,0
DA:678,0
DA:680,0
DA:681,0
DA:682,0
DA:684,0
DA:685,0
DA:693,0
DA:694,0
DA:695,0
DA:696,0
DA:700,0
DA:701,0
DA:702,0
DA:703,0
DA:706,0
DA:707,0
DA:709,0
DA:710,0
DA:715,0
DA:719,0
DA:720,0
DA:721,0
DA:726,0
DA:727,0
DA:728,0
DA:733,0
DA:734,0
DA:739,0
DA:741,0
DA:742,0
DA:752,0
DA:753,0
DA:754,0
DA:757,0
DA:760,0
DA:761,0
DA:762,0
DA:763,0
DA:764,0
DA:767,0
DA:769,0
DA:770,0
DA:780,0
DA:781,0
DA:782,0
DA:788,0
DA:790,0
DA:791,0
DA:792,0
DA:794,0
DA:800,0
DA:806,0
DA:808,0
DA:809,0
LF:258
LH:0
BRDA:18,0,0,0
BRDA:18,0,1,0
BRDA:109,1,0,0
BRDA:109,1,1,0
BRDA:119,2,0,0
BRDA:123,3,0,0
BRDA:134,4,0,0
BRDA:134,4,1,0
BRDA:147,5,0,0
BRDA:147,6,0,0
BRDA:147,6,1,0
BRDA:152,7,0,0
BRDA:213,8,0,0
BRDA:213,8,1,0
BRDA:217,9,0,0
BRDA:217,9,1,0
BRDA:253,10,0,0
BRDA:253,10,1,0
BRDA:257,11,0,0
BRDA:257,11,1,0
BRDA:304,12,0,0
BRDA:304,13,0,0
BRDA:304,13,1,0
BRDA:339,14,0,0
BRDA:373,15,0,0
BRDA:392,16,0,0
BRDA:392,17,0,0
BRDA:392,17,1,0
BRDA:392,17,2,0
BRDA:398,18,0,0
BRDA:398,19,0,0
BRDA:398,19,1,0
BRDA:398,19,2,0
BRDA:407,20,0,0
BRDA:407,21,0,0
BRDA:407,21,1,0
BRDA:412,22,0,0
BRDA:423,23,0,0
BRDA:437,24,0,0
BRDA:452,25,0,0
BRDA:452,26,0,0
BRDA:452,26,1,0
BRDA:460,27,0,0
BRDA:461,28,0,0
BRDA:461,28,1,0
BRDA:471,29,0,0
BRDA:472,30,0,0
BRDA:472,30,1,0
BRDA:472,30,2,0
BRDA:480,31,0,0
BRDA:480,32,0,0
BRDA:480,32,1,0
BRDA:488,33,0,0
BRDA:496,34,0,0
BRDA:497,35,0,0
BRDA:497,35,1,0
BRDA:504,36,0,0
BRDA:505,37,0,0
BRDA:505,37,1,0
BRDA:505,37,2,0
BRDA:513,38,0,0
BRDA:524,39,0,0
BRDA:525,40,0,0
BRDA:525,40,1,0
BRDA:525,40,2,0
BRDA:543,41,0,0
BRDA:543,42,0,0
BRDA:543,42,1,0
BRDA:555,43,0,0
BRDA:556,44,0,0
BRDA:556,44,1,0
BRDA:566,45,0,0
BRDA:567,46,0,0
BRDA:567,46,1,0
BRDA:567,46,2,0
BRDA:592,47,0,0
BRDA:592,47,1,0
BRDA:594,48,0,0
BRDA:594,48,1,0
BRDA:597,49,0,0
BRDA:598,50,0,0
BRDA:601,51,0,0
BRDA:611,52,0,0
BRDA:613,53,0,0
BRDA:615,54,0,0
BRDA:628,55,0,0
BRDA:628,55,1,0
BRDA:642,56,0,0
BRDA:647,57,0,0
BRDA:665,58,0,0
BRDA:665,58,1,0
BRDA:687,59,0,0
BRDA:687,59,1,0
BRDA:695,60,0,0
BRDA:702,61,0,0
BRDA:702,62,0,0
BRDA:702,62,1,0
BRDA:715,63,0,0
BRDA:715,63,1,0
BRDA:720,64,0,0
BRDA:727,65,0,0
BRDA:744,66,0,0
BRDA:744,66,1,0
BRDA:760,67,0,0
BRDA:762,68,0,0
BRDA:772,69,0,0
BRDA:772,69,1,0
BRDA:781,70,0,0
BRF:108
BRH:0
end_of_record
TN:
SF:src/wallet/wallet.ts
FN:24,(anonymous_9)
FN:33,(anonymous_10)
FN:63,(anonymous_11)
FN:67,(anonymous_12)
FN:73,(anonymous_13)
FN:78,(anonymous_14)
FN:88,(anonymous_15)
FN:109,(anonymous_16)
FN:133,(anonymous_17)
FN:143,(anonymous_18)
FN:167,(anonymous_19)
FN:191,(anonymous_20)
FN:195,(anonymous_21)
FN:199,(anonymous_22)
FN:225,(anonymous_23)
FN:257,(anonymous_24)
FN:281,(anonymous_25)
FN:339,(anonymous_26)
FN:363,(anonymous_27)
FN:367,(anonymous_28)
FN:372,(anonymous_29)
FN:376,(anonymous_30)
FN:422,(anonymous_31)
FN:423,(anonymous_32)
FN:424,(anonymous_33)
FN:451,(anonymous_34)
FN:466,(anonymous_35)
FN:481,(anonymous_36)
FN:504,(anonymous_37)
FN:539,(anonymous_38)
FN:606,(anonymous_39)
FN:638,(anonymous_40)
FN:676,(anonymous_41)
FNF:33
FNH:0
FNDA:0,(anonymous_9)
FNDA:0,(anonymous_10)
FNDA:0,(anonymous_11)
FNDA:0,(anonymous_12)
FNDA:0,(anonymous_13)
FNDA:0,(anonymous_14)
FNDA:0,(anonymous_15)
FNDA:0,(anonymous_16)
FNDA:0,(anonymous_17)
FNDA:0,(anonymous_18)
FNDA:0,(anonymous_19)
FNDA:0,(anonymous_20)
FNDA:0,(anonymous_21)
FNDA:0,(anonymous_22)
FNDA:0,(anonymous_23)
FNDA:0,(anonymous_24)
FNDA:0,(anonymous_25)
FNDA:0,(anonymous_26)
FNDA:0,(anonymous_27)
FNDA:0,(anonymous_28)
FNDA:0,(anonymous_29)
FNDA:0,(anonymous_30)
FNDA:0,(anonymous_31)
FNDA:0,(anonymous_32)
FNDA:0,(anonymous_33)
FNDA:0,(anonymous_34)
FNDA:0,(anonymous_35)
FNDA:0,(anonymous_36)
FNDA:0,(anonymous_37)
FNDA:0,(anonymous_38)
FNDA:0,(anonymous_39)
FNDA:0,(anonymous_40)
FNDA:0,(anonymous_41)
DA:1,0
DA:6,0
DA:7,0
DA:8,0
DA:13,0
DA:14,0
DA:15,0
DA:16,0
DA:17,0
DA:18,0
DA:19,0
DA:20,0
DA:21,0
DA:23,0
DA:26,0
DA:28,0
DA:29,0
DA:33,0
DA:34,0
DA:35,0
DA:36,0
DA:37,0
DA:38,0
DA:39,0
DA:40,0
DA:43,0
DA:44,0
DA:48,0
DA:50,0
DA:52,0
DA:64,0
DA:68,0
DA:69,0
DA:70,0
DA:71,0
DA:73,0
DA:74,0
DA:79,0
DA:81,0
DA:82,0
DA:85,0
DA:89,0
DA:90,0
DA:95,0
DA:97,0
DA:98,0
DA:99,0
DA:101,0
DA:102,0
DA:110,0
DA:111,0
DA:112,0
DA:114,0
DA:115,0
DA:121,0
DA:122,0
DA:123,0
DA:125,0
DA:126,0
DA:134,0
DA:135,0
DA:136,0
DA:137,0
DA:139,0
DA:144,0
DA:145,0
DA:146,0
DA:147,0
DA:148,0
DA:149,0
DA:154,0
DA:157,0
DA:158,0
DA:163,0
DA:171,0
DA:172,0
DA:175,0
DA:177,0
DA:179,0
DA:180,0
DA:181,0
DA:183,0
DA:184,0
DA:192,0
DA:196,0
DA:200,0
DA:201,0
DA:207,0
DA:209,0
DA:210,0
DA:212,0
DA:213,0
DA:218,0
DA:226,0
DA:228,0
DA:230,0
DA:233,0
DA:234,0
DA:239,0
DA:240,0
DA:242,0
DA:243,0
DA:246,0
DA:247,0
DA:249,0
DA:250,0
DA:260,0
DA:262,0
DA:263,0
DA:265,0
DA:267,0
DA:268,0
DA:269,0
DA:274,0
DA:285,0
DA:286,0
DA:291,0
DA:293,0
DA:294,0
DA:301,0
DA:304,0
DA:305,0
DA:307,0
DA:308,0
DA:315,0
DA:317,0
DA:321,0
DA:322,0
DA:324,0
DA:326,0
DA:328,0
DA:329,0
DA:331,0
DA:332,0
DA:340,0
DA:341,0
DA:342,0
DA:343,0
DA:345,0
DA:348,0
DA:349,0
DA:352,0
DA:354,0
DA:356,0
DA:357,0
DA:359,0
DA:364,0
DA:368,0
DA:369,0
DA:373,0
DA:382,0
DA:383,0
DA:386,0
DA:387,0
DA:393,0
DA:395,0
DA:422,0
DA:423,0
DA:424,0
DA:428,0
DA:431,0
DA:432,0
DA:435,0
DA:436,0
DA:437,0
DA:438,0
DA:441,0
DA:443,0
DA:444,0
DA:452,0
DA:453,0
DA:454,0
DA:456,0
DA:457,0
DA:459,0
DA:467,0
DA:469,0
DA:470,0
DA:472,0
DA:474,0
DA:482,0
DA:483,0
DA:485,0
DA:487,0
DA:488,0
DA:493,0
DA:494,0
DA:505,0
DA:506,0
DA:508,0
DA:510,0
DA:512,0
DA:514,0
DA:518,0
DA:519,0
DA:520,0
DA:522,0
DA:525,0
DA:527,0
DA:528,0
DA:540,0
DA:541,0
DA:545,0
DA:546,0
DA:553,0
DA:554,0
DA:556,0
DA:557,0
DA:558,0
DA:561,0
DA:563,0
DA:564,0
DA:566,0
DA:567,0
DA:568,0
DA:570,0
DA:572,0
DA:573,0
DA:579,0
DA:581,0
DA:584,0
DA:587,0
DA:589,0
DA:591,0
DA:592,0
DA:597,0
DA:607,0
DA:608,0
DA:611,0
DA:613,0
DA:616,0
DA:621,0
DA:623,0
DA:624,0
DA:643,0
DA:645,0
DA:651,0
DA:654,0
DA:657,0
DA:660,0
DA:663,0
DA:664,0
DA:666,0
DA:668,0
DA:669,0
DA:677,0
LF:246
LH:0
BRDA:33,0,0,0
BRDA:33,0,1,0
BRDA:79,1,0,0
BRDA:89,2,0,0
BRDA:89,3,0,0
BRDA:89,3,1,0
BRDA:114,4,0,0
BRDA:136,5,0,0
BRDA:146,6,0,0
BRDA:171,7,0,0
BRDA:200,8,0,0
BRDA:212,9,0,0
BRDA:242,10,0,0
BRDA:249,11,0,0
BRDA:249,11,1,0
BRDA:267,12,0,0
BRDA:285,13,0,0
BRDA:285,14,0,0
BRDA:285,14,1,0
BRDA:293,15,0,0
BRDA:307,16,0,0
BRDA:345,17,0,0
BRDA:356,18,0,0
BRDA:382,19,0,0
BRDA:386,20,0,0
BRDA:386,21,0,0
BRDA:386,21,1,0
BRDA:402,22,0,0
BRDA:402,22,1,0
BRDA:456,23,0,0
BRDA:482,24,0,0
BRDA:505,25,0,0
BRDA:519,26,0,0
BRDA:519,26,1,0
BRDA:540,27,0,0
BRDA:545,28,0,0
BRDA:563,29,0,0
BRDA:563,29,1,0
BRDA:572,30,0,0
BRDA:607,31,0,0
BRF:40
BRH:0
end_of_record
TN:
SF:src/wasm/vote-processor.ts
FN:2,(anonymous_0)
FN:40,(anonymous_1)
FN:45,(anonymous_2)
FN:51,(anonymous_3)
FN:58,(anonymous_4)
FN:89,(anonymous_5)
FN:128,(anonymous_6)
FN:145,(anonymous_7)
FN:172,(anonymous_8)
FN:183,(anonymous_9)
FNF:10
FNH:0
FNDA:0,(anonymous_0)
FNDA:0,(anonymous_1)
FNDA:0,(anonymous_2)
FNDA:0,(anonymous_3)
FNDA:0,(anonymous_4)
FNDA:0,(anonymous_5)
FNDA:0,(anonymous_6)
FNDA:0,(anonymous_7)
FNDA:0,(anonymous_8)
FNDA:0,(anonymous_9)
DA:4,0
DA:6,0
DA:7,0
DA:33,0
DA:34,0
DA:35,0
DA:36,0
DA:37,0
DA:46,0
DA:47,0
DA:48,0
DA:52,0
DA:54,0
DA:55,0
DA:58,0
DA:63,0
DA:65,0
DA:71,0
DA:72,0
DA:73,0
DA:74,0
DA:77,0
DA:78,0
DA:79,0
DA:81,0
DA:82,0
DA:90,0
DA:91,0
DA:94,0
DA:95,0
DA:101,0
DA:102,0
DA:109,0
DA:110,0
DA:111,0
DA:112,0
DA:113,0
DA:115,0
DA:116,0
DA:118,0
DA:129,0
DA:132,0
DA:133,0
DA:134,0
DA:135,0
DA:136,0
DA:137,0
DA:138,0
DA:141,0
DA:142,0
DA:143,0
DA:145,0
DA:146,0
DA:149,0
DA:150,0
DA:153,0
DA:154,0
DA:157,0
DA:158,0
DA:161,0
DA:162,0
DA:165,0
DA:173,0
DA:184,0
DA:185,0
DA:186,0
LF:66
LH:0
BRDA:90,0,0,0
BRDA:90,1,0,0
BRDA:90,1,1,0
BRDA:94,2,0,0
BRDA:101,3,0,0
BRDA:112,4,0,0
BRF:6
BRH:0
end_of_record
