TN:
SF:src/index.ts
FN:51,(anonymous_4)
FNF:1
FNH:0
FNDA:0,(anonymous_4)
DA:1,0
DA:2,0
DA:3,0
DA:4,0
DA:5,0
DA:6,0
DA:7,0
DA:8,0
DA:9,0
DA:10,0
DA:11,0
DA:12,0
DA:13,0
DA:14,0
DA:15,0
DA:16,0
DA:17,0
DA:18,0
DA:19,0
DA:20,0
DA:21,0
DA:22,0
DA:23,0
DA:24,0
DA:25,0
DA:26,0
DA:27,0
DA:28,0
DA:29,0
DA:30,0
DA:31,0
DA:32,0
DA:33,0
DA:34,0
DA:35,0
DA:36,0
DA:37,0
DA:38,0
DA:39,0
DA:40,0
DA:41,0
DA:42,0
DA:43,0
DA:44,0
DA:45,0
DA:46,0
DA:47,0
DA:48,0
DA:49,0
DA:50,0
DA:51,0
LF:51
LH:0
BRF:0
BRH:0
end_of_record
TN:
SF:src/blockchain/blockchain-stats.ts
FN:219,(anonymous_1)
FN:230,(anonymous_2)
FN:233,(anonymous_3)
FN:249,(anonymous_4)
FN:261,(anonymous_5)
FN:273,(anonymous_6)
FN:274,(anonymous_7)
FN:310,(anonymous_8)
FN:320,(anonymous_9)
FN:324,(anonymous_10)
FN:325,(anonymous_11)
FN:334,(anonymous_12)
FN:341,(anonymous_13)
FN:367,(anonymous_14)
FN:379,(anonymous_15)
FN:391,(anonymous_16)
FN:392,(anonymous_17)
FN:412,(anonymous_18)
FN:440,(anonymous_19)
FN:446,(anonymous_20)
FN:473,(anonymous_21)
FN:474,(anonymous_22)
FN:476,(anonymous_23)
FN:482,(anonymous_24)
FN:486,(anonymous_25)
FN:489,(anonymous_26)
FN:504,(anonymous_27)
FN:508,(anonymous_28)
FN:512,(anonymous_29)
FN:530,(anonymous_30)
FN:535,(anonymous_31)
FN:554,(anonymous_32)
FN:555,(anonymous_33)
FN:566,(anonymous_34)
FN:572,(anonymous_35)
FN:578,(anonymous_36)
FN:600,(anonymous_37)
FN:605,(anonymous_38)
FN:618,(anonymous_39)
FN:643,(anonymous_40)
FN:659,(anonymous_41)
FN:691,(anonymous_42)
FN:692,(anonymous_43)
FN:709,(anonymous_44)
FN:721,(anonymous_45)
FN:734,(anonymous_46)
FN:735,(anonymous_47)
FN:737,(anonymous_48)
FN:743,(anonymous_49)
FN:744,(anonymous_50)
FNF:50
FNH:0
FNDA:0,(anonymous_1)
FNDA:0,(anonymous_2)
FNDA:0,(anonymous_3)
FNDA:0,(anonymous_4)
FNDA:0,(anonymous_5)
FNDA:0,(anonymous_6)
FNDA:0,(anonymous_7)
FNDA:0,(anonymous_8)
FNDA:0,(anonymous_9)
FNDA:0,(anonymous_10)
FNDA:0,(anonymous_11)
FNDA:0,(anonymous_12)
FNDA:0,(anonymous_13)
FNDA:0,(anonymous_14)
FNDA:0,(anonymous_15)
FNDA:0,(anonymous_16)
FNDA:0,(anonymous_17)
FNDA:0,(anonymous_18)
FNDA:0,(anonymous_19)
FNDA:0,(anonymous_20)
FNDA:0,(anonymous_21)
FNDA:0,(anonymous_22)
FNDA:0,(anonymous_23)
FNDA:0,(anonymous_24)
FNDA:0,(anonymous_25)
FNDA:0,(anonymous_26)
FNDA:0,(anonymous_27)
FNDA:0,(anonymous_28)
FNDA:0,(anonymous_29)
FNDA:0,(anonymous_30)
FNDA:0,(anonymous_31)
FNDA:0,(anonymous_32)
FNDA:0,(anonymous_33)
FNDA:0,(anonymous_34)
FNDA:0,(anonymous_35)
FNDA:0,(anonymous_36)
FNDA:0,(anonymous_37)
FNDA:0,(anonymous_38)
FNDA:0,(anonymous_39)
FNDA:0,(anonymous_40)
FNDA:0,(anonymous_41)
FNDA:0,(anonymous_42)
FNDA:0,(anonymous_43)
FNDA:0,(anonymous_44)
FNDA:0,(anonymous_45)
FNDA:0,(anonymous_46)
FNDA:0,(anonymous_47)
FNDA:0,(anonymous_48)
FNDA:0,(anonymous_49)
FNDA:0,(anonymous_50)
DA:161,0
DA:162,0
DA:163,0
DA:164,0
DA:165,0
DA:167,0
DA:197,0
DA:203,0
DA:205,0
DA:213,0
DA:220,0
DA:221,0
DA:222,0
DA:223,0
DA:224,0
DA:231,0
DA:233,0
DA:235,0
DA:236,0
DA:240,0
DA:253,0
DA:254,0
DA:255,0
DA:256,0
DA:259,0
DA:260,0
DA:261,0
DA:263,0
DA:266,0
DA:270,0
DA:273,0
DA:274,0
DA:276,0
DA:279,0
DA:283,0
DA:284,0
DA:289,0
DA:292,0
DA:296,0
DA:310,0
DA:311,0
DA:324,0
DA:325,0
DA:327,0
DA:341,0
DA:342,0
DA:343,0
DA:345,0
DA:350,0
DA:353,0
DA:368,0
DA:369,0
DA:370,0
DA:372,0
DA:380,0
DA:381,0
DA:382,0
DA:384,0
DA:392,0
DA:393,0
DA:394,0
DA:395,0
DA:399,0
DA:402,0
DA:403,0
DA:407,0
DA:409,0
DA:410,0
DA:411,0
DA:413,0
DA:417,0
DA:418,0
DA:423,0
DA:428,0
DA:430,0
DA:431,0
DA:446,0
DA:447,0
DA:448,0
DA:449,0
DA:451,0
DA:458,0
DA:459,0
DA:474,0
DA:475,0
DA:476,0
DA:477,0
DA:480,0
DA:482,0
DA:484,0
DA:487,0
DA:489,0
DA:492,0
DA:494,0
DA:495,0
DA:508,0
DA:509,0
DA:510,0
DA:512,0
DA:515,0
DA:516,0
DA:520,0
DA:523,0
DA:524,0
DA:528,0
DA:529,0
DA:531,0
DA:535,0
DA:536,0
DA:538,0
DA:539,0
DA:543,0
DA:549,0
DA:550,0
DA:554,0
DA:555,0
DA:556,0
DA:558,0
DA:572,0
DA:573,0
DA:574,0
DA:575,0
DA:576,0
DA:578,0
DA:579,0
DA:580,0
DA:583,0
DA:590,0
DA:601,0
DA:602,0
DA:605,0
DA:609,0
DA:610,0
DA:619,0
DA:620,0
DA:621,0
DA:623,0
DA:624,0
DA:627,0
DA:630,0
DA:632,0
DA:633,0
DA:648,0
DA:649,0
DA:663,0
DA:669,0
DA:670,0
DA:671,0
DA:672,0
DA:674,0
DA:677,0
DA:678,0
DA:679,0
DA:680,0
DA:681,0
DA:683,0
DA:684,0
DA:685,0
DA:686,0
DA:687,0
DA:692,0
DA:693,0
DA:694,0
DA:695,0
DA:696,0
DA:699,0
DA:710,0
DA:711,0
DA:712,0
DA:723,0
DA:724,0
DA:728,0
DA:735,0
DA:736,0
DA:737,0
DA:738,0
DA:741,0
DA:743,0
DA:744,0
DA:745,0
DA:747,0
DA:748,0
LF:182
LH:0
BRDA:259,0,0,0
BRDA:266,1,0,0
BRDA:267,2,0,0
BRDA:267,2,1,0
BRDA:322,3,0,0
BRDA:369,4,0,0
BRDA:381,5,0,0
BRDA:402,6,0,0
BRDA:418,7,0,0
BRDA:419,8,0,0
BRDA:419,8,1,0
BRDA:419,8,2,0
BRDA:452,9,0,0
BRDA:452,9,1,0
BRDA:453,10,0,0
BRDA:453,10,1,0
BRDA:454,11,0,0
BRDA:454,11,1,0
BRDA:455,12,0,0
BRDA:455,12,1,0
BRDA:480,13,0,0
BRDA:482,14,0,0
BRDA:482,14,1,0
BRDA:487,15,0,0
BRDA:487,15,1,0
BRDA:487,16,0,0
BRDA:487,16,1,0
BRDA:492,17,0,0
BRDA:492,17,1,0
BRDA:512,18,0,0
BRDA:512,18,1,0
BRDA:536,19,0,0
BRDA:539,20,0,0
BRDA:540,21,0,0
BRDA:540,21,1,0
BRDA:549,22,0,0
BRDA:621,23,0,0
BRDA:627,24,0,0
BRDA:648,25,0,0
BRDA:663,26,0,0
BRDA:663,26,1,0
BRDA:669,27,0,0
BRDA:671,28,0,0
BRDA:695,29,0,0
BRDA:723,30,0,0
BRDA:723,30,1,0
BRDA:741,31,0,0
BRDA:744,32,0,0
BRDA:744,32,1,0
BRDA:744,33,0,0
BRDA:744,33,1,0
BRF:51
BRH:0
end_of_record
TN:
SF:src/blockchain/blockchain.ts
FN:323,(anonymous_1)
FN:288,(anonymous_2)
FN:365,(anonymous_3)
FN:366,(anonymous_4)
FN:369,(anonymous_5)
FN:372,(anonymous_6)
FN:417,(anonymous_7)
FN:463,(anonymous_8)
FN:480,(anonymous_9)
FN:533,(anonymous_10)
FN:563,(anonymous_11)
FN:564,(anonymous_12)
FN:565,(anonymous_13)
FN:566,(anonymous_14)
FN:613,(anonymous_15)
FN:624,(anonymous_16)
FN:626,(anonymous_17)
FN:627,(anonymous_18)
FN:641,(anonymous_19)
FN:652,(anonymous_20)
FN:687,(anonymous_21)
FN:693,(anonymous_22)
FN:700,(anonymous_23)
FN:701,(anonymous_24)
FN:723,(anonymous_25)
FN:724,(anonymous_26)
FN:773,(anonymous_27)
FN:794,(anonymous_28)
FN:810,(anonymous_29)
FN:821,(anonymous_30)
FN:827,(anonymous_31)
FN:840,(anonymous_32)
FN:848,(anonymous_33)
FN:882,(anonymous_34)
FN:906,(anonymous_35)
FN:922,(anonymous_36)
FN:954,(anonymous_37)
FN:1006,(anonymous_38)
FN:1040,(anonymous_39)
FN:1054,(anonymous_40)
FN:1058,(anonymous_41)
FN:1062,(anonymous_42)
FN:1073,(anonymous_43)
FN:1087,(anonymous_44)
FN:1096,(anonymous_45)
FN:1098,(anonymous_46)
FN:1105,(anonymous_47)
FN:1116,(anonymous_48)
FN:1137,(anonymous_49)
FN:1141,(anonymous_50)
FN:1151,(anonymous_51)
FN:1155,(anonymous_52)
FN:1160,(anonymous_53)
FN:1161,(anonymous_54)
FN:1186,(anonymous_55)
FN:1227,(anonymous_56)
FN:1228,(anonymous_57)
FN:1241,(anonymous_58)
FN:1255,(anonymous_59)
FN:1301,(anonymous_60)
FN:1310,(anonymous_61)
FN:1312,(anonymous_62)
FN:1320,(anonymous_63)
FN:1577,(anonymous_64)
FN:1583,(anonymous_65)
FN:1597,(anonymous_66)
FN:1640,(anonymous_67)
FN:1658,(anonymous_68)
FN:1679,(anonymous_69)
FN:1680,(anonymous_70)
FN:1694,(anonymous_71)
FN:1699,(anonymous_72)
FN:1704,(anonymous_73)
FN:1707,(anonymous_74)
FN:1720,(anonymous_75)
FN:1728,(anonymous_76)
FN:1742,(anonymous_77)
FN:1763,(anonymous_78)
FN:1765,(anonymous_79)
FN:1798,(anonymous_80)
FN:1822,(anonymous_81)
FN:1846,(anonymous_82)
FN:1851,(anonymous_83)
FN:1872,(anonymous_84)
FN:1891,(anonymous_85)
FN:1922,(anonymous_86)
FN:1923,(anonymous_87)
FN:1936,(anonymous_88)
FN:1937,(anonymous_89)
FN:1966,(anonymous_90)
FN:1989,(anonymous_91)
FN:1992,(anonymous_92)
FN:2013,(anonymous_93)
FN:2014,(anonymous_94)
FN:2027,(anonymous_95)
FN:2058,(anonymous_96)
FN:2080,(anonymous_97)
FN:2096,(anonymous_98)
FN:2105,(anonymous_99)
FN:2112,(anonymous_100)
FN:2114,(anonymous_101)
FN:2126,(anonymous_102)
FN:2155,(anonymous_103)
FN:2164,(anonymous_104)
FN:2176,(anonymous_105)
FN:2215,(anonymous_106)
FN:2240,(anonymous_107)
FN:2262,(anonymous_108)
FN:2286,(anonymous_109)
FN:2314,(anonymous_110)
FN:2315,(anonymous_111)
FN:2327,(anonymous_112)
FN:2336,(anonymous_113)
FN:2351,(anonymous_114)
FN:2360,(anonymous_115)
FN:2370,(anonymous_116)
FN:2371,(anonymous_117)
FN:2389,(anonymous_118)
FN:2390,(anonymous_119)
FN:2405,(anonymous_120)
FN:2420,(anonymous_121)
FN:2421,(anonymous_122)
FN:2431,(anonymous_123)
FN:2441,(anonymous_124)
FN:2442,(anonymous_125)
FN:2457,(anonymous_126)
FN:2470,(anonymous_127)
FN:2508,(anonymous_128)
FN:2512,(anonymous_129)
FN:2516,(anonymous_130)
FN:2519,(anonymous_131)
FN:2523,(anonymous_132)
FN:2527,(anonymous_133)
FN:2549,(anonymous_134)
FN:2581,(anonymous_135)
FN:2585,(anonymous_136)
FN:2596,(anonymous_137)
FN:2679,(anonymous_138)
FN:2685,(anonymous_139)
FN:2695,(anonymous_140)
FN:2699,(anonymous_141)
FN:2704,(anonymous_142)
FN:2708,(anonymous_143)
FN:2732,(anonymous_144)
FN:2736,(anonymous_145)
FN:2743,(anonymous_146)
FN:2751,(anonymous_147)
FN:2789,(anonymous_148)
FNF:148
FNH:0
FNDA:0,(anonymous_1)
FNDA:0,(anonymous_2)
FNDA:0,(anonymous_3)
FNDA:0,(anonymous_4)
FNDA:0,(anonymous_5)
FNDA:0,(anonymous_6)
FNDA:0,(anonymous_7)
FNDA:0,(anonymous_8)
FNDA:0,(anonymous_9)
FNDA:0,(anonymous_10)
FNDA:0,(anonymous_11)
FNDA:0,(anonymous_12)
FNDA:0,(anonymous_13)
FNDA:0,(anonymous_14)
FNDA:0,(anonymous_15)
FNDA:0,(anonymous_16)
FNDA:0,(anonymous_17)
FNDA:0,(anonymous_18)
FNDA:0,(anonymous_19)
FNDA:0,(anonymous_20)
FNDA:0,(anonymous_21)
FNDA:0,(anonymous_22)
FNDA:0,(anonymous_23)
FNDA:0,(anonymous_24)
FNDA:0,(anonymous_25)
FNDA:0,(anonymous_26)
FNDA:0,(anonymous_27)
FNDA:0,(anonymous_28)
FNDA:0,(anonymous_29)
FNDA:0,(anonymous_30)
FNDA:0,(anonymous_31)
FNDA:0,(anonymous_32)
FNDA:0,(anonymous_33)
FNDA:0,(anonymous_34)
FNDA:0,(anonymous_35)
FNDA:0,(anonymous_36)
FNDA:0,(anonymous_37)
FNDA:0,(anonymous_38)
FNDA:0,(anonymous_39)
FNDA:0,(anonymous_40)
FNDA:0,(anonymous_41)
FNDA:0,(anonymous_42)
FNDA:0,(anonymous_43)
FNDA:0,(anonymous_44)
FNDA:0,(anonymous_45)
FNDA:0,(anonymous_46)
FNDA:0,(anonymous_47)
FNDA:0,(anonymous_48)
FNDA:0,(anonymous_49)
FNDA:0,(anonymous_50)
FNDA:0,(anonymous_51)
FNDA:0,(anonymous_52)
FNDA:0,(anonymous_53)
FNDA:0,(anonymous_54)
FNDA:0,(anonymous_55)
FNDA:0,(anonymous_56)
FNDA:0,(anonymous_57)
FNDA:0,(anonymous_58)
FNDA:0,(anonymous_59)
FNDA:0,(anonymous_60)
FNDA:0,(anonymous_61)
FNDA:0,(anonymous_62)
FNDA:0,(anonymous_63)
FNDA:0,(anonymous_64)
FNDA:0,(anonymous_65)
FNDA:0,(anonymous_66)
FNDA:0,(anonymous_67)
FNDA:0,(anonymous_68)
FNDA:0,(anonymous_69)
FNDA:0,(anonymous_70)
FNDA:0,(anonymous_71)
FNDA:0,(anonymous_72)
FNDA:0,(anonymous_73)
FNDA:0,(anonymous_74)
FNDA:0,(anonymous_75)
FNDA:0,(anonymous_76)
FNDA:0,(anonymous_77)
FNDA:0,(anonymous_78)
FNDA:0,(anonymous_79)
FNDA:0,(anonymous_80)
FNDA:0,(anonymous_81)
FNDA:0,(anonymous_82)
FNDA:0,(anonymous_83)
FNDA:0,(anonymous_84)
FNDA:0,(anonymous_85)
FNDA:0,(anonymous_86)
FNDA:0,(anonymous_87)
FNDA:0,(anonymous_88)
FNDA:0,(anonymous_89)
FNDA:0,(anonymous_90)
FNDA:0,(anonymous_91)
FNDA:0,(anonymous_92)
FNDA:0,(anonymous_93)
FNDA:0,(anonymous_94)
FNDA:0,(anonymous_95)
FNDA:0,(anonymous_96)
FNDA:0,(anonymous_97)
FNDA:0,(anonymous_98)
FNDA:0,(anonymous_99)
FNDA:0,(anonymous_100)
FNDA:0,(anonymous_101)
FNDA:0,(anonymous_102)
FNDA:0,(anonymous_103)
FNDA:0,(anonymous_104)
FNDA:0,(anonymous_105)
FNDA:0,(anonymous_106)
FNDA:0,(anonymous_107)
FNDA:0,(anonymous_108)
FNDA:0,(anonymous_109)
FNDA:0,(anonymous_110)
FNDA:0,(anonymous_111)
FNDA:0,(anonymous_112)
FNDA:0,(anonymous_113)
FNDA:0,(anonymous_114)
FNDA:0,(anonymous_115)
FNDA:0,(anonymous_116)
FNDA:0,(anonymous_117)
FNDA:0,(anonymous_118)
FNDA:0,(anonymous_119)
FNDA:0,(anonymous_120)
FNDA:0,(anonymous_121)
FNDA:0,(anonymous_122)
FNDA:0,(anonymous_123)
FNDA:0,(anonymous_124)
FNDA:0,(anonymous_125)
FNDA:0,(anonymous_126)
FNDA:0,(anonymous_127)
FNDA:0,(anonymous_128)
FNDA:0,(anonymous_129)
FNDA:0,(anonymous_130)
FNDA:0,(anonymous_131)
FNDA:0,(anonymous_132)
FNDA:0,(anonymous_133)
FNDA:0,(anonymous_134)
FNDA:0,(anonymous_135)
FNDA:0,(anonymous_136)
FNDA:0,(anonymous_137)
FNDA:0,(anonymous_138)
FNDA:0,(anonymous_139)
FNDA:0,(anonymous_140)
FNDA:0,(anonymous_141)
FNDA:0,(anonymous_142)
FNDA:0,(anonymous_143)
FNDA:0,(anonymous_144)
FNDA:0,(anonymous_145)
FNDA:0,(anonymous_146)
FNDA:0,(anonymous_147)
FNDA:0,(anonymous_148)
DA:165,0
DA:166,0
DA:168,0
DA:169,0
DA:170,0
DA:171,0
DA:172,0
DA:178,0
DA:179,0
DA:180,0
DA:181,0
DA:182,0
DA:184,0
DA:185,0
DA:186,0
DA:187,0
DA:188,0
DA:189,0
DA:190,0
DA:191,0
DA:192,0
DA:193,0
DA:194,0
DA:195,0
DA:196,0
DA:197,0
DA:198,0
DA:199,0
DA:232,0
DA:234,0
DA:235,0
DA:238,0
DA:239,0
DA:240,0
DA:241,0
DA:242,0
DA:243,0
DA:258,0
DA:260,0
DA:261,0
DA:262,0
DA:267,0
DA:274,0
DA:275,0
DA:278,0
DA:279,0
DA:280,0
DA:281,0
DA:282,0
DA:284,0
DA:285,0
DA:287,0
DA:289,0
DA:296,0
DA:305,0
DA:306,0
DA:311,0
DA:312,0
DA:313,0
DA:314,0
DA:315,0
DA:317,0
DA:324,0
DA:325,0
DA:326,0
DA:327,0
DA:329,0
DA:338,0
DA:339,0
DA:342,0
DA:352,0
DA:358,0
DA:365,0
DA:366,0
DA:369,0
DA:370,0
DA:371,0
DA:372,0
DA:373,0
DA:374,0
DA:380,0
DA:393,0
DA:397,0
DA:402,0
DA:415,0
DA:416,0
DA:417,0
DA:418,0
DA:423,0
DA:431,0
DA:441,0
DA:444,0
DA:459,0
DA:460,0
DA:463,0
DA:464,0
DA:465,0
DA:466,0
DA:467,0
DA:468,0
DA:469,0
DA:472,0
DA:477,0
DA:480,0
DA:481,0
DA:484,0
DA:498,0
DA:500,0
DA:501,0
DA:509,0
DA:518,0
DA:519,0
DA:522,0
DA:525,0
DA:534,0
DA:535,0
DA:536,0
DA:537,0
DA:538,0
DA:539,0
DA:542,0
DA:543,0
DA:545,0
DA:551,0
DA:552,0
DA:553,0
DA:554,0
DA:558,0
DA:559,0
DA:562,0
DA:563,0
DA:564,0
DA:565,0
DA:566,0
DA:570,0
DA:584,0
DA:587,0
DA:596,0
DA:599,0
DA:602,0
DA:604,0
DA:605,0
DA:614,0
DA:615,0
DA:626,0
DA:627,0
DA:628,0
DA:629,0
DA:632,0
DA:633,0
DA:642,0
DA:643,0
DA:644,0
DA:646,0
DA:653,0
DA:654,0
DA:688,0
DA:691,0
DA:694,0
DA:700,0
DA:702,0
DA:713,0
DA:714,0
DA:724,0
DA:725,0
DA:726,0
DA:728,0
DA:730,0
DA:731,0
DA:737,0
DA:740,0
DA:741,0
DA:744,0
DA:745,0
DA:746,0
DA:747,0
DA:752,0
DA:755,0
DA:756,0
DA:759,0
DA:761,0
DA:762,0
DA:764,0
DA:765,0
DA:768,0
DA:774,0
DA:783,0
DA:784,0
DA:786,0
DA:787,0
DA:795,0
DA:797,0
DA:804,0
DA:811,0
DA:813,0
DA:814,0
DA:815,0
DA:819,0
DA:822,0
DA:823,0
DA:825,0
DA:828,0
DA:829,0
DA:832,0
DA:833,0
DA:841,0
DA:849,0
DA:851,0
DA:856,0
DA:860,0
DA:863,0
DA:869,0
DA:871,0
DA:873,0
DA:875,0
DA:883,0
DA:885,0
DA:886,0
DA:887,0
DA:891,0
DA:892,0
DA:895,0
DA:896,0
DA:898,0
DA:899,0
DA:907,0
DA:908,0
DA:911,0
DA:912,0
DA:914,0
DA:915,0
DA:916,0
DA:917,0
DA:922,0
DA:923,0
DA:943,0
DA:944,0
DA:946,0
DA:947,0
DA:955,0
DA:957,0
DA:958,0
DA:961,0
DA:963,0
DA:968,0
DA:972,0
DA:976,0
DA:977,0
DA:981,0
DA:982,0
DA:984,0
DA:989,0
DA:993,0
DA:998,0
DA:999,0
DA:1007,0
DA:1008,0
DA:1009,0
DA:1010,0
DA:1013,0
DA:1017,0
DA:1021,0
DA:1022,0
DA:1026,0
DA:1027,0
DA:1030,0
DA:1032,0
DA:1033,0
DA:1046,0
DA:1055,0
DA:1059,0
DA:1066,0
DA:1067,0
DA:1073,0
DA:1082,0
DA:1083,0
DA:1088,0
DA:1098,0
DA:1099,0
DA:1102,0
DA:1107,0
DA:1109,0
DA:1110,0
DA:1117,0
DA:1138,0
DA:1142,0
DA:1143,0
DA:1154,0
DA:1155,0
DA:1156,0
DA:1157,0
DA:1160,0
DA:1162,0
DA:1163,0
DA:1164,0
DA:1168,0
DA:1169,0
DA:1171,0
DA:1174,0
DA:1176,0
DA:1177,0
DA:1187,0
DA:1188,0
DA:1191,0
DA:1193,0
DA:1199,0
DA:1200,0
DA:1201,0
DA:1203,0
DA:1210,0
DA:1216,0
DA:1218,0
DA:1219,0
DA:1228,0
DA:1230,0
DA:1231,0
DA:1234,0
DA:1242,0
DA:1256,0
DA:1258,0
DA:1259,0
DA:1260,0
DA:1264,0
DA:1272,0
DA:1273,0
DA:1274,0
DA:1278,0
DA:1279,0
DA:1280,0
DA:1286,0
DA:1287,0
DA:1290,0
DA:1291,0
DA:1293,0
DA:1294,0
DA:1302,0
DA:1311,0
DA:1312,0
DA:1321,0
DA:1578,0
DA:1579,0
DA:1584,0
DA:1585,0
DA:1598,0
DA:1599,0
DA:1600,0
DA:1603,0
DA:1604,0
DA:1608,0
DA:1609,0
DA:1611,0
DA:1612,0
DA:1613,0
DA:1616,0
DA:1622,0
DA:1629,0
DA:1631,0
DA:1633,0
DA:1641,0
DA:1643,0
DA:1645,0
DA:1646,0
DA:1648,0
DA:1649,0
DA:1652,0
DA:1659,0
DA:1663,0
DA:1666,0
DA:1667,0
DA:1668,0
DA:1669,0
DA:1670,0
DA:1671,0
DA:1672,0
DA:1674,0
DA:1675,0
DA:1680,0
DA:1681,0
DA:1682,0
DA:1683,0
DA:1688,0
DA:1689,0
DA:1696,0
DA:1697,0
DA:1699,0
DA:1701,0
DA:1702,0
DA:1704,0
DA:1708,0
DA:1709,0
DA:1710,0
DA:1712,0
DA:1721,0
DA:1722,0
DA:1724,0
DA:1732,0
DA:1733,0
DA:1734,0
DA:1736,0
DA:1737,0
DA:1743,0
DA:1745,0
DA:1746,0
DA:1750,0
DA:1751,0
DA:1752,0
DA:1756,0
DA:1757,0
DA:1761,0
DA:1764,0
DA:1765,0
DA:1771,0
DA:1772,0
DA:1776,0
DA:1777,0
DA:1780,0
DA:1784,0
DA:1785,0
DA:1786,0
DA:1788,0
DA:1789,0
DA:1801,0
DA:1803,0
DA:1804,0
DA:1805,0
DA:1808,0
DA:1809,0
DA:1811,0
DA:1812,0
DA:1813,0
DA:1818,0
DA:1819,0
DA:1820,0
DA:1822,0
DA:1824,0
DA:1825,0
DA:1826,0
DA:1831,0
DA:1834,0
DA:1836,0
DA:1837,0
DA:1847,0
DA:1849,0
DA:1850,0
DA:1851,0
DA:1854,0
DA:1857,0
DA:1858,0
DA:1861,0
DA:1863,0
DA:1875,0
DA:1876,0
DA:1877,0
DA:1878,0
DA:1879,0
DA:1881,0
DA:1883,0
DA:1892,0
DA:1893,0
DA:1894,0
DA:1895,0
DA:1897,0
DA:1898,0
DA:1901,0
DA:1902,0
DA:1904,0
DA:1906,0
DA:1922,0
DA:1923,0
DA:1924,0
DA:1927,0
DA:1928,0
DA:1932,0
DA:1933,0
DA:1936,0
DA:1937,0
DA:1938,0
DA:1939,0
DA:1944,0
DA:1945,0
DA:1949,0
DA:1950,0
DA:1951,0
DA:1953,0
DA:1955,0
DA:1956,0
DA:1957,0
DA:1958,0
DA:1967,0
DA:1968,0
DA:1969,0
DA:1970,0
DA:1972,0
DA:1974,0
DA:1975,0
DA:1976,0
DA:1980,0
DA:1981,0
DA:1982,0
DA:1987,0
DA:1988,0
DA:1989,0
DA:1991,0
DA:1992,0
DA:1993,0
DA:1997,0
DA:2000,0
DA:2001,0
DA:2003,0
DA:2004,0
DA:2014,0
DA:2015,0
DA:2016,0
DA:2018,0
DA:2019,0
DA:2020,0
DA:2023,0
DA:2024,0
DA:2027,0
DA:2028,0
DA:2029,0
DA:2034,0
DA:2035,0
DA:2036,0
DA:2041,0
DA:2042,0
DA:2044,0
DA:2045,0
DA:2046,0
DA:2048,0
DA:2061,0
DA:2062,0
DA:2064,0
DA:2065,0
DA:2066,0
DA:2067,0
DA:2069,0
DA:2072,0
DA:2082,0
DA:2083,0
DA:2086,0
DA:2088,0
DA:2097,0
DA:2106,0
DA:2113,0
DA:2114,0
DA:2127,0
DA:2128,0
DA:2140,0
DA:2141,0
DA:2142,0
DA:2143,0
DA:2144,0
DA:2146,0
DA:2147,0
DA:2156,0
DA:2157,0
DA:2169,0
DA:2170,0
DA:2177,0
DA:2178,0
DA:2180,0
DA:2181,0
DA:2182,0
DA:2185,0
DA:2188,0
DA:2189,0
DA:2193,0
DA:2194,0
DA:2198,0
DA:2199,0
DA:2203,0
DA:2206,0
DA:2216,0
DA:2217,0
DA:2218,0
DA:2219,0
DA:2220,0
DA:2221,0
DA:2222,0
DA:2223,0
DA:2227,0
DA:2229,0
DA:2230,0
DA:2244,0
DA:2245,0
DA:2247,0
DA:2248,0
DA:2249,0
DA:2250,0
DA:2251,0
DA:2254,0
DA:2263,0
DA:2265,0
DA:2266,0
DA:2267,0
DA:2271,0
DA:2272,0
DA:2274,0
DA:2275,0
DA:2290,0
DA:2291,0
DA:2292,0
DA:2295,0
DA:2296,0
DA:2299,0
DA:2300,0
DA:2301,0
DA:2302,0
DA:2304,0
DA:2305,0
DA:2315,0
DA:2317,0
DA:2318,0
DA:2328,0
DA:2330,0
DA:2333,0
DA:2336,0
DA:2337,0
DA:2338,0
DA:2339,0
DA:2343,0
DA:2344,0
DA:2353,0
DA:2362,0
DA:2363,0
DA:2371,0
DA:2372,0
DA:2373,0
DA:2374,0
DA:2375,0
DA:2376,0
DA:2378,0
DA:2380,0
DA:2390,0
DA:2391,0
DA:2392,0
DA:2393,0
DA:2394,0
DA:2409,0
DA:2410,0
DA:2412,0
DA:2413,0
DA:2421,0
DA:2422,0
DA:2423,0
DA:2425,0
DA:2426,0
DA:2432,0
DA:2433,0
DA:2434,0
DA:2436,0
DA:2437,0
DA:2442,0
DA:2444,0
DA:2445,0
DA:2446,0
DA:2450,0
DA:2451,0
DA:2452,0
DA:2456,0
DA:2457,0
DA:2458,0
DA:2462,0
DA:2463,0
DA:2466,0
DA:2474,0
DA:2475,0
DA:2477,0
DA:2478,0
DA:2479,0
DA:2482,0
DA:2483,0
DA:2486,0
DA:2489,0
DA:2495,0
DA:2497,0
DA:2502,0
DA:2504,0
DA:2509,0
DA:2513,0
DA:2517,0
DA:2519,0
DA:2524,0
DA:2528,0
DA:2530,0
DA:2531,0
DA:2534,0
DA:2535,0
DA:2538,0
DA:2539,0
DA:2542,0
DA:2544,0
DA:2545,0
DA:2550,0
DA:2552,0
DA:2558,0
DA:2559,0
DA:2563,0
DA:2568,0
DA:2572,0
DA:2573,0
DA:2582,0
DA:2586,0
DA:2587,0
DA:2589,0
DA:2597,0
DA:2598,0
DA:2599,0
DA:2600,0
DA:2603,0
DA:2604,0
DA:2605,0
DA:2612,0
DA:2616,0
DA:2619,0
DA:2620,0
DA:2622,0
DA:2623,0
DA:2624,0
DA:2625,0
DA:2628,0
DA:2630,0
DA:2634,0
DA:2635,0
DA:2638,0
DA:2641,0
DA:2642,0
DA:2645,0
DA:2648,0
DA:2649,0
DA:2652,0
DA:2653,0
DA:2658,0
DA:2659,0
DA:2660,0
DA:2661,0
DA:2663,0
DA:2666,0
DA:2675,0
DA:2679,0
DA:2682,0
DA:2683,0
DA:2685,0
DA:2688,0
DA:2690,0
DA:2691,0
DA:2696,0
DA:2700,0
DA:2701,0
DA:2705,0
DA:2709,0
DA:2710,0
DA:2713,0
DA:2716,0
DA:2717,0
DA:2721,0
DA:2725,0
DA:2727,0
DA:2728,0
DA:2733,0
DA:2738,0
DA:2747,0
DA:2748,0
DA:2752,0
DA:2753,0
DA:2771,0
DA:2772,0
DA:2777,0
DA:2779,0
DA:2789,0
DA:2790,0
LF:772
LH:0
BRDA:373,0,0,0
BRDA:466,1,0,0
BRDA:543,2,0,0
BRDA:543,2,1,0
BRDA:642,3,0,0
BRDA:695,4,0,0
BRDA:695,4,1,0
BRDA:696,5,0,0
BRDA:696,5,1,0
BRDA:697,6,0,0
BRDA:697,6,1,0
BRDA:703,7,0,0
BRDA:703,7,1,0
BRDA:703,7,2,0
BRDA:703,7,3,0
BRDA:703,7,4,0
BRDA:703,7,5,0
BRDA:730,8,0,0
BRDA:776,9,0,0
BRDA:776,9,1,0
BRDA:777,10,0,0
BRDA:777,10,1,0
BRDA:778,11,0,0
BRDA:778,11,1,0
BRDA:783,12,0,0
BRDA:786,13,0,0
BRDA:814,14,0,0
BRDA:822,15,0,0
BRDA:851,16,0,0
BRDA:852,17,0,0
BRDA:852,17,1,0
BRDA:853,18,0,0
BRDA:853,18,1,0
BRDA:886,19,0,0
BRDA:891,20,0,0
BRDA:916,21,0,0
BRDA:928,22,0,0
BRDA:928,22,1,0
BRDA:957,23,0,0
BRDA:963,24,0,0
BRDA:976,25,0,0
BRDA:1013,26,0,0
BRDA:1021,27,0,0
BRDA:1026,28,0,0
BRDA:1142,29,0,0
BRDA:1163,30,0,0
BRDA:1168,31,0,0
BRDA:1188,32,0,0
BRDA:1188,32,1,0
BRDA:1194,33,0,0
BRDA:1194,33,1,0
BRDA:1231,34,0,0
BRDA:1258,35,0,0
BRDA:1273,36,0,0
BRDA:1291,37,0,0
BRDA:1291,37,1,0
BRDA:1322,38,0,0
BRDA:1322,38,1,0
BRDA:1335,39,0,0
BRDA:1335,39,1,0
BRDA:1352,40,0,0
BRDA:1352,40,1,0
BRDA:1355,41,0,0
BRDA:1355,41,1,0
BRDA:1358,42,0,0
BRDA:1358,42,1,0
BRDA:1363,43,0,0
BRDA:1363,43,1,0
BRDA:1422,44,0,0
BRDA:1422,44,1,0
BRDA:1446,45,0,0
BRDA:1446,45,1,0
BRDA:1480,46,0,0
BRDA:1480,46,1,0
BRDA:1508,47,0,0
BRDA:1508,47,1,0
BRDA:1551,48,0,0
BRDA:1551,48,1,0
BRDA:1575,49,0,0
BRDA:1575,49,1,0
BRDA:1579,50,0,0
BRDA:1579,50,1,0
BRDA:1585,51,0,0
BRDA:1585,51,1,0
BRDA:1603,52,0,0
BRDA:1609,53,0,0
BRDA:1645,54,0,0
BRDA:1648,55,0,0
BRDA:1684,56,0,0
BRDA:1684,56,1,0
BRDA:1688,57,0,0
BRDA:1709,58,0,0
BRDA:1709,58,1,0
BRDA:1710,59,0,0
BRDA:1710,59,1,0
BRDA:1721,60,0,0
BRDA:1745,61,0,0
BRDA:1751,62,0,0
BRDA:1756,63,0,0
BRDA:1771,64,0,0
BRDA:1776,65,0,0
BRDA:1805,66,0,0
BRDA:1820,67,0,0
BRDA:1821,68,0,0
BRDA:1821,68,1,0
BRDA:1857,69,0,0
BRDA:1878,70,0,0
BRDA:1878,71,0,0
BRDA:1878,71,1,0
BRDA:1895,72,0,0
BRDA:1895,72,1,0
BRDA:1897,73,0,0
BRDA:1927,74,0,0
BRDA:1932,75,0,0
BRDA:1974,76,0,0
BRDA:1980,77,0,0
BRDA:1987,78,0,0
BRDA:2020,79,0,0
BRDA:2024,80,0,0
BRDA:2035,81,0,0
BRDA:2064,82,0,0
BRDA:2064,82,1,0
BRDA:2066,83,0,0
BRDA:2188,84,0,0
BRDA:2193,85,0,0
BRDA:2198,86,0,0
BRDA:2220,87,0,0
BRDA:2222,88,0,0
BRDA:2250,89,0,0
BRDA:2291,90,0,0
BRDA:2295,91,0,0
BRDA:2338,92,0,0
BRDA:2374,93,0,0
BRDA:2394,94,0,0
BRDA:2394,94,1,0
BRDA:2394,94,2,0
BRDA:2445,95,0,0
BRDA:2451,96,0,0
BRDA:2479,97,0,0
BRDA:2483,98,0,0
BRDA:2500,99,0,0
BRDA:2500,99,1,0
BRDA:2518,100,0,0
BRDA:2518,100,1,0
BRDA:2531,101,0,0
BRDA:2535,102,0,0
BRDA:2539,103,0,0
BRDA:2558,104,0,0
BRDA:2586,105,0,0
BRDA:2604,106,0,0
BRDA:2620,107,0,0
BRDA:2628,108,0,0
BRDA:2628,108,1,0
BRDA:2634,109,0,0
BRDA:2634,110,0,0
BRDA:2634,110,1,0
BRDA:2641,111,0,0
BRDA:2641,111,1,0
BRDA:2642,112,0,0
BRDA:2648,113,0,0
BRDA:2658,114,0,0
BRDA:2658,114,1,0
BRDA:2660,115,0,0
BRDA:2660,115,1,0
BRDA:2696,116,0,0
BRDA:2696,116,1,0
BRDA:2701,117,0,0
BRDA:2701,117,1,0
BRDA:2705,118,0,0
BRDA:2705,118,1,0
BRDA:2716,119,0,0
BRDA:2716,120,0,0
BRDA:2716,120,1,0
BRDA:2739,121,0,0
BRDA:2739,121,1,0
BRDA:2748,122,0,0
BRDA:2748,122,1,0
BRF:177
BRH:0
end_of_record
TN:
SF:src/blockchain/mempool.ts
FN:413,(anonymous_0)
FN:287,(anonymous_1)
FN:315,(anonymous_2)
FN:332,(anonymous_3)
FN:473,(anonymous_4)
FN:483,(anonymous_5)
FN:491,(anonymous_6)
FN:496,(anonymous_7)
FN:527,(anonymous_8)
FN:533,(anonymous_9)
FN:539,(anonymous_10)
FN:541,(anonymous_11)
FN:556,(anonymous_12)
FN:622,(anonymous_13)
FN:683,(anonymous_14)
FN:714,(anonymous_15)
FN:731,(anonymous_16)
FN:746,(anonymous_17)
FN:767,(anonymous_18)
FN:781,(anonymous_19)
FN:787,(anonymous_20)
FN:808,(anonymous_21)
FN:832,(anonymous_22)
FN:833,(anonymous_23)
FN:843,(anonymous_24)
FN:844,(anonymous_25)
FN:846,(anonymous_26)
FN:847,(anonymous_27)
FN:866,(anonymous_28)
FN:869,(anonymous_29)
FN:872,(anonymous_30)
FN:891,(anonymous_31)
FN:898,(anonymous_32)
FN:915,(anonymous_33)
FN:918,(anonymous_34)
FN:928,(anonymous_35)
FN:937,(anonymous_36)
FN:939,(anonymous_37)
FN:944,(anonymous_38)
FN:950,(anonymous_39)
FN:957,(anonymous_40)
FN:981,(anonymous_41)
FN:992,(anonymous_42)
FN:996,(anonymous_43)
FN:1002,(anonymous_44)
FN:1012,(anonymous_45)
FN:1033,(anonymous_46)
FN:1053,(anonymous_47)
FN:1175,(anonymous_48)
FN:1189,(anonymous_49)
FN:1212,(anonymous_50)
FN:1251,(anonymous_51)
FN:1253,(anonymous_52)
FN:1313,(anonymous_53)
FN:1363,(anonymous_54)
FN:1369,(anonymous_55)
FN:1396,(anonymous_56)
FN:1433,(anonymous_57)
FN:1446,(anonymous_58)
FN:1465,(anonymous_59)
FN:1494,(anonymous_60)
FN:1535,(anonymous_61)
FN:1581,(anonymous_62)
FN:1635,(anonymous_63)
FN:1679,(anonymous_64)
FN:1686,(anonymous_65)
FN:1698,(anonymous_66)
FN:1753,(anonymous_67)
FN:1757,(anonymous_68)
FN:1782,(anonymous_69)
FN:1787,(anonymous_70)
FN:1808,(anonymous_71)
FN:1818,(anonymous_72)
FN:1835,(anonymous_73)
FN:1860,(anonymous_74)
FN:1875,(anonymous_75)
FN:1912,(anonymous_76)
FN:1934,(anonymous_77)
FN:1937,(anonymous_78)
FN:1961,(anonymous_79)
FN:2054,(anonymous_80)
FN:2155,(anonymous_81)
FN:2164,(anonymous_82)
FN:2165,(anonymous_83)
FN:2177,(anonymous_84)
FN:2269,(anonymous_85)
FN:2276,(anonymous_86)
FN:2283,(anonymous_87)
FN:2292,(anonymous_88)
FN:2328,(anonymous_89)
FN:2345,(anonymous_90)
FN:2360,(anonymous_91)
FN:2371,(anonymous_92)
FN:2380,(anonymous_93)
FN:2389,(anonymous_94)
FN:2403,(anonymous_95)
FN:2414,(anonymous_96)
FN:2421,(anonymous_97)
FN:2422,(anonymous_98)
FN:2472,(anonymous_99)
FN:2479,(anonymous_100)
FN:2488,(anonymous_101)
FN:2518,(anonymous_102)
FN:2524,(anonymous_103)
FN:2526,(anonymous_104)
FN:2535,(anonymous_105)
FN:2539,(anonymous_106)
FN:2596,(anonymous_107)
FN:2597,(anonymous_108)
FN:2610,(anonymous_109)
FN:2613,(anonymous_110)
FN:2620,(anonymous_111)
FN:2637,(anonymous_112)
FN:2639,(anonymous_113)
FN:2643,(anonymous_114)
FN:2645,(anonymous_115)
FN:2650,(anonymous_116)
FN:2652,(anonymous_117)
FN:2657,(anonymous_118)
FN:2670,(anonymous_119)
FN:2685,(anonymous_120)
FN:2710,(anonymous_121)
FN:2724,(anonymous_122)
FN:2734,(anonymous_123)
FN:2735,(anonymous_124)
FN:2744,(anonymous_125)
FN:2745,(anonymous_126)
FN:2757,(anonymous_127)
FN:2786,(anonymous_128)
FN:2797,(anonymous_129)
FN:2823,(anonymous_130)
FN:2838,(anonymous_131)
FN:2849,(anonymous_132)
FN:2858,(anonymous_133)
FN:2878,(anonymous_134)
FN:2889,(anonymous_135)
FN:2904,(anonymous_136)
FNF:137
FNH:0
FNDA:0,(anonymous_0)
FNDA:0,(anonymous_1)
FNDA:0,(anonymous_2)
FNDA:0,(anonymous_3)
FNDA:0,(anonymous_4)
FNDA:0,(anonymous_5)
FNDA:0,(anonymous_6)
FNDA:0,(anonymous_7)
FNDA:0,(anonymous_8)
FNDA:0,(anonymous_9)
FNDA:0,(anonymous_10)
FNDA:0,(anonymous_11)
FNDA:0,(anonymous_12)
FNDA:0,(anonymous_13)
FNDA:0,(anonymous_14)
FNDA:0,(anonymous_15)
FNDA:0,(anonymous_16)
FNDA:0,(anonymous_17)
FNDA:0,(anonymous_18)
FNDA:0,(anonymous_19)
FNDA:0,(anonymous_20)
FNDA:0,(anonymous_21)
FNDA:0,(anonymous_22)
FNDA:0,(anonymous_23)
FNDA:0,(anonymous_24)
FNDA:0,(anonymous_25)
FNDA:0,(anonymous_26)
FNDA:0,(anonymous_27)
FNDA:0,(anonymous_28)
FNDA:0,(anonymous_29)
FNDA:0,(anonymous_30)
FNDA:0,(anonymous_31)
FNDA:0,(anonymous_32)
FNDA:0,(anonymous_33)
FNDA:0,(anonymous_34)
FNDA:0,(anonymous_35)
FNDA:0,(anonymous_36)
FNDA:0,(anonymous_37)
FNDA:0,(anonymous_38)
FNDA:0,(anonymous_39)
FNDA:0,(anonymous_40)
FNDA:0,(anonymous_41)
FNDA:0,(anonymous_42)
FNDA:0,(anonymous_43)
FNDA:0,(anonymous_44)
FNDA:0,(anonymous_45)
FNDA:0,(anonymous_46)
FNDA:0,(anonymous_47)
FNDA:0,(anonymous_48)
FNDA:0,(anonymous_49)
FNDA:0,(anonymous_50)
FNDA:0,(anonymous_51)
FNDA:0,(anonymous_52)
FNDA:0,(anonymous_53)
FNDA:0,(anonymous_54)
FNDA:0,(anonymous_55)
FNDA:0,(anonymous_56)
FNDA:0,(anonymous_57)
FNDA:0,(anonymous_58)
FNDA:0,(anonymous_59)
FNDA:0,(anonymous_60)
FNDA:0,(anonymous_61)
FNDA:0,(anonymous_62)
FNDA:0,(anonymous_63)
FNDA:0,(anonymous_64)
FNDA:0,(anonymous_65)
FNDA:0,(anonymous_66)
FNDA:0,(anonymous_67)
FNDA:0,(anonymous_68)
FNDA:0,(anonymous_69)
FNDA:0,(anonymous_70)
FNDA:0,(anonymous_71)
FNDA:0,(anonymous_72)
FNDA:0,(anonymous_73)
FNDA:0,(anonymous_74)
FNDA:0,(anonymous_75)
FNDA:0,(anonymous_76)
FNDA:0,(anonymous_77)
FNDA:0,(anonymous_78)
FNDA:0,(anonymous_79)
FNDA:0,(anonymous_80)
FNDA:0,(anonymous_81)
FNDA:0,(anonymous_82)
FNDA:0,(anonymous_83)
FNDA:0,(anonymous_84)
FNDA:0,(anonymous_85)
FNDA:0,(anonymous_86)
FNDA:0,(anonymous_87)
FNDA:0,(anonymous_88)
FNDA:0,(anonymous_89)
FNDA:0,(anonymous_90)
FNDA:0,(anonymous_91)
FNDA:0,(anonymous_92)
FNDA:0,(anonymous_93)
FNDA:0,(anonymous_94)
FNDA:0,(anonymous_95)
FNDA:0,(anonymous_96)
FNDA:0,(anonymous_97)
FNDA:0,(anonymous_98)
FNDA:0,(anonymous_99)
FNDA:0,(anonymous_100)
FNDA:0,(anonymous_101)
FNDA:0,(anonymous_102)
FNDA:0,(anonymous_103)
FNDA:0,(anonymous_104)
FNDA:0,(anonymous_105)
FNDA:0,(anonymous_106)
FNDA:0,(anonymous_107)
FNDA:0,(anonymous_108)
FNDA:0,(anonymous_109)
FNDA:0,(anonymous_110)
FNDA:0,(anonymous_111)
FNDA:0,(anonymous_112)
FNDA:0,(anonymous_113)
FNDA:0,(anonymous_114)
FNDA:0,(anonymous_115)
FNDA:0,(anonymous_116)
FNDA:0,(anonymous_117)
FNDA:0,(anonymous_118)
FNDA:0,(anonymous_119)
FNDA:0,(anonymous_120)
FNDA:0,(anonymous_121)
FNDA:0,(anonymous_122)
FNDA:0,(anonymous_123)
FNDA:0,(anonymous_124)
FNDA:0,(anonymous_125)
FNDA:0,(anonymous_126)
FNDA:0,(anonymous_127)
FNDA:0,(anonymous_128)
FNDA:0,(anonymous_129)
FNDA:0,(anonymous_130)
FNDA:0,(anonymous_131)
FNDA:0,(anonymous_132)
FNDA:0,(anonymous_133)
FNDA:0,(anonymous_134)
FNDA:0,(anonymous_135)
FNDA:0,(anonymous_136)
DA:1,0
DA:3,0
DA:6,0
DA:7,0
DA:8,0
DA:9,0
DA:10,0
DA:11,0
DA:13,0
DA:14,0
DA:15,0
DA:264,0
DA:274,0
DA:275,0
DA:276,0
DA:277,0
DA:278,0
DA:284,0
DA:288,0
DA:290,0
DA:293,0
DA:300,0
DA:302,0
DA:305,0
DA:312,0
DA:313,0
DA:314,0
DA:316,0
DA:317,0
DA:319,0
DA:325,0
DA:333,0
DA:334,0
DA:336,0
DA:337,0
DA:339,0
DA:347,0
DA:353,0
DA:361,0
DA:364,0
DA:373,0
DA:377,0
DA:379,0
DA:381,0
DA:387,0
DA:388,0
DA:389,0
DA:391,0
DA:414,0
DA:415,0
DA:416,0
DA:417,0
DA:418,0
DA:419,0
DA:420,0
DA:421,0
DA:424,0
DA:426,0
DA:436,0
DA:447,0
DA:450,0
DA:453,0
DA:474,0
DA:475,0
DA:476,0
DA:478,0
DA:479,0
DA:485,0
DA:486,0
DA:487,0
DA:491,0
DA:492,0
DA:497,0
DA:498,0
DA:499,0
DA:500,0
DA:501,0
DA:502,0
DA:505,0
DA:511,0
DA:522,0
DA:523,0
DA:528,0
DA:529,0
DA:530,0
DA:534,0
DA:535,0
DA:538,0
DA:539,0
DA:540,0
DA:541,0
DA:546,0
DA:551,0
DA:552,0
DA:558,0
DA:559,0
DA:560,0
DA:564,0
DA:568,0
DA:569,0
DA:570,0
DA:574,0
DA:575,0
DA:576,0
DA:577,0
DA:581,0
DA:583,0
DA:586,0
DA:587,0
DA:588,0
DA:589,0
DA:593,0
DA:597,0
DA:598,0
DA:602,0
DA:607,0
DA:608,0
DA:613,0
DA:614,0
DA:616,0
DA:618,0
DA:619,0
DA:624,0
DA:625,0
DA:626,0
DA:629,0
DA:631,0
DA:634,0
DA:636,0
DA:637,0
DA:638,0
DA:642,0
DA:643,0
DA:644,0
DA:645,0
DA:649,0
DA:659,0
DA:660,0
DA:661,0
DA:669,0
DA:670,0
DA:685,0
DA:688,0
DA:689,0
DA:692,0
DA:693,0
DA:694,0
DA:695,0
DA:698,0
DA:699,0
DA:702,0
DA:704,0
DA:705,0
DA:715,0
DA:716,0
DA:717,0
DA:718,0
DA:720,0
DA:722,0
DA:723,0
DA:732,0
DA:733,0
DA:734,0
DA:735,0
DA:737,0
DA:738,0
DA:747,0
DA:748,0
DA:749,0
DA:750,0
DA:751,0
DA:752,0
DA:753,0
DA:755,0
DA:756,0
DA:773,0
DA:774,0
DA:776,0
DA:779,0
DA:780,0
DA:781,0
DA:786,0
DA:787,0
DA:791,0
DA:792,0
DA:795,0
DA:796,0
DA:798,0
DA:799,0
DA:809,0
DA:810,0
DA:813,0
DA:814,0
DA:815,0
DA:816,0
DA:821,0
DA:822,0
DA:825,0
DA:833,0
DA:834,0
DA:844,0
DA:845,0
DA:846,0
DA:847,0
DA:868,0
DA:869,0
DA:874,0
DA:875,0
DA:878,0
DA:879,0
DA:881,0
DA:882,0
DA:883,0
DA:884,0
DA:889,0
DA:891,0
DA:892,0
DA:895,0
DA:899,0
DA:901,0
DA:904,0
DA:905,0
DA:908,0
DA:909,0
DA:910,0
DA:912,0
DA:915,0
DA:916,0
DA:918,0
DA:921,0
DA:925,0
DA:929,0
DA:930,0
DA:931,0
DA:938,0
DA:939,0
DA:940,0
DA:941,0
DA:942,0
DA:943,0
DA:944,0
DA:947,0
DA:951,0
DA:958,0
DA:959,0
DA:962,0
DA:963,0
DA:966,0
DA:967,0
DA:972,0
DA:975,0
DA:983,0
DA:984,0
DA:985,0
DA:986,0
DA:993,0
DA:998,0
DA:999,0
DA:1002,0
DA:1003,0
DA:1004,0
DA:1005,0
DA:1006,0
DA:1007,0
DA:1013,0
DA:1014,0
DA:1015,0
DA:1016,0
DA:1019,0
DA:1020,0
DA:1021,0
DA:1024,0
DA:1025,0
DA:1034,0
DA:1035,0
DA:1036,0
DA:1037,0
DA:1039,0
DA:1040,0
DA:1043,0
DA:1044,0
DA:1046,0
DA:1049,0
DA:1058,0
DA:1060,0
DA:1061,0
DA:1062,0
DA:1065,0
DA:1066,0
DA:1067,0
DA:1068,0
DA:1073,0
DA:1076,0
DA:1079,0
DA:1084,0
DA:1087,0
DA:1088,0
DA:1090,0
DA:1095,0
DA:1098,0
DA:1099,0
DA:1102,0
DA:1105,0
DA:1106,0
DA:1109,0
DA:1110,0
DA:1114,0
DA:1115,0
DA:1120,0
DA:1121,0
DA:1126,0
DA:1129,0
DA:1130,0
DA:1131,0
DA:1135,0
DA:1136,0
DA:1139,0
DA:1140,0
DA:1141,0
DA:1145,0
DA:1152,0
DA:1154,0
DA:1159,0
DA:1167,0
DA:1169,0
DA:1170,0
DA:1176,0
DA:1193,0
DA:1194,0
DA:1195,0
DA:1196,0
DA:1197,0
DA:1202,0
DA:1205,0
DA:1207,0
DA:1208,0
DA:1216,0
DA:1218,0
DA:1219,0
DA:1220,0
DA:1222,0
DA:1223,0
DA:1229,0
DA:1233,0
DA:1237,0
DA:1238,0
DA:1239,0
DA:1244,0
DA:1249,0
DA:1250,0
DA:1252,0
DA:1254,0
DA:1258,0
DA:1259,0
DA:1262,0
DA:1266,0
DA:1267,0
DA:1268,0
DA:1270,0
DA:1271,0
DA:1276,0
DA:1281,0
DA:1282,0
DA:1285,0
DA:1289,0
DA:1290,0
DA:1291,0
DA:1292,0
DA:1296,0
DA:1301,0
DA:1302,0
DA:1303,0
DA:1306,0
DA:1308,0
DA:1309,0
DA:1314,0
DA:1316,0
DA:1317,0
DA:1318,0
DA:1321,0
DA:1325,0
DA:1326,0
DA:1327,0
DA:1328,0
DA:1329,0
DA:1330,0
DA:1332,0
DA:1336,0
DA:1337,0
DA:1339,0
DA:1346,0
DA:1348,0
DA:1350,0
DA:1355,0
DA:1364,0
DA:1365,0
DA:1366,0
DA:1370,0
DA:1371,0
DA:1372,0
DA:1374,0
DA:1375,0
DA:1376,0
DA:1377,0
DA:1381,0
DA:1382,0
DA:1385,0
DA:1392,0
DA:1397,0
DA:1398,0
DA:1401,0
DA:1402,0
DA:1403,0
DA:1406,0
DA:1407,0
DA:1408,0
DA:1409,0
DA:1410,0
DA:1411,0
DA:1414,0
DA:1415,0
DA:1416,0
DA:1417,0
DA:1419,0
DA:1422,0
DA:1424,0
DA:1425,0
DA:1426,0
DA:1428,0
DA:1429,0
DA:1434,0
DA:1436,0
DA:1437,0
DA:1438,0
DA:1439,0
DA:1441,0
DA:1442,0
DA:1447,0
DA:1448,0
DA:1449,0
DA:1450,0
DA:1453,0
DA:1454,0
DA:1455,0
DA:1457,0
DA:1458,0
DA:1459,0
DA:1460,0
DA:1461,0
DA:1463,0
DA:1464,0
DA:1465,0
DA:1466,0
DA:1472,0
DA:1475,0
DA:1482,0
DA:1484,0
DA:1485,0
DA:1490,0
DA:1495,0
DA:1496,0
DA:1497,0
DA:1498,0
DA:1499,0
DA:1501,0
DA:1502,0
DA:1504,0
DA:1506,0
DA:1507,0
DA:1511,0
DA:1514,0
DA:1520,0
DA:1522,0
DA:1523,0
DA:1527,0
DA:1529,0
DA:1530,0
DA:1538,0
DA:1540,0
DA:1543,0
DA:1546,0
DA:1549,0
DA:1554,0
DA:1557,0
DA:1560,0
DA:1563,0
DA:1566,0
DA:1567,0
DA:1570,0
DA:1572,0
DA:1576,0
DA:1586,0
DA:1587,0
DA:1590,0
DA:1591,0
DA:1597,0
DA:1600,0
DA:1608,0
DA:1611,0
DA:1620,0
DA:1622,0
DA:1623,0
DA:1628,0
DA:1630,0
DA:1636,0
DA:1638,0
DA:1639,0
DA:1643,0
DA:1650,0
DA:1657,0
DA:1658,0
DA:1666,0
DA:1667,0
DA:1680,0
DA:1690,0
DA:1692,0
DA:1694,0
DA:1697,0
DA:1699,0
DA:1706,0
DA:1709,0
DA:1711,0
DA:1713,0
DA:1719,0
DA:1720,0
DA:1723,0
DA:1731,0
DA:1734,0
DA:1736,0
DA:1737,0
DA:1742,0
DA:1744,0
DA:1745,0
DA:1754,0
DA:1755,0
DA:1757,0
DA:1758,0
DA:1760,0
DA:1767,0
DA:1770,0
DA:1771,0
DA:1773,0
DA:1775,0
DA:1785,0
DA:1786,0
DA:1788,0
DA:1789,0
DA:1792,0
DA:1798,0
DA:1803,0
DA:1808,0
DA:1810,0
DA:1811,0
DA:1819,0
DA:1822,0
DA:1823,0
DA:1824,0
DA:1829,0
DA:1836,0
DA:1837,0
DA:1838,0
DA:1843,0
DA:1848,0
DA:1849,0
DA:1851,0
DA:1853,0
DA:1861,0
DA:1862,0
DA:1863,0
DA:1865,0
DA:1866,0
DA:1868,0
DA:1870,0
DA:1879,0
DA:1881,0
DA:1884,0
DA:1889,0
DA:1890,0
DA:1896,0
DA:1900,0
DA:1905,0
DA:1907,0
DA:1908,0
DA:1913,0
DA:1914,0
DA:1915,0
DA:1918,0
DA:1919,0
DA:1922,0
DA:1923,0
DA:1927,0
DA:1929,0
DA:1930,0
DA:1935,0
DA:1936,0
DA:1937,0
DA:1939,0
DA:1940,0
DA:1942,0
DA:1943,0
DA:1944,0
DA:1945,0
DA:1948,0
DA:1950,0
DA:1951,0
DA:1971,0
DA:1972,0
DA:1974,0
DA:1976,0
DA:1977,0
DA:1978,0
DA:1979,0
DA:1983,0
DA:1984,0
DA:1987,0
DA:1995,0
DA:1996,0
DA:2005,0
DA:2006,0
DA:2014,0
DA:2017,0
DA:2023,0
DA:2024,0
DA:2025,0
DA:2029,0
DA:2030,0
DA:2032,0
DA:2039,0
DA:2041,0
DA:2042,0
DA:2044,0
DA:2063,0
DA:2064,0
DA:2065,0
DA:2068,0
DA:2074,0
DA:2075,0
DA:2078,0
DA:2079,0
DA:2081,0
DA:2083,0
DA:2084,0
DA:2085,0
DA:2086,0
DA:2090,0
DA:2091,0
DA:2094,0
DA:2095,0
DA:2104,0
DA:2105,0
DA:2113,0
DA:2120,0
DA:2123,0
DA:2129,0
DA:2130,0
DA:2131,0
DA:2135,0
DA:2136,0
DA:2138,0
DA:2145,0
DA:2147,0
DA:2148,0
DA:2150,0
DA:2156,0
DA:2157,0
DA:2158,0
DA:2159,0
DA:2165,0
DA:2166,0
DA:2167,0
DA:2168,0
DA:2169,0
DA:2170,0
DA:2172,0
DA:2178,0
DA:2180,0
DA:2181,0
DA:2184,0
DA:2185,0
DA:2195,0
DA:2198,0
DA:2199,0
DA:2200,0
DA:2203,0
DA:2204,0
DA:2205,0
DA:2206,0
DA:2208,0
DA:2212,0
DA:2213,0
DA:2214,0
DA:2215,0
DA:2217,0
DA:2221,0
DA:2222,0
DA:2223,0
DA:2224,0
DA:2226,0
DA:2229,0
DA:2233,0
DA:2234,0
DA:2235,0
DA:2237,0
DA:2238,0
DA:2239,0
DA:2240,0
DA:2242,0
DA:2247,0
DA:2248,0
DA:2249,0
DA:2251,0
DA:2252,0
DA:2253,0
DA:2257,0
DA:2259,0
DA:2260,0
DA:2265,0
DA:2270,0
DA:2271,0
DA:2272,0
DA:2273,0
DA:2277,0
DA:2278,0
DA:2279,0
DA:2280,0
DA:2283,0
DA:2284,0
DA:2285,0
DA:2289,0
DA:2293,0
DA:2296,0
DA:2299,0
DA:2300,0
DA:2301,0
DA:2302,0
DA:2307,0
DA:2312,0
DA:2313,0
DA:2317,0
DA:2318,0
DA:2321,0
DA:2323,0
DA:2324,0
DA:2329,0
DA:2330,0
DA:2331,0
DA:2333,0
DA:2334,0
DA:2335,0
DA:2338,0
DA:2340,0
DA:2341,0
DA:2346,0
DA:2347,0
DA:2348,0
DA:2351,0
DA:2352,0
DA:2353,0
DA:2358,0
DA:2359,0
DA:2360,0
DA:2363,0
DA:2364,0
DA:2365,0
DA:2366,0
DA:2368,0
DA:2369,0
DA:2371,0
DA:2372,0
DA:2377,0
DA:2380,0
DA:2385,0
DA:2390,0
DA:2391,0
DA:2392,0
DA:2394,0
DA:2399,0
DA:2404,0
DA:2405,0
DA:2406,0
DA:2407,0
DA:2409,0
DA:2410,0
DA:2415,0
DA:2418,0
DA:2420,0
DA:2421,0
DA:2422,0
DA:2425,0
DA:2427,0
DA:2428,0
DA:2429,0
DA:2431,0
DA:2432,0
DA:2436,0
DA:2440,0
DA:2445,0
DA:2446,0
DA:2451,0
DA:2455,0
DA:2456,0
DA:2457,0
DA:2460,0
DA:2463,0
DA:2465,0
DA:2466,0
DA:2468,0
DA:2476,0
DA:2477,0
DA:2479,0
DA:2482,0
DA:2485,0
DA:2491,0
DA:2493,0
DA:2494,0
DA:2499,0
DA:2502,0
DA:2504,0
DA:2506,0
DA:2507,0
DA:2512,0
DA:2515,0
DA:2519,0
DA:2520,0
DA:2521,0
DA:2525,0
DA:2526,0
DA:2536,0
DA:2538,0
DA:2539,0
DA:2544,0
DA:2548,0
DA:2549,0
DA:2550,0
DA:2553,0
DA:2555,0
DA:2591,0
DA:2592,0
DA:2597,0
DA:2598,0
DA:2601,0
DA:2602,0
DA:2610,0
DA:2612,0
DA:2613,0
DA:2621,0
DA:2630,0
DA:2631,0
DA:2634,0
DA:2638,0
DA:2639,0
DA:2644,0
DA:2645,0
DA:2647,0
DA:2651,0
DA:2652,0
DA:2654,0
DA:2658,0
DA:2659,0
DA:2660,0
DA:2662,0
DA:2663,0
DA:2664,0
DA:2665,0
DA:2667,0
DA:2671,0
DA:2673,0
DA:2675,0
DA:2677,0
DA:2688,0
DA:2689,0
DA:2690,0
DA:2693,0
DA:2695,0
DA:2696,0
DA:2697,0
DA:2699,0
DA:2710,0
DA:2714,0
DA:2716,0
DA:2717,0
DA:2726,0
DA:2727,0
DA:2728,0
DA:2735,0
DA:2736,0
DA:2737,0
DA:2745,0
DA:2746,0
DA:2747,0
DA:2758,0
DA:2760,0
DA:2761,0
DA:2765,0
DA:2766,0
DA:2767,0
DA:2771,0
DA:2772,0
DA:2775,0
DA:2786,0
DA:2789,0
DA:2790,0
DA:2792,0
DA:2793,0
DA:2798,0
DA:2799,0
DA:2802,0
DA:2804,0
DA:2805,0
DA:2807,0
DA:2808,0
DA:2810,0
DA:2815,0
DA:2816,0
DA:2818,0
DA:2819,0
DA:2824,0
DA:2825,0
DA:2828,0
DA:2829,0
DA:2831,0
DA:2833,0
DA:2834,0
DA:2839,0
DA:2840,0
DA:2841,0
DA:2842,0
DA:2844,0
DA:2845,0
DA:2850,0
DA:2851,0
DA:2853,0
DA:2854,0
DA:2859,0
DA:2860,0
DA:2861,0
DA:2864,0
DA:2869,0
DA:2870,0
DA:2872,0
DA:2874,0
DA:2879,0
DA:2880,0
DA:2882,0
DA:2884,0
DA:2885,0
DA:2890,0
DA:2892,0
DA:2893,0
DA:2896,0
DA:2898,0
DA:2899,0
DA:2905,0
LF:953
LH:0
BRDA:300,0,0,0
BRDA:307,1,0,0
BRDA:307,1,1,0
BRDA:500,2,0,0
BRDA:500,2,1,0
BRDA:501,3,0,0
BRDA:501,3,1,0
BRDA:502,4,0,0
BRDA:502,4,1,0
BRDA:511,5,0,0
BRDA:511,5,1,0
BRDA:511,5,2,0
BRDA:511,5,3,0
BRDA:511,5,4,0
BRDA:511,5,5,0
BRDA:530,6,0,0
BRDA:530,6,1,0
BRDA:559,7,0,0
BRDA:568,8,0,0
BRDA:575,9,0,0
BRDA:581,10,0,0
BRDA:581,10,1,0
BRDA:581,10,2,0
BRDA:586,11,0,0
BRDA:597,12,0,0
BRDA:607,13,0,0
BRDA:614,14,0,0
BRDA:616,15,0,0
BRDA:624,16,0,0
BRDA:636,17,0,0
BRDA:643,18,0,0
BRDA:660,19,0,0
BRDA:685,20,0,0
BRDA:686,21,0,0
BRDA:686,21,1,0
BRDA:693,22,0,0
BRDA:700,23,0,0
BRDA:700,23,1,0
BRDA:716,24,0,0
BRDA:768,25,0,0
BRDA:779,26,0,0
BRDA:791,27,0,0
BRDA:814,28,0,0
BRDA:821,29,0,0
BRDA:821,29,1,0
BRDA:851,30,0,0
BRDA:851,30,1,0
BRDA:875,31,0,0
BRDA:883,32,0,0
BRDA:889,33,0,0
BRDA:908,34,0,0
BRDA:916,35,0,0
BRDA:918,36,0,0
BRDA:918,36,1,0
BRDA:932,37,0,0
BRDA:932,37,1,0
BRDA:941,38,0,0
BRDA:943,39,0,0
BRDA:943,39,1,0
BRDA:951,40,0,0
BRDA:951,40,1,0
BRDA:959,41,0,0
BRDA:966,42,0,0
BRDA:966,43,0,0
BRDA:966,43,1,0
BRDA:1004,44,0,0
BRDA:1005,45,0,0
BRDA:1005,45,1,0
BRDA:1015,46,0,0
BRDA:1036,47,0,0
BRDA:1061,48,0,0
BRDA:1067,49,0,0
BRDA:1076,50,0,0
BRDA:1088,51,0,0
BRDA:1098,52,0,0
BRDA:1105,53,0,0
BRDA:1109,54,0,0
BRDA:1114,55,0,0
BRDA:1120,56,0,0
BRDA:1129,57,0,0
BRDA:1135,58,0,0
BRDA:1139,59,0,0
BRDA:1169,60,0,0
BRDA:1177,61,0,0
BRDA:1177,61,1,0
BRDA:1177,61,2,0
BRDA:1177,61,3,0
BRDA:1177,61,4,0
BRDA:1177,61,5,0
BRDA:1177,61,6,0
BRDA:1177,61,7,0
BRDA:1177,61,8,0
BRDA:1196,62,0,0
BRDA:1196,63,0,0
BRDA:1196,63,1,0
BRDA:1222,64,0,0
BRDA:1233,65,0,0
BRDA:1238,66,0,0
BRDA:1254,67,0,0
BRDA:1254,67,1,0
BRDA:1258,68,0,0
BRDA:1266,69,0,0
BRDA:1270,70,0,0
BRDA:1281,71,0,0
BRDA:1291,72,0,0
BRDA:1291,73,0,0
BRDA:1291,73,1,0
BRDA:1301,74,0,0
BRDA:1325,75,0,0
BRDA:1325,75,1,0
BRDA:1327,76,0,0
BRDA:1327,76,1,0
BRDA:1329,77,0,0
BRDA:1329,77,1,0
BRDA:1357,78,0,0
BRDA:1357,78,1,0
BRDA:1375,79,0,0
BRDA:1381,80,0,0
BRDA:1437,81,0,0
BRDA:1450,82,0,0
BRDA:1460,83,0,0
BRDA:1460,83,1,0
BRDA:1464,84,0,0
BRDA:1499,85,0,0
BRDA:1529,86,0,0
BRDA:1590,87,0,0
BRDA:1590,87,1,0
BRDA:1638,88,0,0
BRDA:1638,88,1,0
BRDA:1657,89,0,0
BRDA:1699,90,0,0
BRDA:1699,90,1,0
BRDA:1711,91,0,0
BRDA:1713,92,0,0
BRDA:1713,92,1,0
BRDA:1744,93,0,0
BRDA:1758,94,0,0
BRDA:1758,94,1,0
BRDA:1760,95,0,0
BRDA:1760,95,1,0
BRDA:1760,95,2,0
BRDA:1770,96,0,0
BRDA:1770,96,1,0
BRDA:1788,97,0,0
BRDA:1788,97,1,0
BRDA:1823,98,0,0
BRDA:1823,99,0,0
BRDA:1823,99,1,0
BRDA:1848,100,0,0
BRDA:1848,100,1,0
BRDA:1865,101,0,0
BRDA:1865,101,1,0
BRDA:1889,102,0,0
BRDA:1922,103,0,0
BRDA:1922,104,0,0
BRDA:1922,104,1,0
BRDA:1942,105,0,0
BRDA:1977,106,0,0
BRDA:2023,107,0,0
BRDA:2063,108,0,0
BRDA:2068,109,0,0
BRDA:2069,110,0,0
BRDA:2069,110,1,0
BRDA:2069,110,2,0
BRDA:2069,110,3,0
BRDA:2084,111,0,0
BRDA:2129,112,0,0
BRDA:2158,113,0,0
BRDA:2180,114,0,0
BRDA:2180,115,0,0
BRDA:2180,115,1,0
BRDA:2203,116,0,0
BRDA:2205,117,0,0
BRDA:2212,118,0,0
BRDA:2214,119,0,0
BRDA:2221,120,0,0
BRDA:2223,121,0,0
BRDA:2237,122,0,0
BRDA:2239,123,0,0
BRDA:2247,124,0,0
BRDA:2247,125,0,0
BRDA:2247,125,1,0
BRDA:2259,126,0,0
BRDA:2270,127,0,0
BRDA:2271,128,0,0
BRDA:2272,129,0,0
BRDA:2278,130,0,0
BRDA:2284,131,0,0
BRDA:2301,132,0,0
BRDA:2312,133,0,0
BRDA:2333,134,0,0
BRDA:2352,135,0,0
BRDA:2358,136,0,0
BRDA:2368,137,0,0
BRDA:2431,138,0,0
BRDA:2445,139,0,0
BRDA:2445,140,0,0
BRDA:2445,140,1,0
BRDA:2445,140,2,0
BRDA:2455,141,0,0
BRDA:2468,142,0,0
BRDA:2477,143,0,0
BRDA:2479,144,0,0
BRDA:2479,144,1,0
BRDA:2493,145,0,0
BRDA:2506,146,0,0
BRDA:2601,147,0,0
BRDA:2631,148,0,0
BRDA:2631,148,1,0
BRDA:2647,149,0,0
BRDA:2647,149,1,0
BRDA:2654,150,0,0
BRDA:2654,150,1,0
BRDA:2662,151,0,0
BRDA:2662,151,1,0
BRDA:2662,152,0,0
BRDA:2662,152,1,0
BRDA:2664,153,0,0
BRDA:2664,154,0,0
BRDA:2664,154,1,0
BRDA:2677,155,0,0
BRDA:2677,155,1,0
BRDA:2677,155,2,0
BRDA:2686,156,0,0
BRDA:2689,157,0,0
BRDA:2737,158,0,0
BRDA:2737,158,1,0
BRDA:2747,159,0,0
BRDA:2747,159,1,0
BRDA:2760,160,0,0
BRDA:2760,161,0,0
BRDA:2760,161,1,0
BRDA:2766,162,0,0
BRDA:2799,163,0,0
BRDA:2799,164,0,0
BRDA:2799,164,1,0
BRDA:2802,165,0,0
BRDA:2802,165,1,0
BRDA:2805,166,0,0
BRDA:2805,166,1,0
BRDA:2808,167,0,0
BRDA:2825,168,0,0
BRDA:2825,169,0,0
BRDA:2825,169,1,0
BRDA:2829,170,0,0
BRF:245
BRH:0
end_of_record
TN:
SF:src/blockchain/consensus/hybrid-direct.ts
FN:206,(anonymous_0)
FN:247,(anonymous_1)
FN:259,(anonymous_2)
FN:270,(anonymous_3)
FN:312,(anonymous_4)
FN:333,(anonymous_5)
FN:346,(anonymous_6)
FN:349,(anonymous_7)
FN:356,(anonymous_8)
FN:357,(anonymous_9)
FN:366,(anonymous_10)
FN:374,(anonymous_11)
FN:389,(anonymous_12)
FN:390,(anonymous_13)
FN:473,(anonymous_14)
FN:484,(anonymous_15)
FN:485,(anonymous_16)
FN:498,(anonymous_17)
FN:499,(anonymous_18)
FN:517,(anonymous_19)
FN:526,(anonymous_20)
FN:553,(anonymous_21)
FN:555,(anonymous_22)
FN:576,(anonymous_23)
FN:588,(anonymous_24)
FN:591,(anonymous_25)
FN:598,(anonymous_26)
FN:599,(anonymous_27)
FN:616,(anonymous_28)
FN:619,(anonymous_29)
FN:648,(anonymous_30)
FN:666,(anonymous_31)
FN:668,(anonymous_32)
FN:697,(anonymous_33)
FN:713,(anonymous_34)
FN:727,(anonymous_35)
FN:740,(anonymous_36)
FN:760,(anonymous_37)
FN:798,(anonymous_38)
FN:811,(anonymous_39)
FN:814,(anonymous_40)
FN:815,(anonymous_41)
FN:816,(anonymous_42)
FN:829,(anonymous_43)
FN:833,(anonymous_44)
FN:842,(anonymous_45)
FN:854,(anonymous_46)
FN:870,(anonymous_47)
FN:885,(anonymous_48)
FN:894,(anonymous_49)
FN:901,(anonymous_50)
FN:902,(anonymous_51)
FN:916,(anonymous_52)
FN:921,(anonymous_53)
FN:931,(anonymous_54)
FN:956,(anonymous_55)
FN:967,(anonymous_56)
FN:995,(anonymous_57)
FN:1006,(anonymous_58)
FN:1017,(anonymous_59)
FN:1056,(anonymous_60)
FN:1057,(anonymous_61)
FN:1070,(anonymous_62)
FN:1080,(anonymous_63)
FN:1085,(anonymous_64)
FN:1097,(anonymous_65)
FN:1107,(anonymous_66)
FN:1108,(anonymous_67)
FN:1119,(anonymous_68)
FN:1132,(anonymous_69)
FN:1135,(anonymous_70)
FNF:71
FNH:0
FNDA:0,(anonymous_0)
FNDA:0,(anonymous_1)
FNDA:0,(anonymous_2)
FNDA:0,(anonymous_3)
FNDA:0,(anonymous_4)
FNDA:0,(anonymous_5)
FNDA:0,(anonymous_6)
FNDA:0,(anonymous_7)
FNDA:0,(anonymous_8)
FNDA:0,(anonymous_9)
FNDA:0,(anonymous_10)
FNDA:0,(anonymous_11)
FNDA:0,(anonymous_12)
FNDA:0,(anonymous_13)
FNDA:0,(anonymous_14)
FNDA:0,(anonymous_15)
FNDA:0,(anonymous_16)
FNDA:0,(anonymous_17)
FNDA:0,(anonymous_18)
FNDA:0,(anonymous_19)
FNDA:0,(anonymous_20)
FNDA:0,(anonymous_21)
FNDA:0,(anonymous_22)
FNDA:0,(anonymous_23)
FNDA:0,(anonymous_24)
FNDA:0,(anonymous_25)
FNDA:0,(anonymous_26)
FNDA:0,(anonymous_27)
FNDA:0,(anonymous_28)
FNDA:0,(anonymous_29)
FNDA:0,(anonymous_30)
FNDA:0,(anonymous_31)
FNDA:0,(anonymous_32)
FNDA:0,(anonymous_33)
FNDA:0,(anonymous_34)
FNDA:0,(anonymous_35)
FNDA:0,(anonymous_36)
FNDA:0,(anonymous_37)
FNDA:0,(anonymous_38)
FNDA:0,(anonymous_39)
FNDA:0,(anonymous_40)
FNDA:0,(anonymous_41)
FNDA:0,(anonymous_42)
FNDA:0,(anonymous_43)
FNDA:0,(anonymous_44)
FNDA:0,(anonymous_45)
FNDA:0,(anonymous_46)
FNDA:0,(anonymous_47)
FNDA:0,(anonymous_48)
FNDA:0,(anonymous_49)
FNDA:0,(anonymous_50)
FNDA:0,(anonymous_51)
FNDA:0,(anonymous_52)
FNDA:0,(anonymous_53)
FNDA:0,(anonymous_54)
FNDA:0,(anonymous_55)
FNDA:0,(anonymous_56)
FNDA:0,(anonymous_57)
FNDA:0,(anonymous_58)
FNDA:0,(anonymous_59)
FNDA:0,(anonymous_60)
FNDA:0,(anonymous_61)
FNDA:0,(anonymous_62)
FNDA:0,(anonymous_63)
FNDA:0,(anonymous_64)
FNDA:0,(anonymous_65)
FNDA:0,(anonymous_66)
FNDA:0,(anonymous_67)
FNDA:0,(anonymous_68)
FNDA:0,(anonymous_69)
FNDA:0,(anonymous_70)
DA:1,0
DA:3,0
DA:4,0
DA:5,0
DA:6,0
DA:7,0
DA:8,0
DA:9,0
DA:10,0
DA:11,0
DA:18,0
DA:20,0
DA:21,0
DA:22,0
DA:23,0
DA:24,0
DA:25,0
DA:26,0
DA:205,0
DA:209,0
DA:210,0
DA:211,0
DA:223,0
DA:227,0
DA:228,0
DA:231,0
DA:238,0
DA:240,0
DA:241,0
DA:248,0
DA:249,0
DA:250,0
DA:251,0
DA:252,0
DA:253,0
DA:256,0
DA:261,0
DA:270,0
DA:273,0
DA:286,0
DA:294,0
DA:303,0
DA:313,0
DA:316,0
DA:325,0
DA:337,0
DA:338,0
DA:341,0
DA:342,0
DA:347,0
DA:348,0
DA:353,0
DA:354,0
DA:357,0
DA:358,0
DA:363,0
DA:364,0
DA:366,0
DA:369,0
DA:371,0
DA:372,0
DA:374,0
DA:376,0
DA:378,0
DA:379,0
DA:380,0
DA:390,0
DA:391,0
DA:393,0
DA:394,0
DA:395,0
DA:397,0
DA:401,0
DA:404,0
DA:405,0
DA:409,0
DA:410,0
DA:414,0
DA:415,0
DA:416,0
DA:417,0
DA:421,0
DA:423,0
DA:425,0
DA:427,0
DA:428,0
DA:429,0
DA:433,0
DA:437,0
DA:438,0
DA:441,0
DA:445,0
DA:451,0
DA:452,0
DA:454,0
DA:455,0
DA:457,0
DA:460,0
DA:462,0
DA:463,0
DA:474,0
DA:475,0
DA:485,0
DA:487,0
DA:490,0
DA:493,0
DA:495,0
DA:496,0
DA:499,0
DA:500,0
DA:505,0
DA:506,0
DA:518,0
DA:524,0
DA:525,0
DA:526,0
DA:528,0
DA:529,0
DA:531,0
DA:532,0
DA:535,0
DA:538,0
DA:541,0
DA:542,0
DA:546,0
DA:554,0
DA:555,0
DA:561,0
DA:562,0
DA:565,0
DA:566,0
DA:567,0
DA:577,0
DA:578,0
DA:579,0
DA:589,0
DA:590,0
DA:595,0
DA:596,0
DA:599,0
DA:600,0
DA:605,0
DA:607,0
DA:608,0
DA:610,0
DA:611,0
DA:612,0
DA:617,0
DA:619,0
DA:620,0
DA:623,0
DA:624,0
DA:626,0
DA:627,0
DA:628,0
DA:631,0
DA:642,0
DA:644,0
DA:645,0
DA:648,0
DA:649,0
DA:654,0
DA:656,0
DA:657,0
DA:667,0
DA:668,0
DA:669,0
DA:671,0
DA:672,0
DA:675,0
DA:676,0
DA:677,0
DA:679,0
DA:681,0
DA:682,0
DA:688,0
DA:701,0
DA:714,0
DA:728,0
DA:741,0
DA:761,0
DA:763,0
DA:765,0
DA:775,0
DA:780,0
DA:782,0
DA:783,0
DA:791,0
DA:793,0
DA:794,0
DA:799,0
DA:812,0
DA:814,0
DA:815,0
DA:816,0
DA:818,0
DA:819,0
DA:820,0
DA:821,0
DA:830,0
DA:834,0
DA:843,0
DA:855,0
DA:857,0
DA:858,0
DA:860,0
DA:862,0
DA:871,0
DA:872,0
DA:876,0
DA:877,0
DA:879,0
DA:886,0
DA:887,0
DA:895,0
DA:901,0
DA:902,0
DA:903,0
DA:904,0
DA:905,0
DA:908,0
DA:909,0
DA:910,0
DA:914,0
DA:915,0
DA:917,0
DA:921,0
DA:922,0
DA:923,0
DA:931,0
DA:934,0
DA:938,0
DA:939,0
DA:944,0
DA:945,0
DA:946,0
DA:947,0
DA:948,0
DA:950,0
DA:951,0
DA:952,0
DA:956,0
DA:961,0
DA:971,0
DA:973,0
DA:977,0
DA:980,0
DA:983,0
DA:987,0
DA:988,0
DA:990,0
DA:991,0
DA:996,0
DA:998,0
DA:1001,0
DA:1002,0
DA:1003,0
DA:1006,0
DA:1007,0
DA:1008,0
DA:1012,0
DA:1014,0
DA:1017,0
DA:1018,0
DA:1019,0
DA:1023,0
DA:1024,0
DA:1027,0
DA:1028,0
DA:1029,0
DA:1031,0
DA:1033,0
DA:1036,0
DA:1037,0
DA:1038,0
DA:1044,0
DA:1048,0
DA:1049,0
DA:1057,0
DA:1058,0
DA:1059,0
DA:1060,0
DA:1061,0
DA:1063,0
DA:1071,0
DA:1072,0
DA:1073,0
DA:1081,0
DA:1082,0
DA:1089,0
DA:1090,0
DA:1092,0
DA:1093,0
DA:1098,0
DA:1099,0
DA:1103,0
DA:1108,0
DA:1109,0
DA:1110,0
DA:1114,0
DA:1115,0
DA:1116,0
DA:1120,0
DA:1133,0
DA:1135,0
DA:1137,0
DA:1146,0
DA:1149,0
DA:1151,0
DA:1152,0
LF:310
LH:0
BRDA:313,0,0,0
BRDA:341,1,0,0
BRDA:363,2,0,0
BRDA:395,3,0,0
BRDA:404,4,0,0
BRDA:409,5,0,0
BRDA:415,6,0,0
BRDA:421,7,0,0
BRDA:425,8,0,0
BRDA:425,8,1,0
BRDA:428,9,0,0
BRDA:438,10,0,0
BRDA:475,11,0,0
BRDA:475,11,1,0
BRDA:487,12,0,0
BRDA:531,13,0,0
BRDA:538,14,0,0
BRDA:541,15,0,0
BRDA:547,16,0,0
BRDA:547,16,1,0
BRDA:566,17,0,0
BRDA:566,17,1,0
BRDA:645,18,0,0
BRDA:671,19,0,0
BRDA:676,20,0,0
BRDA:748,21,0,0
BRDA:748,21,1,0
BRDA:749,22,0,0
BRDA:749,22,1,0
BRDA:750,23,0,0
BRDA:750,23,1,0
BRDA:761,24,0,0
BRDA:767,25,0,0
BRDA:767,25,1,0
BRDA:775,26,0,0
BRDA:775,26,1,0
BRDA:775,26,2,0
BRDA:776,27,0,0
BRDA:776,27,1,0
BRDA:778,28,0,0
BRDA:778,28,1,0
BRDA:780,29,0,0
BRDA:780,29,1,0
BRDA:780,29,2,0
BRDA:780,29,3,0
BRDA:782,30,0,0
BRDA:800,31,0,0
BRDA:800,31,1,0
BRDA:801,32,0,0
BRDA:801,32,1,0
BRDA:803,33,0,0
BRDA:803,33,1,0
BRDA:812,34,0,0
BRDA:814,35,0,0
BRDA:814,35,1,0
BRDA:815,36,0,0
BRDA:815,36,1,0
BRDA:816,37,0,0
BRDA:816,37,1,0
BRDA:857,38,0,0
BRDA:872,39,0,0
BRDA:894,40,0,0
BRDA:922,41,0,0
BRDA:951,42,0,0
BRDA:977,43,0,0
BRDA:983,44,0,0
BRDA:1003,45,0,0
BRDA:1003,45,1,0
BRDA:1003,45,2,0
BRDA:1008,46,0,0
BRDA:1009,47,0,0
BRDA:1009,47,1,0
BRDA:1018,48,0,0
BRDA:1029,49,0,0
BRDA:1044,50,0,0
BRDA:1044,50,1,0
BRDA:1059,51,0,0
BRDA:1071,52,0,0
BRDA:1099,53,0,0
BRDA:1109,54,0,0
BRDA:1121,55,0,0
BRDA:1121,55,1,0
BRDA:1122,56,0,0
BRDA:1122,56,1,0
BRDA:1123,57,0,0
BRDA:1123,57,1,0
BRF:86
BRH:0
end_of_record
TN:
SF:src/blockchain/consensus/pow.ts
FN:372,(anonymous_0)
FN:325,(anonymous_1)
FN:341,(anonymous_2)
FN:347,(anonymous_3)
FN:388,(anonymous_4)
FN:457,(anonymous_5)
FN:465,(anonymous_6)
FN:467,(anonymous_7)
FN:468,(anonymous_8)
FN:469,(anonymous_9)
FN:482,(anonymous_10)
FN:563,(anonymous_11)
FN:564,(anonymous_12)
FN:591,(anonymous_13)
FN:600,(anonymous_14)
FN:676,(anonymous_15)
FN:689,(anonymous_16)
FN:690,(anonymous_17)
FN:726,(anonymous_18)
FN:730,(anonymous_19)
FN:807,(anonymous_20)
FN:817,(anonymous_21)
FN:840,(anonymous_22)
FN:859,(anonymous_23)
FN:874,(anonymous_24)
FN:878,(anonymous_25)
FN:882,(anonymous_26)
FN:891,(anonymous_27)
FN:929,(anonymous_28)
FN:935,(anonymous_29)
FN:970,(anonymous_30)
FN:974,(anonymous_31)
FN:981,(anonymous_32)
FN:982,(anonymous_33)
FN:1008,(anonymous_34)
FN:1027,(anonymous_35)
FN:1066,(anonymous_36)
FN:1070,(anonymous_37)
FN:1077,(anonymous_38)
FN:1078,(anonymous_39)
FN:1095,(anonymous_40)
FN:1098,(anonymous_41)
FN:1113,(anonymous_42)
FN:1127,(anonymous_43)
FN:1145,(anonymous_44)
FN:1149,(anonymous_45)
FN:1153,(anonymous_46)
FN:1161,(anonymous_47)
FN:1162,(anonymous_48)
FN:1185,(anonymous_49)
FN:1194,(anonymous_50)
FN:1197,(anonymous_51)
FN:1228,(anonymous_52)
FN:1230,(anonymous_53)
FN:1231,(anonymous_54)
FN:1238,(anonymous_55)
FN:1243,(anonymous_56)
FN:1248,(anonymous_57)
FN:1273,(anonymous_58)
FN:1297,(anonymous_59)
FN:1300,(anonymous_60)
FN:1314,(anonymous_61)
FN:1317,(anonymous_62)
FN:1330,(anonymous_63)
FN:1342,(anonymous_64)
FN:1352,(anonymous_65)
FN:1356,(anonymous_66)
FN:1366,(anonymous_67)
FN:1418,(anonymous_68)
FN:1446,(anonymous_69)
FN:1454,(anonymous_70)
FN:1462,(anonymous_71)
FN:1470,(anonymous_72)
FN:1494,(anonymous_73)
FN:1523,(anonymous_74)
FN:1530,(anonymous_75)
FN:1536,(anonymous_76)
FN:1544,(anonymous_77)
FN:1566,(anonymous_78)
FN:1590,(anonymous_79)
FN:1622,(anonymous_80)
FN:1635,(anonymous_81)
FN:1649,(anonymous_82)
FN:1661,(anonymous_83)
FN:1671,(anonymous_84)
FN:1691,(anonymous_85)
FN:1724,(anonymous_86)
FN:1733,(anonymous_87)
FN:1767,(anonymous_88)
FN:1769,(anonymous_89)
FN:1774,(anonymous_90)
FN:1789,(anonymous_91)
FN:1793,(anonymous_92)
FN:1841,(anonymous_93)
FN:1842,(anonymous_94)
FN:1874,(anonymous_95)
FN:1934,(anonymous_96)
FN:1975,(anonymous_97)
FN:1978,(anonymous_98)
FN:1979,(anonymous_99)
FN:1996,(anonymous_100)
FN:2014,(anonymous_101)
FN:2022,(anonymous_102)
FN:2055,(anonymous_103)
FN:2068,(anonymous_104)
FN:2076,(anonymous_105)
FN:2094,(anonymous_106)
FN:2153,(anonymous_107)
FN:2169,(anonymous_108)
FN:2227,(anonymous_109)
FN:2242,(anonymous_110)
FN:2243,(anonymous_111)
FN:2281,(anonymous_112)
FN:2323,(anonymous_113)
FN:2328,(anonymous_114)
FN:2333,(anonymous_115)
FN:2336,(anonymous_116)
FN:2384,(anonymous_117)
FN:2425,(anonymous_118)
FN:2426,(anonymous_119)
FN:2461,(anonymous_120)
FN:2501,(anonymous_121)
FN:2548,(anonymous_122)
FN:2555,(anonymous_123)
FN:2570,(anonymous_124)
FN:2588,(anonymous_125)
FN:2598,(anonymous_126)
FN:2619,(anonymous_127)
FN:2630,(anonymous_128)
FN:2634,(anonymous_129)
FN:2642,(anonymous_130)
FNF:131
FNH:0
FNDA:0,(anonymous_0)
FNDA:0,(anonymous_1)
FNDA:0,(anonymous_2)
FNDA:0,(anonymous_3)
FNDA:0,(anonymous_4)
FNDA:0,(anonymous_5)
FNDA:0,(anonymous_6)
FNDA:0,(anonymous_7)
FNDA:0,(anonymous_8)
FNDA:0,(anonymous_9)
FNDA:0,(anonymous_10)
FNDA:0,(anonymous_11)
FNDA:0,(anonymous_12)
FNDA:0,(anonymous_13)
FNDA:0,(anonymous_14)
FNDA:0,(anonymous_15)
FNDA:0,(anonymous_16)
FNDA:0,(anonymous_17)
FNDA:0,(anonymous_18)
FNDA:0,(anonymous_19)
FNDA:0,(anonymous_20)
FNDA:0,(anonymous_21)
FNDA:0,(anonymous_22)
FNDA:0,(anonymous_23)
FNDA:0,(anonymous_24)
FNDA:0,(anonymous_25)
FNDA:0,(anonymous_26)
FNDA:0,(anonymous_27)
FNDA:0,(anonymous_28)
FNDA:0,(anonymous_29)
FNDA:0,(anonymous_30)
FNDA:0,(anonymous_31)
FNDA:0,(anonymous_32)
FNDA:0,(anonymous_33)
FNDA:0,(anonymous_34)
FNDA:0,(anonymous_35)
FNDA:0,(anonymous_36)
FNDA:0,(anonymous_37)
FNDA:0,(anonymous_38)
FNDA:0,(anonymous_39)
FNDA:0,(anonymous_40)
FNDA:0,(anonymous_41)
FNDA:0,(anonymous_42)
FNDA:0,(anonymous_43)
FNDA:0,(anonymous_44)
FNDA:0,(anonymous_45)
FNDA:0,(anonymous_46)
FNDA:0,(anonymous_47)
FNDA:0,(anonymous_48)
FNDA:0,(anonymous_49)
FNDA:0,(anonymous_50)
FNDA:0,(anonymous_51)
FNDA:0,(anonymous_52)
FNDA:0,(anonymous_53)
FNDA:0,(anonymous_54)
FNDA:0,(anonymous_55)
FNDA:0,(anonymous_56)
FNDA:0,(anonymous_57)
FNDA:0,(anonymous_58)
FNDA:0,(anonymous_59)
FNDA:0,(anonymous_60)
FNDA:0,(anonymous_61)
FNDA:0,(anonymous_62)
FNDA:0,(anonymous_63)
FNDA:0,(anonymous_64)
FNDA:0,(anonymous_65)
FNDA:0,(anonymous_66)
FNDA:0,(anonymous_67)
FNDA:0,(anonymous_68)
FNDA:0,(anonymous_69)
FNDA:0,(anonymous_70)
FNDA:0,(anonymous_71)
FNDA:0,(anonymous_72)
FNDA:0,(anonymous_73)
FNDA:0,(anonymous_74)
FNDA:0,(anonymous_75)
FNDA:0,(anonymous_76)
FNDA:0,(anonymous_77)
FNDA:0,(anonymous_78)
FNDA:0,(anonymous_79)
FNDA:0,(anonymous_80)
FNDA:0,(anonymous_81)
FNDA:0,(anonymous_82)
FNDA:0,(anonymous_83)
FNDA:0,(anonymous_84)
FNDA:0,(anonymous_85)
FNDA:0,(anonymous_86)
FNDA:0,(anonymous_87)
FNDA:0,(anonymous_88)
FNDA:0,(anonymous_89)
FNDA:0,(anonymous_90)
FNDA:0,(anonymous_91)
FNDA:0,(anonymous_92)
FNDA:0,(anonymous_93)
FNDA:0,(anonymous_94)
FNDA:0,(anonymous_95)
FNDA:0,(anonymous_96)
FNDA:0,(anonymous_97)
FNDA:0,(anonymous_98)
FNDA:0,(anonymous_99)
FNDA:0,(anonymous_100)
FNDA:0,(anonymous_101)
FNDA:0,(anonymous_102)
FNDA:0,(anonymous_103)
FNDA:0,(anonymous_104)
FNDA:0,(anonymous_105)
FNDA:0,(anonymous_106)
FNDA:0,(anonymous_107)
FNDA:0,(anonymous_108)
FNDA:0,(anonymous_109)
FNDA:0,(anonymous_110)
FNDA:0,(anonymous_111)
FNDA:0,(anonymous_112)
FNDA:0,(anonymous_113)
FNDA:0,(anonymous_114)
FNDA:0,(anonymous_115)
FNDA:0,(anonymous_116)
FNDA:0,(anonymous_117)
FNDA:0,(anonymous_118)
FNDA:0,(anonymous_119)
FNDA:0,(anonymous_120)
FNDA:0,(anonymous_121)
FNDA:0,(anonymous_122)
FNDA:0,(anonymous_123)
FNDA:0,(anonymous_124)
FNDA:0,(anonymous_125)
FNDA:0,(anonymous_126)
FNDA:0,(anonymous_127)
FNDA:0,(anonymous_128)
FNDA:0,(anonymous_129)
FNDA:0,(anonymous_130)
DA:1,0
DA:2,0
DA:3,0
DA:4,0
DA:5,0
DA:6,0
DA:7,0
DA:9,0
DA:12,0
DA:13,0
DA:14,0
DA:15,0
DA:16,0
DA:17,0
DA:18,0
DA:19,0
DA:20,0
DA:21,0
DA:22,0
DA:23,0
DA:24,0
DA:26,0
DA:27,0
DA:28,0
DA:29,0
DA:30,0
DA:31,0
DA:32,0
DA:33,0
DA:301,0
DA:302,0
DA:303,0
DA:304,0
DA:305,0
DA:308,0
DA:309,0
DA:322,0
DA:326,0
DA:327,0
DA:329,0
DA:336,0
DA:342,0
DA:348,0
DA:349,0
DA:357,0
DA:358,0
DA:359,0
DA:360,0
DA:361,0
DA:362,0
DA:363,0
DA:364,0
DA:366,0
DA:373,0
DA:374,0
DA:375,0
DA:376,0
DA:380,0
DA:383,0
DA:390,0
DA:391,0
DA:392,0
DA:393,0
DA:397,0
DA:404,0
DA:417,0
DA:419,0
DA:427,0
DA:429,0
DA:442,0
DA:447,0
DA:458,0
DA:459,0
DA:462,0
DA:466,0
DA:467,0
DA:468,0
DA:469,0
DA:474,0
DA:475,0
DA:478,0
DA:479,0
DA:482,0
DA:484,0
DA:487,0
DA:489,0
DA:490,0
DA:495,0
DA:499,0
DA:500,0
DA:501,0
DA:505,0
DA:506,0
DA:507,0
DA:508,0
DA:511,0
DA:512,0
DA:513,0
DA:514,0
DA:518,0
DA:519,0
DA:520,0
DA:521,0
DA:525,0
DA:532,0
DA:534,0
DA:535,0
DA:536,0
DA:538,0
DA:539,0
DA:541,0
DA:546,0
DA:547,0
DA:550,0
DA:552,0
DA:553,0
DA:564,0
DA:565,0
DA:568,0
DA:569,0
DA:570,0
DA:571,0
DA:580,0
DA:584,0
DA:587,0
DA:589,0
DA:591,0
DA:592,0
DA:594,0
DA:596,0
DA:598,0
DA:599,0
DA:600,0
DA:605,0
DA:606,0
DA:607,0
DA:610,0
DA:611,0
DA:617,0
DA:628,0
DA:638,0
DA:639,0
DA:647,0
DA:649,0
DA:653,0
DA:654,0
DA:657,0
DA:660,0
DA:662,0
DA:663,0
DA:665,0
DA:680,0
DA:681,0
DA:683,0
DA:684,0
DA:685,0
DA:690,0
DA:691,0
DA:692,0
DA:696,0
DA:697,0
DA:698,0
DA:699,0
DA:700,0
DA:701,0
DA:702,0
DA:705,0
DA:706,0
DA:711,0
DA:712,0
DA:713,0
DA:715,0
DA:722,0
DA:727,0
DA:731,0
DA:733,0
DA:734,0
DA:735,0
DA:743,0
DA:751,0
DA:752,0
DA:756,0
DA:757,0
DA:762,0
DA:766,0
DA:767,0
DA:771,0
DA:775,0
DA:776,0
DA:780,0
DA:781,0
DA:782,0
DA:786,0
DA:790,0
DA:791,0
DA:794,0
DA:796,0
DA:797,0
DA:808,0
DA:822,0
DA:823,0
DA:824,0
DA:825,0
DA:826,0
DA:827,0
DA:845,0
DA:865,0
DA:875,0
DA:879,0
DA:883,0
DA:892,0
DA:897,0
DA:900,0
DA:906,0
DA:909,0
DA:912,0
DA:913,0
DA:915,0
DA:918,0
DA:930,0
DA:931,0
DA:932,0
DA:935,0
DA:936,0
DA:938,0
DA:939,0
DA:942,0
DA:971,0
DA:972,0
DA:975,0
DA:981,0
DA:983,0
DA:994,0
DA:995,0
DA:996,0
DA:998,0
DA:999,0
DA:1009,0
DA:1011,0
DA:1019,0
DA:1028,0
DA:1030,0
DA:1032,0
DA:1033,0
DA:1036,0
DA:1038,0
DA:1067,0
DA:1068,0
DA:1071,0
DA:1077,0
DA:1079,0
DA:1090,0
DA:1091,0
DA:1096,0
DA:1098,0
DA:1101,0
DA:1103,0
DA:1104,0
DA:1114,0
DA:1115,0
DA:1117,0
DA:1128,0
DA:1129,0
DA:1131,0
DA:1132,0
DA:1133,0
DA:1134,0
DA:1137,0
DA:1146,0
DA:1150,0
DA:1151,0
DA:1153,0
DA:1158,0
DA:1159,0
DA:1162,0
DA:1163,0
DA:1164,0
DA:1178,0
DA:1179,0
DA:1180,0
DA:1181,0
DA:1183,0
DA:1185,0
DA:1195,0
DA:1196,0
DA:1197,0
DA:1198,0
DA:1199,0
DA:1200,0
DA:1212,0
DA:1213,0
DA:1214,0
DA:1215,0
DA:1217,0
DA:1219,0
DA:1230,0
DA:1231,0
DA:1234,0
DA:1236,0
DA:1237,0
DA:1238,0
DA:1242,0
DA:1243,0
DA:1247,0
DA:1248,0
DA:1252,0
DA:1253,0
DA:1260,0
DA:1263,0
DA:1264,0
DA:1267,0
DA:1271,0
DA:1274,0
DA:1275,0
DA:1277,0
DA:1281,0
DA:1287,0
DA:1288,0
DA:1298,0
DA:1299,0
DA:1300,0
DA:1303,0
DA:1305,0
DA:1306,0
DA:1315,0
DA:1316,0
DA:1318,0
DA:1321,0
DA:1323,0
DA:1331,0
DA:1333,0
DA:1341,0
DA:1342,0
DA:1344,0
DA:1346,0
DA:1347,0
DA:1348,0
DA:1353,0
DA:1357,0
DA:1371,0
DA:1372,0
DA:1373,0
DA:1376,0
DA:1378,0
DA:1379,0
DA:1380,0
DA:1383,0
DA:1387,0
DA:1391,0
DA:1394,0
DA:1396,0
DA:1397,0
DA:1398,0
DA:1400,0
DA:1402,0
DA:1403,0
DA:1405,0
DA:1407,0
DA:1409,0
DA:1419,0
DA:1420,0
DA:1423,0
DA:1424,0
DA:1428,0
DA:1429,0
DA:1432,0
DA:1434,0
DA:1435,0
DA:1437,0
DA:1447,0
DA:1455,0
DA:1463,0
DA:1471,0
DA:1473,0
DA:1476,0
DA:1479,0
DA:1480,0
DA:1482,0
DA:1484,0
DA:1485,0
DA:1498,0
DA:1499,0
DA:1500,0
DA:1502,0
DA:1503,0
DA:1507,0
DA:1508,0
DA:1511,0
DA:1513,0
DA:1514,0
DA:1524,0
DA:1525,0
DA:1527,0
DA:1531,0
DA:1535,0
DA:1536,0
DA:1545,0
DA:1546,0
DA:1547,0
DA:1553,0
DA:1554,0
DA:1556,0
DA:1558,0
DA:1567,0
DA:1568,0
DA:1577,0
DA:1578,0
DA:1580,0
DA:1581,0
DA:1583,0
DA:1584,0
DA:1587,0
DA:1594,0
DA:1597,0
DA:1598,0
DA:1600,0
DA:1601,0
DA:1606,0
DA:1610,0
DA:1615,0
DA:1617,0
DA:1618,0
DA:1623,0
DA:1624,0
DA:1625,0
DA:1626,0
DA:1630,0
DA:1631,0
DA:1636,0
DA:1637,0
DA:1638,0
DA:1641,0
DA:1642,0
DA:1644,0
DA:1645,0
DA:1647,0
DA:1649,0
DA:1650,0
DA:1651,0
DA:1655,0
DA:1658,0
DA:1661,0
DA:1664,0
DA:1666,0
DA:1667,0
DA:1672,0
DA:1674,0
DA:1675,0
DA:1679,0
DA:1680,0
DA:1681,0
DA:1684,0
DA:1686,0
DA:1687,0
DA:1692,0
DA:1694,0
DA:1695,0
DA:1699,0
DA:1700,0
DA:1704,0
DA:1705,0
DA:1706,0
DA:1710,0
DA:1711,0
DA:1713,0
DA:1714,0
DA:1717,0
DA:1719,0
DA:1720,0
DA:1725,0
DA:1735,0
DA:1738,0
DA:1739,0
DA:1741,0
DA:1743,0
DA:1744,0
DA:1745,0
DA:1747,0
DA:1751,0
DA:1759,0
DA:1768,0
DA:1769,0
DA:1773,0
DA:1774,0
DA:1778,0
DA:1786,0
DA:1790,0
DA:1794,0
DA:1795,0
DA:1798,0
DA:1803,0
DA:1804,0
DA:1806,0
DA:1807,0
DA:1808,0
DA:1809,0
DA:1810,0
DA:1812,0
DA:1817,0
DA:1823,0
DA:1832,0
DA:1834,0
DA:1842,0
DA:1844,0
DA:1847,0
DA:1851,0
DA:1854,0
DA:1860,0
DA:1863,0
DA:1865,0
DA:1875,0
DA:1877,0
DA:1878,0
DA:1879,0
DA:1883,0
DA:1884,0
DA:1885,0
DA:1889,0
DA:1890,0
DA:1891,0
DA:1892,0
DA:1896,0
DA:1899,0
DA:1900,0
DA:1904,0
DA:1908,0
DA:1909,0
DA:1910,0
DA:1914,0
DA:1918,0
DA:1919,0
DA:1922,0
DA:1924,0
DA:1925,0
DA:1937,0
DA:1976,0
DA:1978,0
DA:1979,0
DA:1983,0
DA:1984,0
DA:1987,0
DA:1989,0
DA:1997,0
DA:1998,0
DA:1999,0
DA:2002,0
DA:2008,0
DA:2015,0
DA:2016,0
DA:2017,0
DA:2020,0
DA:2022,0
DA:2023,0
DA:2026,0
DA:2028,0
DA:2031,0
DA:2034,0
DA:2035,0
DA:2038,0
DA:2039,0
DA:2040,0
DA:2042,0
DA:2043,0
DA:2047,0
DA:2048,0
DA:2049,0
DA:2050,0
DA:2051,0
DA:2055,0
DA:2056,0
DA:2069,0
DA:2077,0
DA:2079,0
DA:2080,0
DA:2083,0
DA:2084,0
DA:2085,0
DA:2089,0
DA:2093,0
DA:2094,0
DA:2098,0
DA:2099,0
DA:2101,0
DA:2142,0
DA:2144,0
DA:2145,0
DA:2154,0
DA:2155,0
DA:2157,0
DA:2158,0
DA:2160,0
DA:2173,0
DA:2175,0
DA:2176,0
DA:2180,0
DA:2181,0
DA:2185,0
DA:2186,0
DA:2188,0
DA:2189,0
DA:2196,0
DA:2197,0
DA:2198,0
DA:2201,0
DA:2202,0
DA:2206,0
DA:2207,0
DA:2208,0
DA:2213,0
DA:2215,0
DA:2217,0
DA:2218,0
DA:2228,0
DA:2230,0
DA:2232,0
DA:2233,0
DA:2243,0
DA:2245,0
DA:2246,0
DA:2250,0
DA:2251,0
DA:2252,0
DA:2255,0
DA:2261,0
DA:2262,0
DA:2265,0
DA:2268,0
DA:2273,0
DA:2280,0
DA:2281,0
DA:2285,0
DA:2288,0
DA:2289,0
DA:2290,0
DA:2292,0
DA:2309,0
DA:2310,0
DA:2312,0
DA:2328,0
DA:2329,0
DA:2330,0
DA:2333,0
DA:2336,0
DA:2337,0
DA:2338,0
DA:2339,0
DA:2343,0
DA:2345,0
DA:2347,0
DA:2349,0
DA:2352,0
DA:2353,0
DA:2357,0
DA:2358,0
DA:2360,0
DA:2361,0
DA:2362,0
DA:2363,0
DA:2367,0
DA:2371,0
DA:2375,0
DA:2385,0
DA:2387,0
DA:2388,0
DA:2391,0
DA:2395,0
DA:2398,0
DA:2399,0
DA:2402,0
DA:2405,0
DA:2406,0
DA:2407,0
DA:2412,0
DA:2414,0
DA:2415,0
DA:2426,0
DA:2427,0
DA:2429,0
DA:2430,0
DA:2434,0
DA:2435,0
DA:2436,0
DA:2440,0
DA:2441,0
DA:2445,0
DA:2446,0
DA:2447,0
DA:2451,0
DA:2452,0
DA:2455,0
DA:2460,0
DA:2461,0
DA:2463,0
DA:2464,0
DA:2468,0
DA:2469,0
DA:2470,0
DA:2474,0
DA:2477,0
DA:2480,0
DA:2483,0
DA:2485,0
DA:2488,0
DA:2490,0
DA:2491,0
DA:2502,0
DA:2504,0
DA:2508,0
DA:2512,0
DA:2515,0
DA:2516,0
DA:2520,0
DA:2521,0
DA:2526,0
DA:2530,0
DA:2531,0
DA:2532,0
DA:2535,0
DA:2537,0
DA:2538,0
DA:2550,0
DA:2551,0
DA:2552,0
DA:2556,0
DA:2559,0
DA:2560,0
DA:2564,0
DA:2565,0
DA:2566,0
DA:2570,0
DA:2571,0
DA:2575,0
DA:2584,0
DA:2585,0
DA:2589,0
DA:2590,0
DA:2591,0
DA:2592,0
DA:2593,0
DA:2594,0
DA:2599,0
DA:2600,0
DA:2602,0
DA:2606,0
DA:2607,0
DA:2608,0
DA:2609,0
DA:2613,0
DA:2617,0
DA:2618,0
DA:2619,0
DA:2620,0
DA:2623,0
DA:2631,0
DA:2635,0
DA:2636,0
DA:2643,0
DA:2644,0
LF:758
LH:0
BRDA:343,0,0,0
BRDA:343,0,1,0
BRDA:391,1,0,0
BRDA:391,1,1,0
BRDA:391,2,0,0
BRDA:391,2,1,0
BRDA:439,3,0,0
BRDA:439,3,1,0
BRDA:474,4,0,0
BRDA:487,5,0,0
BRDA:487,5,1,0
BRDA:489,6,0,0
BRDA:499,7,0,0
BRDA:506,8,0,0
BRDA:512,9,0,0
BRDA:519,10,0,0
BRDA:538,11,0,0
BRDA:538,11,1,0
BRDA:546,12,0,0
BRDA:569,13,0,0
BRDA:596,14,0,0
BRDA:596,14,1,0
BRDA:598,15,0,0
BRDA:606,16,0,0
BRDA:633,17,0,0
BRDA:633,17,1,0
BRDA:640,18,0,0
BRDA:640,18,1,0
BRDA:642,19,0,0
BRDA:642,19,1,0
BRDA:643,20,0,0
BRDA:643,20,1,0
BRDA:644,21,0,0
BRDA:644,21,1,0
BRDA:653,22,0,0
BRDA:691,23,0,0
BRDA:696,24,0,0
BRDA:696,25,0,0
BRDA:696,25,1,0
BRDA:699,26,0,0
BRDA:713,27,0,0
BRDA:733,28,0,0
BRDA:733,29,0,0
BRDA:733,29,1,0
BRDA:752,30,0,0
BRDA:753,31,0,0
BRDA:753,31,1,0
BRDA:753,31,2,0
BRDA:762,32,0,0
BRDA:763,33,0,0
BRDA:763,33,1,0
BRDA:771,34,0,0
BRDA:772,35,0,0
BRDA:772,35,1,0
BRDA:780,36,0,0
BRDA:786,37,0,0
BRDA:822,38,0,0
BRDA:825,39,0,0
BRDA:892,40,0,0
BRDA:938,41,0,0
BRDA:944,42,0,0
BRDA:944,42,1,0
BRDA:949,43,0,0
BRDA:949,43,1,0
BRDA:951,44,0,0
BRDA:951,44,1,0
BRDA:952,45,0,0
BRDA:952,45,1,0
BRDA:954,46,0,0
BRDA:954,46,1,0
BRDA:955,47,0,0
BRDA:955,47,1,0
BRDA:956,48,0,0
BRDA:956,48,1,0
BRDA:957,49,0,0
BRDA:957,49,1,0
BRDA:958,50,0,0
BRDA:958,50,1,0
BRDA:959,51,0,0
BRDA:959,51,1,0
BRDA:960,52,0,0
BRDA:960,52,1,0
BRDA:961,53,0,0
BRDA:961,53,1,0
BRDA:962,54,0,0
BRDA:962,54,1,0
BRDA:963,55,0,0
BRDA:963,55,1,0
BRDA:967,56,0,0
BRDA:967,56,1,0
BRDA:968,57,0,0
BRDA:968,57,1,0
BRDA:977,58,0,0
BRDA:977,58,1,0
BRDA:978,59,0,0
BRDA:978,59,1,0
BRDA:984,60,0,0
BRDA:984,60,1,0
BRDA:984,60,2,0
BRDA:984,60,3,0
BRDA:984,60,4,0
BRDA:984,60,5,0
BRDA:994,61,0,0
BRDA:1032,62,0,0
BRDA:1040,63,0,0
BRDA:1040,63,1,0
BRDA:1045,64,0,0
BRDA:1045,64,1,0
BRDA:1047,65,0,0
BRDA:1047,65,1,0
BRDA:1048,66,0,0
BRDA:1048,66,1,0
BRDA:1050,67,0,0
BRDA:1050,67,1,0
BRDA:1051,68,0,0
BRDA:1051,68,1,0
BRDA:1052,69,0,0
BRDA:1052,69,1,0
BRDA:1053,70,0,0
BRDA:1053,70,1,0
BRDA:1054,71,0,0
BRDA:1054,71,1,0
BRDA:1055,72,0,0
BRDA:1055,72,1,0
BRDA:1056,73,0,0
BRDA:1056,73,1,0
BRDA:1057,74,0,0
BRDA:1057,74,1,0
BRDA:1058,75,0,0
BRDA:1058,75,1,0
BRDA:1059,76,0,0
BRDA:1059,76,1,0
BRDA:1063,77,0,0
BRDA:1063,77,1,0
BRDA:1064,78,0,0
BRDA:1064,78,1,0
BRDA:1073,79,0,0
BRDA:1073,79,1,0
BRDA:1074,80,0,0
BRDA:1074,80,1,0
BRDA:1080,81,0,0
BRDA:1080,81,1,0
BRDA:1080,81,2,0
BRDA:1080,81,3,0
BRDA:1080,81,4,0
BRDA:1080,81,5,0
BRDA:1114,82,0,0
BRDA:1131,83,0,0
BRDA:1131,84,0,0
BRDA:1131,84,1,0
BRDA:1178,85,0,0
BRDA:1212,86,0,0
BRDA:1238,87,0,0
BRDA:1238,87,1,0
BRDA:1243,88,0,0
BRDA:1243,88,1,0
BRDA:1261,89,0,0
BRDA:1261,89,1,0
BRDA:1263,90,0,0
BRDA:1274,91,0,0
BRDA:1274,92,0,0
BRDA:1274,92,1,0
BRDA:1282,93,0,0
BRDA:1282,93,1,0
BRDA:1371,94,0,0
BRDA:1379,95,0,0
BRDA:1379,96,0,0
BRDA:1379,96,1,0
BRDA:1383,97,0,0
BRDA:1384,98,0,0
BRDA:1384,98,1,0
BRDA:1402,99,0,0
BRDA:1402,99,1,0
BRDA:1419,100,0,0
BRDA:1428,101,0,0
BRDA:1428,102,0,0
BRDA:1428,102,1,0
BRDA:1434,103,0,0
BRDA:1434,103,1,0
BRDA:1496,104,0,0
BRDA:1504,105,0,0
BRDA:1504,105,1,0
BRDA:1508,106,0,0
BRDA:1524,107,0,0
BRDA:1548,108,0,0
BRDA:1548,108,1,0
BRDA:1550,109,0,0
BRDA:1550,109,1,0
BRDA:1553,110,0,0
BRDA:1553,110,1,0
BRDA:1570,111,0,0
BRDA:1570,111,1,0
BRDA:1573,112,0,0
BRDA:1573,112,1,0
BRDA:1577,113,0,0
BRDA:1580,114,0,0
BRDA:1583,115,0,0
BRDA:1598,116,0,0
BRDA:1598,116,1,0
BRDA:1600,117,0,0
BRDA:1626,118,0,0
BRDA:1626,118,1,0
BRDA:1635,119,0,0
BRDA:1644,120,0,0
BRDA:1644,120,1,0
BRDA:1647,121,0,0
BRDA:1650,122,0,0
BRDA:1674,123,0,0
BRDA:1680,124,0,0
BRDA:1694,125,0,0
BRDA:1694,126,0,0
BRDA:1694,126,1,0
BRDA:1699,127,0,0
BRDA:1705,128,0,0
BRDA:1710,129,0,0
BRDA:1710,129,1,0
BRDA:1711,130,0,0
BRDA:1726,131,0,0
BRDA:1726,131,1,0
BRDA:1726,131,2,0
BRDA:1726,131,3,0
BRDA:1743,132,0,0
BRDA:1747,133,0,0
BRDA:1747,133,1,0
BRDA:1808,134,0,0
BRDA:1808,134,1,0
BRDA:1818,135,0,0
BRDA:1818,135,1,0
BRDA:1826,136,0,0
BRDA:1826,136,1,0
BRDA:1856,137,0,0
BRDA:1856,137,1,0
BRDA:1877,138,0,0
BRDA:1883,139,0,0
BRDA:1890,140,0,0
BRDA:1890,141,0,0
BRDA:1890,141,1,0
BRDA:1899,142,0,0
BRDA:1908,143,0,0
BRDA:1908,144,0,0
BRDA:1908,144,1,0
BRDA:1914,145,0,0
BRDA:1915,146,0,0
BRDA:1915,146,1,0
BRDA:1950,147,0,0
BRDA:1950,147,1,0
BRDA:1974,148,0,0
BRDA:1974,148,1,0
BRDA:2020,149,0,0
BRDA:2020,149,1,0
BRDA:2038,150,0,0
BRDA:2038,150,1,0
BRDA:2048,151,0,0
BRDA:2104,152,0,0
BRDA:2104,152,1,0
BRDA:2108,153,0,0
BRDA:2108,153,1,0
BRDA:2117,154,0,0
BRDA:2117,154,1,0
BRDA:2123,155,0,0
BRDA:2123,155,1,0
BRDA:2124,156,0,0
BRDA:2124,156,1,0
BRDA:2130,157,0,0
BRDA:2130,157,1,0
BRDA:2131,158,0,0
BRDA:2131,158,1,0
BRDA:2154,159,0,0
BRDA:2157,160,0,0
BRDA:2170,161,0,0
BRDA:2171,162,0,0
BRDA:2175,163,0,0
BRDA:2180,164,0,0
BRDA:2180,165,0,0
BRDA:2180,165,1,0
BRDA:2186,166,0,0
BRDA:2201,167,0,0
BRDA:2245,168,0,0
BRDA:2245,169,0,0
BRDA:2245,169,1,0
BRDA:2274,170,0,0
BRDA:2274,170,1,0
BRDA:2347,171,0,0
BRDA:2352,172,0,0
BRDA:2358,173,0,0
BRDA:2360,174,0,0
BRDA:2387,175,0,0
BRDA:2391,176,0,0
BRDA:2399,177,0,0
BRDA:2402,178,0,0
BRDA:2406,179,0,0
BRDA:2429,180,0,0
BRDA:2429,181,0,0
BRDA:2429,181,1,0
BRDA:2429,181,2,0
BRDA:2435,182,0,0
BRDA:2440,183,0,0
BRDA:2446,184,0,0
BRDA:2452,185,0,0
BRDA:2463,186,0,0
BRDA:2469,187,0,0
BRDA:2504,188,0,0
BRDA:2505,189,0,0
BRDA:2505,189,1,0
BRDA:2515,190,0,0
BRDA:2515,191,0,0
BRDA:2515,191,1,0
BRDA:2521,192,0,0
BRDA:2522,193,0,0
BRDA:2522,193,1,0
BRDA:2531,194,0,0
BRDA:2559,195,0,0
BRDA:2564,196,0,0
BRDA:2590,197,0,0
BRDA:2600,198,0,0
BRDA:2606,199,0,0
BRDA:2635,200,0,0
BRF:317
BRH:0
end_of_record
TN:
SF:src/blockchain/consensus/voting.ts
FN:262,(anonymous_1)
FN:273,(anonymous_2)
FN:279,(anonymous_3)
FN:283,(anonymous_4)
FN:289,(anonymous_5)
FN:315,(anonymous_6)
FN:320,(anonymous_7)
FN:332,(anonymous_8)
FN:376,(anonymous_9)
FN:391,(anonymous_10)
FN:411,(anonymous_11)
FN:413,(anonymous_12)
FN:422,(anonymous_13)
FN:430,(anonymous_14)
FN:486,(anonymous_15)
FN:487,(anonymous_16)
FN:491,(anonymous_17)
FN:562,(anonymous_18)
FN:603,(anonymous_19)
FN:636,(anonymous_20)
FN:711,(anonymous_21)
FN:751,(anonymous_22)
FN:762,(anonymous_23)
FN:762,(anonymous_24)
FN:774,(anonymous_25)
FN:790,(anonymous_26)
FN:816,(anonymous_27)
FN:838,(anonymous_28)
FN:846,(anonymous_29)
FN:859,(anonymous_30)
FN:928,(anonymous_31)
FN:948,(anonymous_32)
FN:949,(anonymous_33)
FN:964,(anonymous_34)
FN:986,(anonymous_35)
FN:989,(anonymous_36)
FN:994,(anonymous_37)
FN:999,(anonymous_38)
FN:1063,(anonymous_39)
FN:1069,(anonymous_40)
FN:1092,(anonymous_41)
FN:1117,(anonymous_42)
FN:1123,(anonymous_43)
FN:1143,(anonymous_44)
FN:1169,(anonymous_45)
FN:1212,(anonymous_46)
FN:1216,(anonymous_47)
FN:1224,(anonymous_48)
FN:1267,(anonymous_49)
FN:1274,(anonymous_50)
FN:1298,(anonymous_51)
FN:1301,(anonymous_52)
FN:1330,(anonymous_53)
FN:1334,(anonymous_54)
FN:1359,(anonymous_55)
FN:1389,(anonymous_56)
FN:1422,(anonymous_57)
FN:1423,(anonymous_58)
FN:1435,(anonymous_59)
FN:1440,(anonymous_60)
FN:1459,(anonymous_61)
FN:1463,(anonymous_62)
FNF:62
FNH:0
FNDA:0,(anonymous_1)
FNDA:0,(anonymous_2)
FNDA:0,(anonymous_3)
FNDA:0,(anonymous_4)
FNDA:0,(anonymous_5)
FNDA:0,(anonymous_6)
FNDA:0,(anonymous_7)
FNDA:0,(anonymous_8)
FNDA:0,(anonymous_9)
FNDA:0,(anonymous_10)
FNDA:0,(anonymous_11)
FNDA:0,(anonymous_12)
FNDA:0,(anonymous_13)
FNDA:0,(anonymous_14)
FNDA:0,(anonymous_15)
FNDA:0,(anonymous_16)
FNDA:0,(anonymous_17)
FNDA:0,(anonymous_18)
FNDA:0,(anonymous_19)
FNDA:0,(anonymous_20)
FNDA:0,(anonymous_21)
FNDA:0,(anonymous_22)
FNDA:0,(anonymous_23)
FNDA:0,(anonymous_24)
FNDA:0,(anonymous_25)
FNDA:0,(anonymous_26)
FNDA:0,(anonymous_27)
FNDA:0,(anonymous_28)
FNDA:0,(anonymous_29)
FNDA:0,(anonymous_30)
FNDA:0,(anonymous_31)
FNDA:0,(anonymous_32)
FNDA:0,(anonymous_33)
FNDA:0,(anonymous_34)
FNDA:0,(anonymous_35)
FNDA:0,(anonymous_36)
FNDA:0,(anonymous_37)
FNDA:0,(anonymous_38)
FNDA:0,(anonymous_39)
FNDA:0,(anonymous_40)
FNDA:0,(anonymous_41)
FNDA:0,(anonymous_42)
FNDA:0,(anonymous_43)
FNDA:0,(anonymous_44)
FNDA:0,(anonymous_45)
FNDA:0,(anonymous_46)
FNDA:0,(anonymous_47)
FNDA:0,(anonymous_48)
FNDA:0,(anonymous_49)
FNDA:0,(anonymous_50)
FNDA:0,(anonymous_51)
FNDA:0,(anonymous_52)
FNDA:0,(anonymous_53)
FNDA:0,(anonymous_54)
FNDA:0,(anonymous_55)
FNDA:0,(anonymous_56)
FNDA:0,(anonymous_57)
FNDA:0,(anonymous_58)
FNDA:0,(anonymous_59)
FNDA:0,(anonymous_60)
FNDA:0,(anonymous_61)
FNDA:0,(anonymous_62)
DA:1,0
DA:2,0
DA:3,0
DA:4,0
DA:7,0
DA:8,0
DA:13,0
DA:18,0
DA:19,0
DA:20,0
DA:21,0
DA:23,0
DA:228,0
DA:229,0
DA:230,0
DA:231,0
DA:233,0
DA:234,0
DA:236,0
DA:237,0
DA:238,0
DA:239,0
DA:243,0
DA:244,0
DA:246,0
DA:247,0
DA:248,0
DA:249,0
DA:250,0
DA:251,0
DA:252,0
DA:263,0
DA:264,0
DA:265,0
DA:266,0
DA:267,0
DA:270,0
DA:271,0
DA:272,0
DA:273,0
DA:274,0
DA:275,0
DA:279,0
DA:283,0
DA:284,0
DA:285,0
DA:289,0
DA:290,0
DA:291,0
DA:292,0
DA:297,0
DA:311,0
DA:314,0
DA:315,0
DA:316,0
DA:321,0
DA:322,0
DA:323,0
DA:324,0
DA:325,0
DA:333,0
DA:334,0
DA:336,0
DA:337,0
DA:339,0
DA:345,0
DA:346,0
DA:352,0
DA:356,0
DA:357,0
DA:362,0
DA:363,0
DA:368,0
DA:377,0
DA:378,0
DA:379,0
DA:380,0
DA:381,0
DA:393,0
DA:394,0
DA:397,0
DA:398,0
DA:399,0
DA:400,0
DA:402,0
DA:403,0
DA:404,0
DA:407,0
DA:408,0
DA:410,0
DA:411,0
DA:413,0
DA:414,0
DA:415,0
DA:420,0
DA:422,0
DA:431,0
DA:432,0
DA:433,0
DA:434,0
DA:440,0
DA:459,0
DA:461,0
DA:463,0
DA:469,0
DA:471,0
DA:472,0
DA:477,0
DA:487,0
DA:489,0
DA:491,0
DA:492,0
DA:493,0
DA:497,0
DA:498,0
DA:499,0
DA:503,0
DA:504,0
DA:505,0
DA:509,0
DA:514,0
DA:521,0
DA:522,0
DA:525,0
DA:528,0
DA:529,0
DA:532,0
DA:536,0
DA:543,0
DA:550,0
DA:553,0
DA:564,0
DA:565,0
DA:566,0
DA:570,0
DA:571,0
DA:572,0
DA:578,0
DA:579,0
DA:585,0
DA:589,0
DA:609,0
DA:610,0
DA:613,0
DA:614,0
DA:616,0
DA:617,0
DA:621,0
DA:622,0
DA:625,0
DA:628,0
DA:630,0
DA:631,0
DA:632,0
DA:633,0
DA:636,0
DA:638,0
DA:641,0
DA:646,0
DA:652,0
DA:662,0
DA:667,0
DA:674,0
DA:690,0
DA:693,0
DA:694,0
DA:697,0
DA:699,0
DA:700,0
DA:701,0
DA:703,0
DA:712,0
DA:713,0
DA:714,0
DA:716,0
DA:720,0
DA:721,0
DA:722,0
DA:725,0
DA:728,0
DA:731,0
DA:736,0
DA:737,0
DA:738,0
DA:751,0
DA:752,0
DA:753,0
DA:754,0
DA:755,0
DA:758,0
DA:761,0
DA:762,0
DA:765,0
DA:775,0
DA:791,0
DA:792,0
DA:793,0
DA:795,0
DA:796,0
DA:798,0
DA:799,0
DA:801,0
DA:802,0
DA:803,0
DA:804,0
DA:805,0
DA:807,0
DA:808,0
DA:821,0
DA:838,0
DA:839,0
DA:847,0
DA:860,0
DA:861,0
DA:864,0
DA:870,0
DA:871,0
DA:875,0
DA:876,0
DA:877,0
DA:878,0
DA:881,0
DA:887,0
DA:888,0
DA:889,0
DA:892,0
DA:895,0
DA:896,0
DA:899,0
DA:902,0
DA:910,0
DA:912,0
DA:914,0
DA:920,0
DA:929,0
DA:930,0
DA:931,0
DA:933,0
DA:938,0
DA:939,0
DA:949,0
DA:950,0
DA:956,0
DA:965,0
DA:967,0
DA:968,0
DA:969,0
DA:973,0
DA:974,0
DA:975,0
DA:976,0
DA:980,0
DA:985,0
DA:986,0
DA:988,0
DA:989,0
DA:993,0
DA:994,0
DA:998,0
DA:1000,0
DA:1008,0
DA:1011,0
DA:1012,0
DA:1015,0
DA:1019,0
DA:1020,0
DA:1021,0
DA:1022,0
DA:1026,0
DA:1027,0
DA:1030,0
DA:1032,0
DA:1033,0
DA:1034,0
DA:1038,0
DA:1039,0
DA:1040,0
DA:1045,0
DA:1050,0
DA:1052,0
DA:1053,0
DA:1067,0
DA:1069,0
DA:1070,0
DA:1073,0
DA:1078,0
DA:1082,0
DA:1084,0
DA:1085,0
DA:1093,0
DA:1094,0
DA:1095,0
DA:1098,0
DA:1099,0
DA:1102,0
DA:1103,0
DA:1104,0
DA:1108,0
DA:1119,0
DA:1120,0
DA:1121,0
DA:1123,0
DA:1124,0
DA:1125,0
DA:1130,0
DA:1132,0
DA:1133,0
DA:1147,0
DA:1148,0
DA:1149,0
DA:1150,0
DA:1152,0
DA:1154,0
DA:1155,0
DA:1169,0
DA:1170,0
DA:1172,0
DA:1174,0
DA:1175,0
DA:1179,0
DA:1180,0
DA:1181,0
DA:1182,0
DA:1186,0
DA:1187,0
DA:1190,0
DA:1192,0
DA:1199,0
DA:1201,0
DA:1202,0
DA:1206,0
DA:1208,0
DA:1213,0
DA:1217,0
DA:1218,0
DA:1220,0
DA:1224,0
DA:1225,0
DA:1227,0
DA:1229,0
DA:1230,0
DA:1234,0
DA:1235,0
DA:1236,0
DA:1237,0
DA:1241,0
DA:1244,0
DA:1248,0
DA:1254,0
DA:1256,0
DA:1257,0
DA:1261,0
DA:1263,0
DA:1270,0
DA:1272,0
DA:1274,0
DA:1276,0
DA:1280,0
DA:1283,0
DA:1284,0
DA:1285,0
DA:1288,0
DA:1290,0
DA:1294,0
DA:1299,0
DA:1300,0
DA:1301,0
DA:1302,0
DA:1305,0
DA:1306,0
DA:1307,0
DA:1311,0
DA:1312,0
DA:1313,0
DA:1317,0
DA:1318,0
DA:1320,0
DA:1323,0
DA:1325,0
DA:1331,0
DA:1335,0
DA:1336,0
DA:1339,0
DA:1341,0
DA:1349,0
DA:1351,0
DA:1352,0
DA:1354,0
DA:1355,0
DA:1360,0
DA:1361,0
DA:1362,0
DA:1376,0
DA:1377,0
DA:1378,0
DA:1380,0
DA:1381,0
DA:1390,0
DA:1393,0
DA:1394,0
DA:1395,0
DA:1397,0
DA:1399,0
DA:1402,0
DA:1403,0
DA:1406,0
DA:1414,0
DA:1415,0
DA:1417,0
DA:1418,0
DA:1423,0
DA:1424,0
DA:1425,0
DA:1426,0
DA:1427,0
DA:1429,0
DA:1431,0
DA:1432,0
DA:1435,0
DA:1441,0
DA:1442,0
DA:1443,0
DA:1444,0
DA:1445,0
DA:1447,0
DA:1450,0
DA:1462,0
DA:1463,0
DA:1464,0
DA:1466,0
DA:1467,0
DA:1470,0
DA:1471,0
DA:1472,0
DA:1474,0
DA:1475,0
DA:1477,0
DA:1487,0
DA:1489,0
DA:1490,0
DA:1494,0
LF:441
LH:0
BRDA:290,0,0,0
BRDA:378,1,0,0
BRDA:393,2,0,0
BRDA:402,3,0,0
BRDA:410,4,0,0
BRDA:410,4,1,0
BRDA:414,5,0,0
BRDA:433,6,0,0
BRDA:492,7,0,0
BRDA:498,8,0,0
BRDA:504,9,0,0
BRDA:510,10,0,0
BRDA:510,10,1,0
BRDA:526,11,0,0
BRDA:526,11,1,0
BRDA:528,12,0,0
BRDA:528,12,1,0
BRDA:538,13,0,0
BRDA:538,13,1,0
BRDA:565,14,0,0
BRDA:565,15,0,0
BRDA:565,15,1,0
BRDA:571,16,0,0
BRDA:571,17,0,0
BRDA:571,17,1,0
BRDA:578,18,0,0
BRDA:585,19,0,0
BRDA:609,20,0,0
BRDA:609,21,0,0
BRDA:609,21,1,0
BRDA:613,22,0,0
BRDA:616,23,0,0
BRDA:621,24,0,0
BRDA:631,25,0,0
BRDA:662,26,0,0
BRDA:662,26,1,0
BRDA:693,27,0,0
BRDA:693,28,0,0
BRDA:693,28,1,0
BRDA:716,29,0,0
BRDA:716,29,1,0
BRDA:717,30,0,0
BRDA:717,30,1,0
BRDA:721,31,0,0
BRDA:732,32,0,0
BRDA:732,32,1,0
BRDA:754,33,0,0
BRDA:792,34,0,0
BRDA:795,35,0,0
BRDA:798,36,0,0
BRDA:861,37,0,0
BRDA:864,38,0,0
BRDA:877,39,0,0
BRDA:887,40,0,0
BRDA:887,41,0,0
BRDA:887,41,1,0
BRDA:934,42,0,0
BRDA:934,42,1,0
BRDA:967,43,0,0
BRDA:967,44,0,0
BRDA:967,44,1,0
BRDA:974,45,0,0
BRDA:986,46,0,0
BRDA:986,46,1,0
BRDA:989,47,0,0
BRDA:989,47,1,0
BRDA:1009,48,0,0
BRDA:1009,48,1,0
BRDA:1011,49,0,0
BRDA:1020,50,0,0
BRDA:1032,51,0,0
BRDA:1038,52,0,0
BRDA:1050,53,0,0
BRDA:1050,53,1,0
BRDA:1070,54,0,0
BRDA:1073,55,0,0
BRDA:1074,56,0,0
BRDA:1074,56,1,0
BRDA:1074,56,2,0
BRDA:1093,57,0,0
BRDA:1102,58,0,0
BRDA:1102,58,1,0
BRDA:1104,59,0,0
BRDA:1105,60,0,0
BRDA:1105,60,1,0
BRDA:1121,61,0,0
BRDA:1124,62,0,0
BRDA:1150,63,0,0
BRDA:1174,64,0,0
BRDA:1174,65,0,0
BRDA:1174,65,1,0
BRDA:1181,66,0,0
BRDA:1217,67,0,0
BRDA:1229,68,0,0
BRDA:1229,69,0,0
BRDA:1229,69,1,0
BRDA:1236,70,0,0
BRDA:1272,71,0,0
BRDA:1273,72,0,0
BRDA:1273,72,1,0
BRDA:1285,73,0,0
BRDA:1285,73,1,0
BRDA:1305,74,0,0
BRDA:1305,75,0,0
BRDA:1305,75,1,0
BRDA:1311,76,0,0
BRDA:1311,77,0,0
BRDA:1311,77,1,0
BRDA:1335,78,0,0
BRDA:1363,79,0,0
BRDA:1363,79,1,0
BRDA:1393,80,0,0
BRDA:1394,81,0,0
BRDA:1395,82,0,0
BRDA:1425,83,0,0
BRDA:1464,84,0,0
BRDA:1464,84,1,0
BRDA:1466,85,0,0
BRDA:1472,86,0,0
BRF:119
BRH:0
end_of_record
TN:
SF:src/blockchain/consensus/voting/util.ts
FN:39,(anonymous_0)
FN:68,(anonymous_1)
FN:125,(anonymous_2)
FN:132,(anonymous_3)
FN:143,(anonymous_4)
FN:153,(anonymous_5)
FN:162,(anonymous_6)
FN:167,(anonymous_7)
FN:199,(anonymous_8)
FN:260,(anonymous_9)
FN:273,(anonymous_10)
FN:274,(anonymous_11)
FN:276,(anonymous_12)
FN:282,(anonymous_13)
FN:293,(anonymous_14)
FN:311,(anonymous_15)
FN:339,(anonymous_16)
FNF:17
FNH:13
FNDA:6,(anonymous_0)
FNDA:3,(anonymous_1)
FNDA:2,(anonymous_2)
FNDA:2,(anonymous_3)
FNDA:2,(anonymous_4)
FNDA:2,(anonymous_5)
FNDA:1,(anonymous_6)
FNDA:2,(anonymous_7)
FNDA:0,(anonymous_8)
FNDA:4,(anonymous_9)
FNDA:4,(anonymous_10)
FNDA:0,(anonymous_11)
FNDA:0,(anonymous_12)
FNDA:4,(anonymous_13)
FNDA:4,(anonymous_14)
FNDA:6,(anonymous_15)
FNDA:0,(anonymous_16)
DA:1,1
DA:2,1
DA:3,1
DA:6,1
DA:10,1
DA:11,1
DA:12,1
DA:13,1
DA:14,1
DA:15,1
DA:26,1
DA:27,6
DA:31,6
DA:40,6
DA:41,6
DA:43,6
DA:44,6
DA:48,6
DA:49,6
DA:73,3
DA:74,3
DA:75,3
DA:77,3
DA:79,3
DA:80,2
DA:86,2
DA:87,2
DA:90,2
DA:91,2
DA:94,1
DA:130,2
DA:132,2
DA:133,2
DA:137,1
DA:141,1
DA:142,1
DA:144,2
DA:145,2
DA:147,0
DA:148,0
DA:153,2
DA:163,1
DA:167,2
DA:172,1
DA:173,2
DA:174,2
DA:175,1
DA:177,1
DA:180,0
DA:185,1
DA:186,1
DA:189,1
DA:205,0
DA:206,0
DA:208,0
DA:209,0
DA:210,0
DA:211,0
DA:214,0
DA:217,0
DA:218,0
DA:219,0
DA:220,0
DA:223,0
DA:226,0
DA:237,0
DA:239,0
DA:241,0
DA:242,0
DA:244,0
DA:245,0
DA:246,0
DA:248,0
DA:265,4
DA:268,0
DA:271,4
DA:274,4
DA:277,0
DA:278,0
DA:287,4
DA:288,1
DA:289,1
DA:293,4
DA:294,3
DA:295,0
DA:296,0
DA:300,3
DA:312,6
DA:313,6
DA:314,6
DA:317,6
DA:318,6
DA:322,6
DA:323,6
DA:327,6
DA:328,6
DA:331,0
DA:332,0
DA:340,0
DA:341,0
DA:342,0
LF:101
LH:67
BRDA:79,0,0,2
BRDA:133,1,0,1
BRDA:134,2,0,2
BRDA:134,2,1,1
BRDA:145,3,0,2
BRDA:145,3,1,0
BRDA:174,4,0,1
BRDA:174,4,1,1
BRDA:187,5,0,1
BRDA:187,5,1,0
BRDA:209,6,0,0
BRDA:217,7,0,0
BRDA:223,8,0,0
BRDA:244,9,0,0
BRDA:265,10,0,0
BRDA:287,11,0,1
BRDA:287,12,0,4
BRDA:287,12,1,3
BRDA:287,12,2,3
BRDA:294,13,0,0
BRDA:317,14,0,6
BRDA:322,15,0,6
BRDA:327,16,0,6
BRF:23
BRH:15
end_of_record
TN:
SF:src/blockchain/utils/blockchain-stats-error.ts
FN:2,(anonymous_0)
FNF:1
FNH:0
FNDA:0,(anonymous_0)
DA:1,0
DA:4,0
DA:5,0
DA:7,0
DA:8,0
LF:5
LH:0
BRF:0
BRH:0
end_of_record
TN:
SF:src/blockchain/utils/consensus.error.ts
FN:2,(anonymous_0)
FN:12,(anonymous_1)
FNF:2
FNH:0
FNDA:0,(anonymous_0)
FNDA:0,(anonymous_1)
DA:1,0
DA:4,0
DA:5,0
DA:7,0
DA:8,0
DA:9,0
DA:13,0
LF:7
LH:0
BRF:0
BRH:0
end_of_record
TN:
SF:src/blockchain/utils/constants.ts
FNF:0
FNH:0
DA:1,2
DA:236,2
LF:2
LH:2
BRDA:97,0,0,2
BRDA:97,0,1,2
BRF:2
BRH:2
end_of_record
TN:
SF:src/blockchain/utils/validation.error.ts
FN:2,(anonymous_0)
FN:12,(anonymous_1)
FNF:2
FNH:0
FNDA:0,(anonymous_0)
FNDA:0,(anonymous_1)
DA:1,0
DA:4,0
DA:5,0
DA:7,0
DA:8,0
DA:9,0
DA:13,0
LF:7
[...]
DA:88,0
DA:93,0
DA:95,0
DA:96,0
DA:99,0
DA:100,0
DA:101,0
DA:103,0
DA:104,0
DA:107,0
LF:43
LH:0
BRDA:25,0,0,0
BRDA:26,1,0,0
BRDA:26,1,1,0
BRDA:44,2,0,0
BRDA:44,2,1,0
BRDA:46,3,0,0
BRDA:46,3,1,0
BRDA:75,4,0,0
BRDA:95,5,0,0
BRDA:99,6,0,0
BRDA:99,6,1,0
BRDA:103,7,0,0
BRF:12
BRH:0
end_of_record
TN:
SF:src/utils/wasm-loader.ts
FN:1,loadWasmModule
FNF:1
FNH:0
FNDA:0,loadWasmModule
DA:1,0
DA:4,0
DA:5,0
DA:6,0
LF:4
LH:0
BRF:0
BRH:0
end_of_record
TN:
SF:src/validators/block.validator.ts
FN:17,(anonymous_1)
FN:26,(anonymous_2)
FN:66,(anonymous_3)
FN:92,(anonymous_4)
FN:93,(anonymous_5)
FN:94,(anonymous_6)
FN:105,(anonymous_7)
FN:125,(anonymous_8)
FN:151,(anonymous_9)
FN:173,(anonymous_10)
FN:185,(anonymous_11)
FN:204,(anonymous_12)
FN:214,(anonymous_13)
FN:226,(anonymous_14)
FN:242,(anonymous_15)
FN:261,(anonymous_16)
FN:270,(anonymous_17)
FN:274,(anonymous_18)
FN:278,(anonymous_19)
FN:287,(anonymous_20)
FN:288,(anonymous_21)
FN:300,(anonymous_22)
FN:321,(anonymous_23)
FN:339,(anonymous_24)
FN:347,(anonymous_25)
FN:361,(anonymous_26)
FN:385,(anonymous_27)
FN:412,(anonymous_28)
FN:428,(anonymous_29)
FN:437,(anonymous_30)
FN:443,(anonymous_31)
FN:446,(anonymous_32)
FN:453,(anonymous_33)
FN:457,(anonymous_34)
FN:521,(anonymous_35)
FN:554,(anonymous_36)
FN:559,(anonymous_37)
FN:563,(anonymous_38)
FN:579,(anonymous_39)
FN:591,(anonymous_40)
FN:616,(anonymous_41)
FN:628,(anonymous_42)
FN:650,(anonymous_43)
FN:659,(anonymous_44)
FN:663,(anonymous_45)
FN:667,(anonymous_46)
FNF:46
FNH:0
FNDA:0,(anonymous_1)
FNDA:0,(anonymous_2)
FNDA:0,(anonymous_3)
FNDA:0,(anonymous_4)
FNDA:0,(anonymous_5)
FNDA:0,(anonymous_6)
FNDA:0,(anonymous_7)
FNDA:0,(anonymous_8)
FNDA:0,(anonymous_9)
FNDA:0,(anonymous_10)
FNDA:0,(anonymous_11)
FNDA:0,(anonymous_12)
FNDA:0,(anonymous_13)
FNDA:0,(anonymous_14)
FNDA:0,(anonymous_15)
FNDA:0,(anonymous_16)
FNDA:0,(anonymous_17)
FNDA:0,(anonymous_18)
FNDA:0,(anonymous_19)
FNDA:0,(anonymous_20)
FNDA:0,(anonymous_21)
FNDA:0,(anonymous_22)
FNDA:0,(anonymous_23)
FNDA:0,(anonymous_24)
FNDA:0,(anonymous_25)
FNDA:0,(anonymous_26)
FNDA:0,(anonymous_27)
FNDA:0,(anonymous_28)
FNDA:0,(anonymous_29)
FNDA:0,(anonymous_30)
FNDA:0,(anonymous_31)
FNDA:0,(anonymous_32)
FNDA:0,(anonymous_33)
FNDA:0,(anonymous_34)
FNDA:0,(anonymous_35)
FNDA:0,(anonymous_36)
FNDA:0,(anonymous_37)
FNDA:0,(anonymous_38)
FNDA:0,(anonymous_39)
FNDA:0,(anonymous_40)
FNDA:0,(anonymous_41)
FNDA:0,(anonymous_42)
FNDA:0,(anonymous_43)
FNDA:0,(anonymous_44)
FNDA:0,(anonymous_45)
FNDA:0,(anonymous_46)
DA:2,0
DA:4,0
DA:5,0
DA:7,0
DA:8,0
DA:11,0
DA:12,0
DA:13,0
DA:14,0
DA:16,0
DA:19,0
DA:21,0
DA:22,0
DA:26,0
DA:27,0
DA:28,0
DA:39,0
DA:46,0
DA:47,0
DA:50,0
DA:53,0
DA:66,0
DA:71,0
DA:72,0
DA:78,0
DA:79,0
DA:81,0
DA:82,0
DA:86,0
DA:88,0
DA:93,0
DA:94,0
DA:95,0
DA:110,0
DA:111,0
DA:112,0
DA:113,0
DA:114,0
DA:115,0
DA:117,0
DA:118,0
DA:121,0
DA:122,0
DA:126,0
DA:127,0
DA:133,0
DA:141,0
DA:142,0
DA:143,0
DA:153,0
DA:154,0
DA:161,0
DA:164,0
DA:165,0
DA:166,0
DA:174,0
DA:175,0
DA:177,0
DA:181,0
DA:189,0
DA:190,0
DA:196,0
DA:197,0
DA:205,0
DA:206,0
DA:207,0
DA:218,0
DA:220,0
DA:221,0
DA:222,0
DA:229,0
DA:230,0
DA:236,0
DA:237,0
DA:239,0
DA:240,0
DA:241,0
DA:242,0
DA:244,0
DA:247,0
DA:248,0
DA:249,0
DA:250,0
DA:251,0
DA:252,0
DA:253,0
DA:255,0
DA:258,0
DA:262,0
DA:267,0
DA:271,0
DA:275,0
DA:279,0
DA:280,0
DA:284,0
DA:288,0
DA:289,0
DA:292,0
DA:293,0
DA:301,0
DA:302,0
DA:303,0
DA:309,0
DA:310,0
DA:311,0
DA:314,0
DA:316,0
DA:317,0
DA:326,0
DA:327,0
DA:330,0
DA:331,0
DA:332,0
DA:334,0
DA:340,0
DA:348,0
DA:349,0
DA:356,0
DA:357,0
DA:366,0
DA:367,0
DA:374,0
DA:375,0
DA:376,0
DA:377,0
DA:379,0
DA:380,0
DA:386,0
DA:387,0
DA:388,0
DA:389,0
DA:390,0
DA:393,0
DA:398,0
DA:399,0
DA:402,0
DA:403,0
DA:407,0
DA:408,0
DA:413,0
DA:414,0
DA:416,0
DA:417,0
DA:421,0
DA:434,0
DA:438,0
DA:439,0
DA:440,0
DA:444,0
DA:446,0
DA:448,0
DA:450,0
DA:454,0
DA:458,0
DA:460,0
DA:461,0
DA:463,0
DA:464,0
DA:468,0
DA:469,0
DA:470,0
DA:473,0
DA:479,0
DA:488,0
DA:494,0
DA:496,0
DA:499,0
DA:501,0
DA:503,0
DA:514,0
DA:516,0
DA:517,0
DA:522,0
DA:524,0
DA:528,0
DA:532,0
DA:533,0
DA:534,0
DA:535,0
DA:539,0
DA:542,0
DA:547,0
DA:549,0
DA:550,0
DA:555,0
DA:557,0
DA:558,0
DA:559,0
DA:562,0
DA:564,0
DA:571,0
DA:573,0
DA:574,0
DA:580,0
DA:582,0
DA:583,0
DA:590,0
DA:592,0
DA:593,0
DA:601,0
DA:608,0
DA:609,0
DA:615,0
DA:616,0
DA:620,0
DA:621,0
DA:631,0
DA:632,0
DA:640,0
DA:642,0
DA:646,0
DA:651,0
DA:652,0
DA:654,0
DA:660,0
DA:664,0
DA:668,0
LF:217
LH:0
BRDA:81,0,0,0
BRDA:81,0,1,0
BRDA:117,1,0,0
BRDA:126,2,0,0
BRDA:126,3,0,0
BRDA:126,3,1,0
BRDA:126,3,2,0
BRDA:142,4,0,0
BRDA:153,5,0,0
BRDA:165,6,0,0
BRDA:177,7,0,0
BRDA:178,8,0,0
BRDA:178,8,1,0
BRDA:189,9,0,0
BRDA:196,10,0,0
BRDA:206,11,0,0
BRDA:229,12,0,0
BRDA:251,13,0,0
BRDA:251,13,1,0
BRDA:279,14,0,0
BRDA:279,15,0,0
BRDA:279,15,1,0
BRDA:288,16,0,0
BRDA:288,16,1,0
BRDA:289,17,0,0
BRDA:289,17,1,0
BRDA:292,18,0,0
BRDA:309,19,0,0
BRDA:326,20,0,0
BRDA:331,21,0,0
BRDA:331,21,1,0
BRDA:331,22,0,0
BRDA:331,22,1,0
BRDA:341,23,0,0
BRDA:341,23,1,0
BRDA:341,23,2,0
BRDA:348,24,0,0
BRDA:348,25,0,0
BRDA:348,25,1,0
BRDA:356,26,0,0
BRDA:366,27,0,0
BRDA:376,28,0,0
BRDA:379,29,0,0
BRDA:388,30,0,0
BRDA:398,31,0,0
BRDA:403,32,0,0
BRDA:403,32,1,0
BRDA:414,33,0,0
BRDA:414,33,1,0
BRDA:463,34,0,0
BRDA:463,35,0,0
BRDA:463,35,1,0
BRDA:524,36,0,0
BRDA:525,37,0,0
BRDA:525,37,1,0
BRDA:533,38,0,0
BRDA:550,39,0,0
BRDA:550,39,1,0
BRDA:562,40,0,0
BRDA:562,40,1,0
BRDA:565,41,0,0
BRDA:565,41,1,0
BRDA:580,42,0,0
BRDA:580,42,1,0
BRDA:582,43,0,0
BRDA:603,44,0,0
BRDA:603,44,1,0
BRDA:616,45,0,0
BRDA:616,45,1,0
BRDA:620,46,0,0
BRDA:635,47,0,0
BRDA:635,47,1,0
BRDA:636,48,0,0
BRDA:636,48,1,0
BRF:74
BRH:0
end_of_record
TN:
SF:src/validators/transaction-validation-error.ts
FN:4,(anonymous_0)
FNF:1
FNH:0
FNDA:0,(anonymous_0)
DA:1,0
DA:3,0
DA:6,0
DA:8,0
DA:9,0
LF:5
LH:0
BRF:0
BRH:0
end_of_record
TN:
SF:src/validators/transaction.validator.ts
FN:22,(anonymous_0)
FN:46,(anonymous_1)
FN:108,(anonymous_2)
FN:148,(anonymous_3)
FN:216,(anonymous_4)
FN:222,(anonymous_5)
FN:233,(anonymous_6)
FN:244,(anonymous_7)
FN:247,(anonymous_8)
FN:249,(anonymous_9)
FN:269,(anonymous_10)
FN:284,(anonymous_11)
FN:320,(anonymous_12)
FN:328,(anonymous_13)
FN:364,(anonymous_14)
FN:399,(anonymous_15)
FN:417,(anonymous_16)
FN:431,(anonymous_17)
FN:442,(anonymous_18)
FN:470,(anonymous_19)
FN:509,(anonymous_20)
FN:526,(anonymous_21)
FN:539,(anonymous_22)
FN:555,(anonymous_23)
FN:584,(anonymous_24)
FNF:25
FNH:0
FNDA:0,(anonymous_0)
FNDA:0,(anonymous_1)
FNDA:0,(anonymous_2)
FNDA:0,(anonymous_3)
FNDA:0,(anonymous_4)
FNDA:0,(anonymous_5)
FNDA:0,(anonymous_6)
FNDA:0,(anonymous_7)
FNDA:0,(anonymous_8)
FNDA:0,(anonymous_9)
FNDA:0,(anonymous_10)
FNDA:0,(anonymous_11)
FNDA:0,(anonymous_12)
FNDA:0,(anonymous_13)
FNDA:0,(anonymous_14)
FNDA:0,(anonymous_15)
FNDA:0,(anonymous_16)
FNDA:0,(anonymous_17)
FNDA:0,(anonymous_18)
FNDA:0,(anonymous_19)
FNDA:0,(anonymous_20)
FNDA:0,(anonymous_21)
FNDA:0,(anonymous_22)
FNDA:0,(anonymous_23)
FNDA:0,(anonymous_24)
DA:1,0
DA:7,0
DA:8,0
DA:9,0
DA:10,0
DA:11,0
DA:12,0
DA:13,0
DA:14,0
DA:16,0
DA:17,0
DA:18,0
DA:19,0
DA:20,0
DA:27,0
DA:28,0
DA:29,0
DA:31,0
DA:32,0
DA:33,0
DA:34,0
DA:37,0
DA:39,0
DA:40,0
DA:42,0
DA:51,0
DA:52,0
DA:59,0
DA:63,0
DA:70,0
DA:71,0
DA:78,0
DA:79,0
DA:86,0
DA:89,0
DA:92,0
DA:93,0
DA:100,0
DA:101,0
DA:110,0
DA:111,0
DA:118,0
DA:119,0
DA:120,0
DA:127,0
DA:128,0
DA:130,0
DA:131,0
DA:138,0
DA:139,0
DA:140,0
DA:141,0
DA:154,0
DA:155,0
DA:162,0
DA:168,0
DA:175,0
DA:176,0
DA:178,0
DA:181,0
DA:188,0
DA:195,0
DA:196,0
DA:202,0
DA:206,0
DA:213,0
DA:220,0
DA:221,0
DA:222,0
DA:227,0
DA:230,0
DA:234,0
DA:236,0
DA:237,0
DA:244,0
DA:245,0
DA:248,0
DA:249,0
DA:256,0
DA:258,0
DA:259,0
DA:260,0
DA:262,0
DA:272,0
DA:274,0
DA:284,0
DA:285,0
DA:289,0
DA:293,0
DA:294,0
DA:301,0
DA:303,0
DA:304,0
DA:310,0
DA:312,0
DA:313,0
DA:321,0
DA:332,0
DA:333,0
DA:334,0
DA:341,0
DA:345,0
DA:352,0
DA:353,0
DA:354,0
DA:362,0
DA:363,0
DA:364,0
DA:368,0
DA:369,0
DA:376,0
DA:377,0
DA:378,0
DA:379,0
DA:380,0
DA:385,0
DA:388,0
DA:389,0
DA:390,0
DA:392,0
DA:403,0
DA:404,0
DA:405,0
DA:406,0
DA:407,0
DA:412,0
DA:414,0
DA:421,0
DA:422,0
DA:423,0
DA:424,0
DA:425,0
DA:428,0
DA:432,0
DA:433,0
DA:434,0
DA:435,0
DA:437,0
DA:438,0
DA:446,0
DA:447,0
DA:449,0
DA:450,0
DA:451,0
DA:452,0
DA:453,0
DA:456,0
DA:457,0
DA:460,0
DA:461,0
DA:466,0
DA:471,0
DA:473,0
DA:474,0
DA:481,0
DA:482,0
DA:483,0
DA:484,0
DA:485,0
DA:488,0
DA:489,0
DA:490,0
DA:491,0
DA:493,0
DA:496,0
DA:499,0
DA:501,0
DA:502,0
DA:513,0
DA:514,0
DA:520,0
DA:527,0
DA:528,0
DA:529,0
DA:531,0
DA:532,0
DA:540,0
DA:541,0
DA:542,0
DA:544,0
DA:545,0
DA:556,0
DA:558,0
DA:571,0
DA:573,0
DA:574,0
DA:585,0
DA:586,0
DA:587,0
DA:593,0
DA:598,0
DA:599,0
LF:192
LH:0
BRDA:31,0,0,0
BRDA:31,0,1,0
BRDA:33,1,0,0
BRDA:51,2,0,0
BRDA:59,3,0,0
BRDA:60,4,0,0
BRDA:60,4,1,0
BRDA:70,5,0,0
BRDA:70,6,0,0
BRDA:70,6,1,0
BRDA:70,6,2,0
BRDA:78,7,0,0
BRDA:92,8,0,0
BRDA:100,9,0,0
BRDA:110,10,0,0
BRDA:110,11,0,0
BRDA:110,11,1,0
BRDA:119,12,0,0
BRDA:130,13,0,0
BRDA:140,14,0,0
BRDA:154,15,0,0
BRDA:162,16,0,0
BRDA:163,17,0,0
BRDA:163,17,1,0
BRDA:163,17,2,0
BRDA:163,17,3,0
BRDA:178,18,0,0
BRDA:189,19,0,0
BRDA:189,19,1,0
BRDA:195,20,0,0
BRDA:202,21,0,0
BRDA:236,22,0,0
BRDA:259,23,0,0
BRDA:285,24,0,0
BRDA:285,24,1,0
BRDA:293,25,0,0
BRDA:303,26,0,0
BRDA:322,27,0,0
BRDA:322,27,1,0
BRDA:322,27,2,0
BRDA:333,28,0,0
BRDA:333,29,0,0
BRDA:333,29,1,0
BRDA:341,30,0,0
BRDA:342,31,0,0
BRDA:342,31,1,0
BRDA:353,32,0,0
BRDA:368,33,0,0
BRDA:379,34,0,0
BRDA:389,35,0,0
BRDA:406,36,0,0
BRDA:406,37,0,0
BRDA:406,37,1,0
BRDA:424,38,0,0
BRDA:424,39,0,0
BRDA:424,39,1,0
BRDA:435,40,0,0
BRDA:435,40,1,0
BRDA:456,41,0,0
BRDA:473,42,0,0
BRDA:484,43,0,0
BRDA:484,43,1,0
BRDA:490,44,0,0
BRDA:490,44,1,0
BRDA:513,45,0,0
BRDA:513,46,0,0
BRDA:513,46,1,0
BRDA:586,47,0,0
BRDA:594,48,0,0
BRDA:594,48,1,0
BRF:70
BRH:0
end_of_record
TN:
SF:src/wallet/keystore.ts
FN:19,(anonymous_10)
FN:32,(anonymous_11)
FN:84,(anonymous_12)
FN:90,(anonymous_13)
FN:111,(anonymous_14)
FN:136,(anonymous_15)
FN:164,(anonymous_16)
FN:218,(anonymous_17)
FN:261,(anonymous_18)
FN:280,(anonymous_19)
FN:284,(anonymous_20)
FN:304,(anonymous_21)
FN:327,(anonymous_22)
FN:336,(anonymous_23)
FN:361,(anonymous_24)
FN:381,(anonymous_25)
FN:399,(anonymous_26)
FN:415,(anonymous_27)
FN:432,(anonymous_28)
FN:515,(anonymous_29)
FN:560,(anonymous_30)
FN:568,(anonymous_31)
FN:586,(anonymous_32)
FN:606,(anonymous_33)
FN:616,(anonymous_34)
FN:670,(anonymous_35)
FN:685,(anonymous_36)
FN:689,(anonymous_37)
FN:724,(anonymous_38)
FN:753,(anonymous_39)
FNF:30
FNH:0
FNDA:0,(anonymous_10)
FNDA:0,(anonymous_11)
FNDA:0,(anonymous_12)
FNDA:0,(anonymous_13)
FNDA:0,(anonymous_14)
FNDA:0,(anonymous_15)
FNDA:0,(anonymous_16)
FNDA:0,(anonymous_17)
FNDA:0,(anonymous_18)
FNDA:0,(anonymous_19)
FNDA:0,(anonymous_20)
FNDA:0,(anonymous_21)
FNDA:0,(anonymous_22)
FNDA:0,(anonymous_23)
FNDA:0,(anonymous_24)
FNDA:0,(anonymous_25)
FNDA:0,(anonymous_26)
FNDA:0,(anonymous_27)
FNDA:0,(anonymous_28)
FNDA:0,(anonymous_29)
FNDA:0,(anonymous_30)
FNDA:0,(anonymous_31)
FNDA:0,(anonymous_32)
FNDA:0,(anonymous_33)
FNDA:0,(anonymous_34)
FNDA:0,(anonymous_35)
FNDA:0,(anonymous_36)
FNDA:0,(anonymous_37)
FNDA:0,(anonymous_38)
FNDA:0,(anonymous_39)
DA:1,0
DA:7,0
DA:8,0
DA:9,0
DA:10,0
DA:12,0
DA:13,0
DA:14,0
DA:15,0
DA:17,0
DA:19,0
DA:20,0
DA:21,0
DA:22,0
DA:23,0
DA:24,0
DA:25,0
DA:26,0
DA:27,0
DA:28,0
DA:31,0
DA:34,0
DA:36,0
DA:37,0
DA:63,0
DA:64,0
DA:65,0
DA:66,0
DA:67,0
DA:73,0
DA:74,0
DA:76,0
DA:77,0
DA:78,0
DA:80,0
DA:81,0
DA:82,0
DA:85,0
DA:95,0
DA:96,0
DA:97,0
DA:98,0
DA:100,0
DA:104,0
DA:115,0
DA:116,0
DA:117,0
DA:119,0
DA:120,0
DA:121,0
DA:123,0
DA:125,0
DA:129,0
DA:140,0
DA:141,0
DA:142,0
DA:144,0
DA:145,0
DA:149,0
DA:150,0
DA:153,0
DA:156,0
DA:157,0
DA:159,0
DA:160,0
DA:169,0
DA:170,0
DA:172,0
DA:173,0
DA:174,0
DA:180,0
DA:183,0
DA:188,0
DA:190,0
DA:207,0
DA:211,0
DA:222,0
DA:223,0
DA:224,0
DA:226,0
DA:232,0
DA:239,0
DA:245,0
DA:246,0
DA:248,0
DA:250,0
DA:254,0
DA:262,0
DA:263,0
DA:264,0
DA:265,0
DA:270,0
DA:272,0
DA:276,0
DA:281,0
DA:289,0
DA:290,0
DA:291,0
DA:292,0
DA:294,0
DA:299,0
DA:300,0
DA:309,0
DA:310,0
DA:312,0
DA:314,0
DA:315,0
DA:320,0
DA:332,0
DA:333,0
DA:342,0
DA:348,0
DA:354,0
DA:366,0
DA:367,0
DA:368,0
DA:373,0
DA:374,0
DA:382,0
DA:383,0
DA:387,0
DA:388,0
DA:395,0
DA:402,0
DA:403,0
DA:405,0
DA:406,0
DA:408,0
DA:416,0
DA:417,0
DA:419,0
DA:420,0
DA:425,0
DA:434,0
DA:435,0
DA:442,0
DA:446,0
DA:453,0
DA:458,0
DA:462,0
DA:463,0
DA:470,0
DA:471,0
DA:478,0
DA:482,0
DA:486,0
DA:491,0
DA:495,0
DA:496,0
DA:503,0
DA:506,0
DA:511,0
DA:525,0
DA:526,0
DA:529,0
DA:536,0
DA:537,0
DA:541,0
DA:548,0
DA:553,0
DA:561,0
DA:562,0
DA:564,0
DA:571,0
DA:572,0
DA:573,0
DA:574,0
DA:575,0
DA:576,0
DA:577,0
DA:578,0
DA:580,0
DA:581,0
DA:587,0
DA:588,0
DA:589,0
DA:590,0
DA:592,0
DA:593,0
DA:594,0
DA:595,0
DA:602,0
DA:607,0
DA:611,0
DA:612,0
DA:613,0
DA:620,0
DA:622,0
DA:623,0
DA:626,0
DA:627,0
DA:628,0
DA:632,0
DA:636,0
DA:637,0
DA:638,0
DA:640,0
DA:641,0
DA:645,0
DA:651,0
DA:654,0
DA:655,0
DA:656,0
DA:658,0
DA:659,0
DA:660,0
DA:662,0
DA:663,0
DA:671,0
DA:672,0
DA:673,0
DA:674,0
DA:677,0
DA:678,0
DA:680,0
DA:681,0
DA:686,0
DA:690,0
DA:691,0
DA:692,0
DA:698,0
DA:699,0
DA:700,0
DA:706,0
DA:712,0
DA:714,0
DA:715,0
DA:725,0
DA:726,0
DA:727,0
DA:730,0
DA:733,0
DA:734,0
DA:737,0
DA:738,0
DA:741,0
DA:743,0
DA:744,0
DA:754,0
DA:755,0
DA:756,0
DA:762,0
DA:764,0
DA:765,0
DA:766,0
DA:772,0
DA:777,0
DA:779,0
DA:780,0
LF:249
LH:0
BRDA:19,0,0,0
BRDA:19,0,1,0
BRDA:106,1,0,0
BRDA:106,1,1,0
BRDA:116,2,0,0
BRDA:120,3,0,0
BRDA:131,4,0,0
BRDA:131,4,1,0
BRDA:144,5,0,0
BRDA:144,6,0,0
BRDA:144,6,1,0
BRDA:149,7,0,0
BRDA:209,8,0,0
BRDA:209,8,1,0
BRDA:213,9,0,0
BRDA:213,9,1,0
BRDA:252,10,0,0
BRDA:252,10,1,0
BRDA:256,11,0,0
BRDA:256,11,1,0
BRDA:291,12,0,0
BRDA:291,13,0,0
BRDA:291,13,1,0
BRDA:314,14,0,0
BRDA:348,15,0,0
BRDA:367,16,0,0
BRDA:367,17,0,0
BRDA:367,17,1,0
BRDA:367,17,2,0
BRDA:373,18,0,0
BRDA:373,19,0,0
BRDA:373,19,1,0
BRDA:373,19,2,0
BRDA:382,20,0,0
BRDA:382,21,0,0
BRDA:382,21,1,0
BRDA:388,22,0,0
BRDA:405,23,0,0
BRDA:419,24,0,0
BRDA:434,25,0,0
BRDA:434,26,0,0
BRDA:434,26,1,0
BRDA:442,27,0,0
BRDA:443,28,0,0
BRDA:443,28,1,0
BRDA:453,29,0,0
BRDA:454,30,0,0
BRDA:454,30,1,0
BRDA:454,30,2,0
BRDA:462,31,0,0
BRDA:462,32,0,0
BRDA:462,32,1,0
BRDA:470,33,0,0
BRDA:478,34,0,0
BRDA:479,35,0,0
BRDA:479,35,1,0
BRDA:486,36,0,0
BRDA:487,37,0,0
BRDA:487,37,1,0
BRDA:487,37,2,0
BRDA:495,38,0,0
BRDA:506,39,0,0
BRDA:507,40,0,0
BRDA:507,40,1,0
BRDA:507,40,2,0
BRDA:525,41,0,0
BRDA:525,42,0,0
BRDA:525,42,1,0
BRDA:537,43,0,0
BRDA:538,44,0,0
BRDA:538,44,1,0
BRDA:548,45,0,0
BRDA:549,46,0,0
BRDA:549,46,1,0
BRDA:549,46,2,0
BRDA:571,47,0,0
BRDA:571,47,1,0
BRDA:573,48,0,0
BRDA:573,48,1,0
BRDA:576,49,0,0
BRDA:577,50,0,0
BRDA:580,51,0,0
BRDA:590,52,0,0
BRDA:592,53,0,0
BRDA:594,54,0,0
BRDA:607,55,0,0
BRDA:607,55,1,0
BRDA:622,56,0,0
BRDA:627,57,0,0
BRDA:645,58,0,0
BRDA:645,58,1,0
BRDA:665,59,0,0
BRDA:665,59,1,0
BRDA:673,60,0,0
BRDA:686,61,0,0
BRDA:686,61,1,0
BRDA:691,62,0,0
BRDA:699,63,0,0
BRDA:717,64,0,0
BRDA:717,64,1,0
BRDA:733,65,0,0
BRDA:737,66,0,0
BRDA:746,67,0,0
BRDA:746,67,1,0
BRDA:755,68,0,0
BRF:105
BRH:0
end_of_record
TN:
SF:src/wallet/wallet.ts
FN:24,(anonymous_9)
FN:33,(anonymous_10)
FN:61,(anonymous_11)
FN:65,(anonymous_12)
FN:71,(anonymous_13)
FN:76,(anonymous_14)
FN:84,(anonymous_15)
FN:112,(anonymous_16)
FN:137,(anonymous_17)
FN:148,(anonymous_18)
FN:171,(anonymous_19)
FN:197,(anonymous_20)
FN:201,(anonymous_21)
FN:205,(anonymous_22)
FN:231,(anonymous_23)
FN:245,(anonymous_24)
FN:269,(anonymous_25)
FN:322,(anonymous_26)
FN:344,(anonymous_27)
FN:349,(anonymous_28)
FN:354,(anonymous_29)
FN:358,(anonymous_30)
FN:404,(anonymous_31)
FN:405,(anonymous_32)
FN:406,(anonymous_33)
FN:430,(anonymous_34)
FN:446,(anonymous_35)
FN:487,(anonymous_36)
FN:542,(anonymous_37)
FN:574,(anonymous_38)
FN:614,(anonymous_39)
FN:618,(anonymous_40)
FNF:32
FNH:0
FNDA:0,(anonymous_9)
FNDA:0,(anonymous_10)
FNDA:0,(anonymous_11)
FNDA:0,(anonymous_12)
FNDA:0,(anonymous_13)
FNDA:0,(anonymous_14)
FNDA:0,(anonymous_15)
FNDA:0,(anonymous_16)
FNDA:0,(anonymous_17)
FNDA:0,(anonymous_18)
FNDA:0,(anonymous_19)
FNDA:0,(anonymous_20)
FNDA:0,(anonymous_21)
FNDA:0,(anonymous_22)
FNDA:0,(anonymous_23)
FNDA:0,(anonymous_24)
FNDA:0,(anonymous_25)
FNDA:0,(anonymous_26)
FNDA:0,(anonymous_27)
FNDA:0,(anonymous_28)
FNDA:0,(anonymous_29)
FNDA:0,(anonymous_30)
FNDA:0,(anonymous_31)
FNDA:0,(anonymous_32)
FNDA:0,(anonymous_33)
FNDA:0,(anonymous_34)
FNDA:0,(anonymous_35)
FNDA:0,(anonymous_36)
FNDA:0,(anonymous_37)
FNDA:0,(anonymous_38)
FNDA:0,(anonymous_39)
FNDA:0,(anonymous_40)
DA:1,0
DA:6,0
DA:7,0
DA:8,0
DA:9,0
DA:14,0
DA:15,0
DA:16,0
DA:17,0
DA:18,0
DA:19,0
DA:20,0
DA:21,0
DA:23,0
DA:26,0
DA:28,0
DA:29,0
DA:33,0
DA:34,0
DA:35,0
DA:36,0
DA:37,0
DA:38,0
DA:39,0
DA:40,0
DA:43,0
DA:44,0
DA:48,0
DA:50,0
DA:51,0
DA:53,0
DA:62,0
DA:66,0
DA:67,0
DA:68,0
DA:69,0
DA:71,0
DA:72,0
DA:77,0
DA:79,0
DA:80,0
DA:85,0
DA:86,0
DA:91,0
DA:92,0
DA:93,0
DA:94,0
DA:97,0
DA:98,0
DA:100,0
DA:101,0
DA:102,0
DA:104,0
DA:105,0
DA:113,0
DA:114,0
DA:115,0
DA:117,0
DA:118,0
DA:124,0
DA:125,0
DA:126,0
DA:127,0
DA:129,0
DA:130,0
DA:138,0
DA:139,0
DA:140,0
DA:141,0
DA:142,0
DA:144,0
DA:149,0
DA:150,0
DA:151,0
DA:152,0
DA:153,0
DA:157,0
DA:159,0
DA:160,0
DA:163,0
DA:175,0
DA:176,0
DA:179,0
DA:181,0
DA:183,0
DA:184,0
DA:186,0
DA:187,0
DA:189,0
DA:190,0
DA:198,0
DA:202,0
DA:206,0
DA:207,0
DA:213,0
DA:215,0
DA:216,0
DA:218,0
DA:219,0
DA:224,0
DA:232,0
DA:233,0
DA:234,0
DA:236,0
DA:237,0
DA:248,0
DA:250,0
DA:251,0
DA:253,0
DA:255,0
DA:256,0
DA:257,0
DA:262,0
DA:273,0
DA:274,0
DA:279,0
DA:281,0
DA:282,0
DA:289,0
DA:292,0
DA:293,0
DA:295,0
DA:296,0
DA:303,0
DA:307,0
DA:308,0
DA:310,0
DA:311,0
DA:312,0
DA:314,0
DA:315,0
DA:323,0
DA:324,0
DA:325,0
DA:326,0
DA:328,0
DA:330,0
DA:333,0
DA:335,0
DA:337,0
DA:338,0
DA:340,0
DA:345,0
DA:346,0
DA:350,0
DA:351,0
DA:355,0
DA:364,0
DA:365,0
DA:368,0
DA:369,0
DA:375,0
DA:377,0
DA:404,0
DA:405,0
DA:406,0
DA:410,0
DA:413,0
DA:420,0
DA:422,0
DA:423,0
DA:431,0
DA:432,0
DA:433,0
DA:435,0
DA:436,0
DA:438,0
DA:447,0
DA:448,0
DA:451,0
DA:453,0
DA:459,0
DA:462,0
DA:465,0
DA:466,0
DA:467,0
DA:469,0
DA:473,0
DA:475,0
DA:476,0
DA:488,0
DA:489,0
DA:492,0
DA:494,0
DA:495,0
DA:496,0
DA:499,0
DA:500,0
DA:501,0
DA:502,0
DA:504,0
DA:505,0
DA:512,0
DA:515,0
DA:518,0
DA:521,0
DA:527,0
DA:529,0
DA:530,0
DA:543,0
DA:544,0
DA:547,0
DA:549,0
DA:552,0
DA:557,0
DA:559,0
DA:560,0
DA:579,0
DA:581,0
DA:587,0
DA:590,0
DA:593,0
DA:596,0
DA:599,0
DA:600,0
DA:602,0
DA:604,0
DA:606,0
DA:607,0
DA:615,0
DA:619,0
DA:620,0
DA:623,0
DA:624,0
DA:629,0
DA:630,0
LF:226
LH:0
BRDA:33,0,0,0
BRDA:33,0,1,0
BRDA:77,1,0,0
BRDA:85,2,0,0
BRDA:85,3,0,0
BRDA:85,3,1,0
BRDA:117,4,0,0
BRDA:140,5,0,0
BRDA:149,6,0,0
BRDA:159,7,0,0
BRDA:175,8,0,0
BRDA:206,9,0,0
BRDA:218,10,0,0
BRDA:236,11,0,0
BRDA:255,12,0,0
BRDA:273,13,0,0
BRDA:273,14,0,0
BRDA:273,14,1,0
BRDA:281,15,0,0
BRDA:295,16,0,0
BRDA:328,17,0,0
BRDA:337,18,0,0
BRDA:364,19,0,0
BRDA:368,20,0,0
BRDA:368,21,0,0
BRDA:368,21,1,0
BRDA:384,22,0,0
BRDA:384,22,1,0
BRDA:435,23,0,0
BRDA:447,24,0,0
BRDA:466,25,0,0
BRDA:466,25,1,0
BRDA:488,26,0,0
BRDA:504,27,0,0
BRDA:543,28,0,0
BRDA:619,29,0,0
BRF:36
BRH:0
end_of_record
TN:
SF:src/wasm/vote-processor.ts
FN:2,(anonymous_0)
FN:39,(anonymous_1)
FN:40,(anonymous_2)
FN:45,(anonymous_3)
FN:52,(anonymous_4)
FN:70,(anonymous_5)
FN:94,(anonymous_6)
FN:99,(anonymous_7)
FN:109,(anonymous_8)
FN:118,(anonymous_9)
FN:124,(anonymous_10)
FNF:11
FNH:0
FNDA:0,(anonymous_0)
FNDA:0,(anonymous_1)
FNDA:0,(anonymous_2)
FNDA:0,(anonymous_3)
FNDA:0,(anonymous_4)
FNDA:0,(anonymous_5)
FNDA:0,(anonymous_6)
FNDA:0,(anonymous_7)
FNDA:0,(anonymous_8)
FNDA:0,(anonymous_9)
FNDA:0,(anonymous_10)
DA:4,0
DA:6,0
DA:7,0
DA:33,0
DA:34,0
DA:35,0
DA:36,0
DA:37,0
DA:40,0
DA:41,0
DA:46,0
DA:47,0
DA:49,0
DA:52,0
DA:56,0
DA:61,0
DA:62,0
DA:63,0
DA:65,0
DA:66,0
DA:71,0
DA:72,0
DA:75,0
DA:76,0
DA:81,0
DA:82,0
DA:84,0
DA:86,0
DA:88,0
DA:90,0
DA:96,0
DA:97,0
DA:99,0
DA:100,0
DA:101,0
DA:102,0
DA:103,0
DA:106,0
DA:111,0
DA:119,0
DA:120,0
DA:125,0
DA:126,0
DA:127,0
LF:44
LH:0
BRDA:71,0,0,0
BRDA:71,1,0,0
BRDA:71,1,1,0
BRDA:75,2,0,0
BRDA:119,3,0,0
BRF:5
BRH:0
end_of_record
